::1 - - [13/Jul/2015:05:31:53 +0000] "GET / HTTP/1.1" 200 4206 "-" "Mozilla/5.0 (Windows NT 6.3; WOW64) AppleWebKit/537.36 (KHTML, like Gecko) Chrome/31.0.1650.63 Safari/537.36 SE 2.X MetaSr 1.0"
::1 - - [13/Jul/2015:05:31:53 +0000] "GET /css/bootstrap.min.css HTTP/1.1" 304 - "http://localhost:1338/" "Mozilla/5.0 (Windows NT 6.3; WOW64) AppleWebKit/537.36 (KHTML, like Gecko) Chrome/31.0.1650.63 Safari/537.36 SE 2.X MetaSr 1.0"
::1 - - [13/Jul/2015:05:31:53 +0000] "GET /js/jquery.js HTTP/1.1" 304 - "http://localhost:1338/" "Mozilla/5.0 (Windows NT 6.3; WOW64) AppleWebKit/537.36 (KHTML, like Gecko) Chrome/31.0.1650.63 Safari/537.36 SE 2.X MetaSr 1.0"
::1 - - [13/Jul/2015:05:31:53 +0000] "GET /js/bootstrap.min.js HTTP/1.1" 304 - "http://localhost:1338/" "Mozilla/5.0 (Windows NT 6.3; WOW64) AppleWebKit/537.36 (KHTML, like Gecko) Chrome/31.0.1650.63 Safari/537.36 SE 2.X MetaSr 1.0"
::1 - - [13/Jul/2015:05:32:02 +0000] "GET /? HTTP/1.1" 200 4206 "http://localhost:1338/" "Mozilla/5.0 (Windows NT 6.3; WOW64) AppleWebKit/537.36 (KHTML, like Gecko) Chrome/31.0.1650.63 Safari/537.36 SE 2.X MetaSr 1.0"
::1 - - [13/Jul/2015:05:32:02 +0000] "GET /css/bootstrap.min.css HTTP/1.1" 304 - "http://localhost:1338/" "Mozilla/5.0 (Windows NT 6.3; WOW64) AppleWebKit/537.36 (KHTML, like Gecko) Chrome/31.0.1650.63 Safari/537.36 SE 2.X MetaSr 1.0"
::1 - - [13/Jul/2015:05:32:02 +0000] "GET /js/jquery.js HTTP/1.1" 304 - "http://localhost:1338/" "Mozilla/5.0 (Windows NT 6.3; WOW64) AppleWebKit/537.36 (KHTML, like Gecko) Chrome/31.0.1650.63 Safari/537.36 SE 2.X MetaSr 1.0"
::1 - - [13/Jul/2015:05:32:02 +0000] "GET /js/bootstrap.min.js HTTP/1.1" 304 - "http://localhost:1338/" "Mozilla/5.0 (Windows NT 6.3; WOW64) AppleWebKit/537.36 (KHTML, like Gecko) Chrome/31.0.1650.63 Safari/537.36 SE 2.X MetaSr 1.0"
::1 - - [13/Jul/2015:05:34:28 +0000] "GET /? HTTP/1.1" 304 - "http://localhost:1338/?" "Mozilla/5.0 (Windows NT 6.3; WOW64) AppleWebKit/537.36 (KHTML, like Gecko) Chrome/31.0.1650.63 Safari/537.36 SE 2.X MetaSr 1.0"
::1 - - [13/Jul/2015:05:34:28 +0000] "GET /css/bootstrap.min.css HTTP/1.1" 304 - "http://localhost:1338/" "Mozilla/5.0 (Windows NT 6.3; WOW64) AppleWebKit/537.36 (KHTML, like Gecko) Chrome/31.0.1650.63 Safari/537.36 SE 2.X MetaSr 1.0"
::1 - - [13/Jul/2015:05:34:28 +0000] "GET /js/jquery.js HTTP/1.1" 304 - "http://localhost:1338/" "Mozilla/5.0 (Windows NT 6.3; WOW64) AppleWebKit/537.36 (KHTML, like Gecko) Chrome/31.0.1650.63 Safari/537.36 SE 2.X MetaSr 1.0"
::1 - - [13/Jul/2015:05:34:28 +0000] "GET /js/bootstrap.min.js HTTP/1.1" 304 - "http://localhost:1338/" "Mozilla/5.0 (Windows NT 6.3; WOW64) AppleWebKit/537.36 (KHTML, like Gecko) Chrome/31.0.1650.63 Safari/537.36 SE 2.X MetaSr 1.0"
::1 - - [13/Jul/2015:05:34:38 +0000] "GET /? HTTP/1.1" 304 - "http://localhost:1338/?" "Mozilla/5.0 (Windows NT 6.3; WOW64) AppleWebKit/537.36 (KHTML, like Gecko) Chrome/31.0.1650.63 Safari/537.36 SE 2.X MetaSr 1.0"
::1 - - [13/Jul/2015:05:34:38 +0000] "GET /css/bootstrap.min.css HTTP/1.1" 304 - "http://localhost:1338/" "Mozilla/5.0 (Windows NT 6.3; WOW64) AppleWebKit/537.36 (KHTML, like Gecko) Chrome/31.0.1650.63 Safari/537.36 SE 2.X MetaSr 1.0"
::1 - - [13/Jul/2015:05:34:38 +0000] "GET /js/jquery.js HTTP/1.1" 304 - "http://localhost:1338/" "Mozilla/5.0 (Windows NT 6.3; WOW64) AppleWebKit/537.36 (KHTML, like Gecko) Chrome/31.0.1650.63 Safari/537.36 SE 2.X MetaSr 1.0"
::1 - - [13/Jul/2015:05:34:38 +0000] "GET /js/bootstrap.min.js HTTP/1.1" 304 - "http://localhost:1338/" "Mozilla/5.0 (Windows NT 6.3; WOW64) AppleWebKit/537.36 (KHTML, like Gecko) Chrome/31.0.1650.63 Safari/537.36 SE 2.X MetaSr 1.0"
::1 - - [13/Jul/2015:05:36:01 +0000] "GET /? HTTP/1.1" 304 - "http://localhost:1338/?" "Mozilla/5.0 (Windows NT 6.3; WOW64) AppleWebKit/537.36 (KHTML, like Gecko) Chrome/31.0.1650.63 Safari/537.36 SE 2.X MetaSr 1.0"
::1 - - [13/Jul/2015:05:36:01 +0000] "GET /css/bootstrap.min.css HTTP/1.1" 304 - "http://localhost:1338/" "Mozilla/5.0 (Windows NT 6.3; WOW64) AppleWebKit/537.36 (KHTML, like Gecko) Chrome/31.0.1650.63 Safari/537.36 SE 2.X MetaSr 1.0"
::1 - - [13/Jul/2015:05:36:01 +0000] "GET /js/jquery.js HTTP/1.1" 304 - "http://localhost:1338/" "Mozilla/5.0 (Windows NT 6.3; WOW64) AppleWebKit/537.36 (KHTML, like Gecko) Chrome/31.0.1650.63 Safari/537.36 SE 2.X MetaSr 1.0"
::1 - - [13/Jul/2015:05:36:01 +0000] "GET /js/bootstrap.min.js HTTP/1.1" 304 - "http://localhost:1338/" "Mozilla/5.0 (Windows NT 6.3; WOW64) AppleWebKit/537.36 (KHTML, like Gecko) Chrome/31.0.1650.63 Safari/537.36 SE 2.X MetaSr 1.0"
::1 - - [13/Jul/2015:05:36:10 +0000] "GET /? HTTP/1.1" 304 - "http://localhost:1338/?" "Mozilla/5.0 (Windows NT 6.3; WOW64) AppleWebKit/537.36 (KHTML, like Gecko) Chrome/31.0.1650.63 Safari/537.36 SE 2.X MetaSr 1.0"
::1 - - [13/Jul/2015:05:36:10 +0000] "GET /css/bootstrap.min.css HTTP/1.1" 304 - "http://localhost:1338/" "Mozilla/5.0 (Windows NT 6.3; WOW64) AppleWebKit/537.36 (KHTML, like Gecko) Chrome/31.0.1650.63 Safari/537.36 SE 2.X MetaSr 1.0"
::1 - - [13/Jul/2015:05:36:10 +0000] "GET /js/jquery.js HTTP/1.1" 304 - "http://localhost:1338/" "Mozilla/5.0 (Windows NT 6.3; WOW64) AppleWebKit/537.36 (KHTML, like Gecko) Chrome/31.0.1650.63 Safari/537.36 SE 2.X MetaSr 1.0"
::1 - - [13/Jul/2015:05:36:10 +0000] "GET /js/bootstrap.min.js HTTP/1.1" 304 - "http://localhost:1338/" "Mozilla/5.0 (Windows NT 6.3; WOW64) AppleWebKit/537.36 (KHTML, like Gecko) Chrome/31.0.1650.63 Safari/537.36 SE 2.X MetaSr 1.0"
::1 - - [13/Jul/2015:05:38:53 +0000] "GET /? HTTP/1.1" 304 - "http://localhost:1338/?" "Mozilla/5.0 (Windows NT 6.3; WOW64) AppleWebKit/537.36 (KHTML, like Gecko) Chrome/31.0.1650.63 Safari/537.36 SE 2.X MetaSr 1.0"
::1 - - [13/Jul/2015:05:38:53 +0000] "GET /css/bootstrap.min.css HTTP/1.1" 304 - "http://localhost:1338/" "Mozilla/5.0 (Windows NT 6.3; WOW64) AppleWebKit/537.36 (KHTML, like Gecko) Chrome/31.0.1650.63 Safari/537.36 SE 2.X MetaSr 1.0"
::1 - - [13/Jul/2015:05:38:53 +0000] "GET /js/jquery.js HTTP/1.1" 304 - "http://localhost:1338/" "Mozilla/5.0 (Windows NT 6.3; WOW64) AppleWebKit/537.36 (KHTML, like Gecko) Chrome/31.0.1650.63 Safari/537.36 SE 2.X MetaSr 1.0"
::1 - - [13/Jul/2015:05:38:53 +0000] "GET /js/bootstrap.min.js HTTP/1.1" 304 - "http://localhost:1338/" "Mozilla/5.0 (Windows NT 6.3; WOW64) AppleWebKit/537.36 (KHTML, like Gecko) Chrome/31.0.1650.63 Safari/537.36 SE 2.X MetaSr 1.0"
::1 - - [13/Jul/2015:05:39:00 +0000] "GET /? HTTP/1.1" 304 - "http://localhost:1338/?" "Mozilla/5.0 (Windows NT 6.3; WOW64) AppleWebKit/537.36 (KHTML, like Gecko) Chrome/31.0.1650.63 Safari/537.36 SE 2.X MetaSr 1.0"
::1 - - [13/Jul/2015:05:39:00 +0000] "GET /css/bootstrap.min.css HTTP/1.1" 304 - "http://localhost:1338/" "Mozilla/5.0 (Windows NT 6.3; WOW64) AppleWebKit/537.36 (KHTML, like Gecko) Chrome/31.0.1650.63 Safari/537.36 SE 2.X MetaSr 1.0"
::1 - - [13/Jul/2015:05:39:00 +0000] "GET /js/jquery.js HTTP/1.1" 304 - "http://localhost:1338/" "Mozilla/5.0 (Windows NT 6.3; WOW64) AppleWebKit/537.36 (KHTML, like Gecko) Chrome/31.0.1650.63 Safari/537.36 SE 2.X MetaSr 1.0"
::1 - - [13/Jul/2015:05:39:00 +0000] "GET /js/bootstrap.min.js HTTP/1.1" 304 - "http://localhost:1338/" "Mozilla/5.0 (Windows NT 6.3; WOW64) AppleWebKit/537.36 (KHTML, like Gecko) Chrome/31.0.1650.63 Safari/537.36 SE 2.X MetaSr 1.0"
::1 - - [13/Jul/2015:05:39:11 +0000] "GET /? HTTP/1.1" 304 - "http://localhost:1338/?" "Mozilla/5.0 (Windows NT 6.3; WOW64) AppleWebKit/537.36 (KHTML, like Gecko) Chrome/31.0.1650.63 Safari/537.36 SE 2.X MetaSr 1.0"
::1 - - [13/Jul/2015:05:39:11 +0000] "GET /css/bootstrap.min.css HTTP/1.1" 304 - "http://localhost:1338/" "Mozilla/5.0 (Windows NT 6.3; WOW64) AppleWebKit/537.36 (KHTML, like Gecko) Chrome/31.0.1650.63 Safari/537.36 SE 2.X MetaSr 1.0"
::1 - - [13/Jul/2015:05:39:11 +0000] "GET /js/jquery.js HTTP/1.1" 304 - "http://localhost:1338/" "Mozilla/5.0 (Windows NT 6.3; WOW64) AppleWebKit/537.36 (KHTML, like Gecko) Chrome/31.0.1650.63 Safari/537.36 SE 2.X MetaSr 1.0"
::1 - - [13/Jul/2015:05:39:11 +0000] "GET /js/bootstrap.min.js HTTP/1.1" 304 - "http://localhost:1338/" "Mozilla/5.0 (Windows NT 6.3; WOW64) AppleWebKit/537.36 (KHTML, like Gecko) Chrome/31.0.1650.63 Safari/537.36 SE 2.X MetaSr 1.0"
::ffff:127.0.0.1 - - [13/Jul/2015:05:40:46 +0000] "GET /? HTTP/1.1" 304 - "http://localhost:1338/?" "Mozilla/5.0 (Windows NT 6.3; WOW64) AppleWebKit/537.36 (KHTML, like Gecko) Chrome/31.0.1650.63 Safari/537.36 SE 2.X MetaSr 1.0"
::ffff:127.0.0.1 - - [13/Jul/2015:05:40:46 +0000] "GET /css/bootstrap.min.css HTTP/1.1" 304 - "http://localhost:1338/" "Mozilla/5.0 (Windows NT 6.3; WOW64) AppleWebKit/537.36 (KHTML, like Gecko) Chrome/31.0.1650.63 Safari/537.36 SE 2.X MetaSr 1.0"
::ffff:127.0.0.1 - - [13/Jul/2015:05:40:46 +0000] "GET /js/jquery.js HTTP/1.1" 304 - "http://localhost:1338/?" "Mozilla/5.0 (Windows NT 6.3; WOW64) AppleWebKit/537.36 (KHTML, like Gecko) Chrome/31.0.1650.63 Safari/537.36 SE 2.X MetaSr 1.0"
::1 - - [13/Jul/2015:05:40:46 +0000] "GET /js/bootstrap.min.js HTTP/1.1" 304 - "http://localhost:1338/?" "Mozilla/5.0 (Windows NT 6.3; WOW64) AppleWebKit/537.36 (KHTML, like Gecko) Chrome/31.0.1650.63 Safari/537.36 SE 2.X MetaSr 1.0"
::1 - - [13/Jul/2015:05:41:00 +0000] "GET /? HTTP/1.1" 304 - "http://localhost:1338/?" "Mozilla/5.0 (Windows NT 6.3; WOW64) AppleWebKit/537.36 (KHTML, like Gecko) Chrome/31.0.1650.63 Safari/537.36 SE 2.X MetaSr 1.0"
::1 - - [13/Jul/2015:05:41:00 +0000] "GET /css/bootstrap.min.css HTTP/1.1" 304 - "http://localhost:1338/" "Mozilla/5.0 (Windows NT 6.3; WOW64) AppleWebKit/537.36 (KHTML, like Gecko) Chrome/31.0.1650.63 Safari/537.36 SE 2.X MetaSr 1.0"
::ffff:127.0.0.1 - - [13/Jul/2015:05:41:00 +0000] "GET /js/jquery.js HTTP/1.1" 304 - "http://localhost:1338/?" "Mozilla/5.0 (Windows NT 6.3; WOW64) AppleWebKit/537.36 (KHTML, like Gecko) Chrome/31.0.1650.63 Safari/537.36 SE 2.X MetaSr 1.0"
::ffff:127.0.0.1 - - [13/Jul/2015:05:41:00 +0000] "GET /js/bootstrap.min.js HTTP/1.1" 304 - "http://localhost:1338/?" "Mozilla/5.0 (Windows NT 6.3; WOW64) AppleWebKit/537.36 (KHTML, like Gecko) Chrome/31.0.1650.63 Safari/537.36 SE 2.X MetaSr 1.0"
::1 - - [13/Jul/2015:05:42:11 +0000] "GET /? HTTP/1.1" 304 - "http://localhost:1338/?" "Mozilla/5.0 (Windows NT 6.3; WOW64) AppleWebKit/537.36 (KHTML, like Gecko) Chrome/31.0.1650.63 Safari/537.36 SE 2.X MetaSr 1.0"
::1 - - [13/Jul/2015:05:42:11 +0000] "GET /css/bootstrap.min.css HTTP/1.1" 304 - "http://localhost:1338/" "Mozilla/5.0 (Windows NT 6.3; WOW64) AppleWebKit/537.36 (KHTML, like Gecko) Chrome/31.0.1650.63 Safari/537.36 SE 2.X MetaSr 1.0"
::1 - - [13/Jul/2015:05:42:11 +0000] "GET /js/jquery.js HTTP/1.1" 304 - "http://localhost:1338/?" "Mozilla/5.0 (Windows NT 6.3; WOW64) AppleWebKit/537.36 (KHTML, like Gecko) Chrome/31.0.1650.63 Safari/537.36 SE 2.X MetaSr 1.0"
::1 - - [13/Jul/2015:05:42:11 +0000] "GET /js/bootstrap.min.js HTTP/1.1" 304 - "http://localhost:1338/?" "Mozilla/5.0 (Windows NT 6.3; WOW64) AppleWebKit/537.36 (KHTML, like Gecko) Chrome/31.0.1650.63 Safari/537.36 SE 2.X MetaSr 1.0"
::1 - - [13/Jul/2015:05:49:40 +0000] "GET /? HTTP/1.1" 304 - "http://localhost:1338/?" "Mozilla/5.0 (Windows NT 6.3; WOW64) AppleWebKit/537.36 (KHTML, like Gecko) Chrome/31.0.1650.63 Safari/537.36 SE 2.X MetaSr 1.0"
::1 - - [13/Jul/2015:05:49:40 +0000] "GET /css/bootstrap.min.css HTTP/1.1" 304 - "http://localhost:1338/" "Mozilla/5.0 (Windows NT 6.3; WOW64) AppleWebKit/537.36 (KHTML, like Gecko) Chrome/31.0.1650.63 Safari/537.36 SE 2.X MetaSr 1.0"
::ffff:127.0.0.1 - - [13/Jul/2015:05:49:40 +0000] "GET /js/jquery.js HTTP/1.1" 304 - "http://localhost:1338/?" "Mozilla/5.0 (Windows NT 6.3; WOW64) AppleWebKit/537.36 (KHTML, like Gecko) Chrome/31.0.1650.63 Safari/537.36 SE 2.X MetaSr 1.0"
::1 - - [13/Jul/2015:05:49:40 +0000] "GET /js/bootstrap.min.js HTTP/1.1" 304 - "http://localhost:1338/?" "Mozilla/5.0 (Windows NT 6.3; WOW64) AppleWebKit/537.36 (KHTML, like Gecko) Chrome/31.0.1650.63 Safari/537.36 SE 2.X MetaSr 1.0"
::1 - - [13/Jul/2015:05:49:48 +0000] "GET /? HTTP/1.1" 304 - "http://localhost:1338/?" "Mozilla/5.0 (Windows NT 6.3; WOW64) AppleWebKit/537.36 (KHTML, like Gecko) Chrome/31.0.1650.63 Safari/537.36 SE 2.X MetaSr 1.0"
::1 - - [13/Jul/2015:05:49:48 +0000] "GET /css/bootstrap.min.css HTTP/1.1" 304 - "http://localhost:1338/" "Mozilla/5.0 (Windows NT 6.3; WOW64) AppleWebKit/537.36 (KHTML, like Gecko) Chrome/31.0.1650.63 Safari/537.36 SE 2.X MetaSr 1.0"
::ffff:127.0.0.1 - - [13/Jul/2015:05:49:48 +0000] "GET /js/jquery.js HTTP/1.1" 304 - "http://localhost:1338/?" "Mozilla/5.0 (Windows NT 6.3; WOW64) AppleWebKit/537.36 (KHTML, like Gecko) Chrome/31.0.1650.63 Safari/537.36 SE 2.X MetaSr 1.0"
::1 - - [13/Jul/2015:05:49:48 +0000] "GET /js/bootstrap.min.js HTTP/1.1" 304 - "http://localhost:1338/?" "Mozilla/5.0 (Windows NT 6.3; WOW64) AppleWebKit/537.36 (KHTML, like Gecko) Chrome/31.0.1650.63 Safari/537.36 SE 2.X MetaSr 1.0"
