[Tue Jul 14 2015 15:56:59 GMT+0800 (中国标准时间)] 
Error: read ECONNRESET
    at exports._errnoException (util.js:746:11)
    at TCP.onread (net.js:559:26)
    --------------------
    at Protocol._enqueue (C:\Users\2015\Desktop\send and save\node_modules\mysql\lib\protocol\Protocol.js:135:48)
    at Connection.query (C:\Users\2015\Desktop\send and save\node_modules\mysql\lib\Connection.js:201:25)
    at Socket.<anonymous> (C:\Users\2015\Desktop\send and save\server-command.js:73:20)
    at Socket.emit (events.js:107:17)
    at Socket.onevent (C:\Users\2015\node_modules\socket.io\lib\socket.js:330:8)
    at Socket.onpacket (C:\Users\2015\node_modules\socket.io\lib\socket.js:290:12)
    at Client.ondecoded (C:\Users\2015\node_modules\socket.io\lib\client.js:193:14)
    at Decoder.Emitter.emit (C:\Users\2015\node_modules\socket.io\node_modules\socket.io-parser\node_modules\component-emitter\index.js:134:20)
    at Decoder.add (C:\Users\2015\node_modules\socket.io\node_modules\socket.io-parser\index.js:247:12)
    at Client.ondata (C:\Users\2015\node_modules\socket.io\lib\client.js:175:18)
[Thu Jul 16 2015 17:11:40 GMT+0800 (中国标准时间)] 
Error: read ECONNRESET
    at exports._errnoException (util.js:746:11)
    at TCP.onread (net.js:559:26)
    --------------------
    at Protocol._enqueue (C:\Users\2015\Desktop\send and save\node_modules\mysql\lib\protocol\Protocol.js:135:48)
    at Connection.query (C:\Users\2015\Desktop\send and save\node_modules\mysql\lib\Connection.js:201:25)
    at Socket.<anonymous> (C:\Users\2015\Desktop\send and save\server-command.js:55:24)
    at Socket.emit (events.js:107:17)
    at Socket.onevent (C:\Users\2015\node_modules\socket.io\lib\socket.js:330:8)
    at Socket.onpacket (C:\Users\2015\node_modules\socket.io\lib\socket.js:290:12)
    at Client.ondecoded (C:\Users\2015\node_modules\socket.io\lib\client.js:193:14)
    at Decoder.Emitter.emit (C:\Users\2015\node_modules\socket.io\node_modules\socket.io-parser\node_modules\component-emitter\index.js:134:20)
    at Decoder.add (C:\Users\2015\node_modules\socket.io\node_modules\socket.io-parser\index.js:247:12)
    at Client.ondata (C:\Users\2015\node_modules\socket.io\lib\client.js:175:18)
[Thu Jul 16 2015 17:55:25 GMT+0800 (中国标准时间)] 
有客户端断开连接
[Thu Jul 16 2015 17:59:05 GMT+0800 (中国标准时间)] 
有客户端断开连接
[Thu Jul 16 2015 17:59:21 GMT+0800 (中国标准时间)] 
有客户端断开连接
[Thu Jul 16 2015 17:59:36 GMT+0800 (中国标准时间)] 
有客户端断开连接
[Thu Jul 16 2015 17:59:48 GMT+0800 (中国标准时间)] 
有客户端断开连接
[Thu Jul 16 2015 18:00:18 GMT+0800 (中国标准时间)] 
有客户端断开连接
[Thu Jul 16 2015 18:00:18 GMT+0800 (中国标准时间)] 
有客户端断开连接
[Thu Jul 16 2015 18:01:41 GMT+0800 (中国标准时间)] 
有客户端断开连接
[Thu Jul 16 2015 18:01:41 GMT+0800 (中国标准时间)] 
有客户端断开连接
[Thu Jul 16 2015 18:01:41 GMT+0800 (中国标准时间)] 
有客户端断开连接
[Thu Jul 16 2015 18:01:41 GMT+0800 (中国标准时间)] 
有客户端断开连接
[Thu Jul 16 2015 18:01:41 GMT+0800 (中国标准时间)] 
有客户端断开连接
[Thu Jul 16 2015 18:01:41 GMT+0800 (中国标准时间)] 
有客户端断开连接
[Thu Jul 16 2015 18:01:41 GMT+0800 (中国标准时间)] 
有客户端断开连接
[Thu Jul 16 2015 18:01:41 GMT+0800 (中国标准时间)] 
有客户端断开连接
[Thu Jul 16 2015 18:01:42 GMT+0800 (中国标准时间)] 
有客户端断开连接
[Thu Jul 16 2015 18:01:42 GMT+0800 (中国标准时间)] 
有客户端断开连接
[Thu Jul 16 2015 18:01:42 GMT+0800 (中国标准时间)] 
有客户端断开连接
[Thu Jul 16 2015 18:01:42 GMT+0800 (中国标准时间)] 
有客户端断开连接
[Thu Jul 16 2015 18:01:42 GMT+0800 (中国标准时间)] 
有客户端断开连接
[Thu Jul 16 2015 18:01:42 GMT+0800 (中国标准时间)] 
有客户端断开连接
[Thu Jul 16 2015 18:01:51 GMT+0800 (中国标准时间)] 
有客户端断开连接
[Thu Jul 16 2015 18:01:52 GMT+0800 (中国标准时间)] 
有客户端断开连接
[Thu Jul 16 2015 18:01:53 GMT+0800 (中国标准时间)] 
有客户端断开连接
[Thu Jul 16 2015 18:01:57 GMT+0800 (中国标准时间)] 
有客户端断开连接
[Thu Jul 16 2015 18:01:59 GMT+0800 (中国标准时间)] 
有客户端断开连接
[Thu Jul 16 2015 18:02:09 GMT+0800 (中国标准时间)] 
有客户端断开连接
[Thu Jul 16 2015 18:02:13 GMT+0800 (中国标准时间)] 
有客户端断开连接
[Thu Jul 16 2015 18:02:16 GMT+0800 (中国标准时间)] 
有客户端断开连接
[Thu Jul 16 2015 18:02:18 GMT+0800 (中国标准时间)] 
有客户端断开连接
[Thu Jul 16 2015 18:02:20 GMT+0800 (中国标准时间)] 
有客户端断开连接
[Thu Jul 16 2015 18:02:24 GMT+0800 (中国标准时间)] 
有客户端断开连接
[Thu Jul 16 2015 18:02:26 GMT+0800 (中国标准时间)] 
有客户端断开连接
[Thu Jul 16 2015 18:02:28 GMT+0800 (中国标准时间)] 
有客户端断开连接
[Thu Jul 16 2015 18:02:30 GMT+0800 (中国标准时间)] 
有客户端断开连接
[Thu Jul 16 2015 18:02:33 GMT+0800 (中国标准时间)] 
有客户端断开连接
[Thu Jul 16 2015 18:02:36 GMT+0800 (中国标准时间)] 
有客户端断开连接
[Thu Jul 16 2015 18:02:39 GMT+0800 (中国标准时间)] 
有客户端断开连接
[Thu Jul 16 2015 18:02:41 GMT+0800 (中国标准时间)] 
有客户端断开连接
[Thu Jul 16 2015 18:02:44 GMT+0800 (中国标准时间)] 
有客户端断开连接
[Thu Jul 16 2015 18:02:47 GMT+0800 (中国标准时间)] 
有客户端断开连接
[Thu Jul 16 2015 18:02:50 GMT+0800 (中国标准时间)] 
有客户端断开连接
[Thu Jul 16 2015 18:02:52 GMT+0800 (中国标准时间)] 
有客户端断开连接
[Thu Jul 16 2015 18:02:54 GMT+0800 (中国标准时间)] 
有客户端断开连接
[Thu Jul 16 2015 18:02:56 GMT+0800 (中国标准时间)] 
有客户端断开连接
[Thu Jul 16 2015 18:02:59 GMT+0800 (中国标准时间)] 
有客户端断开连接
[Thu Jul 16 2015 18:02:59 GMT+0800 (中国标准时间)] 
有客户端断开连接
[Thu Jul 16 2015 18:03:11 GMT+0800 (中国标准时间)] 
有客户端断开连接
[Thu Jul 16 2015 18:03:41 GMT+0800 (中国标准时间)] 
有客户端断开连接
[Thu Jul 16 2015 18:03:43 GMT+0800 (中国标准时间)] 
有客户端断开连接
[Fri Jul 17 2015 08:48:58 GMT+0800 (中国标准时间)] 
有客户端断开连接
[Fri Jul 17 2015 08:49:11 GMT+0800 (中国标准时间)] 
有客户端断开连接
[Fri Jul 17 2015 08:49:20 GMT+0800 (中国标准时间)] 
有客户端断开连接
[Fri Jul 17 2015 08:50:26 GMT+0800 (中国标准时间)] 
有客户端断开连接
[Fri Jul 17 2015 08:50:32 GMT+0800 (中国标准时间)] 
有客户端断开连接
[Fri Jul 17 2015 08:51:17 GMT+0800 (中国标准时间)] 
有客户端断开连接
[Fri Jul 17 2015 08:51:17 GMT+0800 (中国标准时间)] 
有客户端断开连接
[Fri Jul 17 2015 08:56:20 GMT+0800 (中国标准时间)] 
有客户端断开连接
[Fri Jul 17 2015 08:56:20 GMT+0800 (中国标准时间)] 
有客户端断开连接
[Fri Jul 17 2015 08:56:50 GMT+0800 (中国标准时间)] 
有客户端断开连接
[Fri Jul 17 2015 08:56:57 GMT+0800 (中国标准时间)] 
有客户端断开连接
[Fri Jul 17 2015 08:57:03 GMT+0800 (中国标准时间)] 
有客户端断开连接
[Fri Jul 17 2015 08:57:19 GMT+0800 (中国标准时间)] 
有客户端断开连接
[Fri Jul 17 2015 08:57:22 GMT+0800 (中国标准时间)] 
有客户端断开连接
[Fri Jul 17 2015 08:57:47 GMT+0800 (中国标准时间)] 
有客户端断开连接
[Fri Jul 17 2015 08:57:51 GMT+0800 (中国标准时间)] 
有客户端断开连接
[Fri Jul 17 2015 08:58:16 GMT+0800 (中国标准时间)] 
有客户端断开连接
[Fri Jul 17 2015 08:58:20 GMT+0800 (中国标准时间)] 
有客户端断开连接
[Fri Jul 17 2015 08:58:42 GMT+0800 (中国标准时间)] 
有客户端断开连接
[Fri Jul 17 2015 08:58:45 GMT+0800 (中国标准时间)] 
有客户端断开连接
[Fri Jul 17 2015 08:58:49 GMT+0800 (中国标准时间)] 
有客户端断开连接
[Fri Jul 17 2015 08:59:13 GMT+0800 (中国标准时间)] 
有客户端断开连接
[Fri Jul 17 2015 08:59:18 GMT+0800 (中国标准时间)] 
有客户端断开连接
[Fri Jul 17 2015 09:03:09 GMT+0800 (中国标准时间)] 
有客户端断开连接
[Fri Jul 17 2015 09:03:39 GMT+0800 (中国标准时间)] 
有客户端断开连接
[Fri Jul 17 2015 09:03:42 GMT+0800 (中国标准时间)] 
有客户端断开连接
[Fri Jul 17 2015 09:11:00 GMT+0800 (中国标准时间)] 
有客户端断开连接
[Fri Jul 17 2015 09:11:36 GMT+0800 (中国标准时间)] 
有客户端断开连接
[Fri Jul 17 2015 09:19:51 GMT+0800 (中国标准时间)] 
有客户端断开连接
[Fri Jul 17 2015 09:20:43 GMT+0800 (中国标准时间)] 
有客户端断开连接
[Fri Jul 17 2015 09:21:00 GMT+0800 (中国标准时间)] 
Error: read ECONNRESET
    at exports._errnoException (util.js:746:11)
    at TCP.onread (net.js:559:26)
    --------------------
    at Protocol._enqueue (C:\Users\2015\Desktop\send and save\node_modules\mysql\lib\protocol\Protocol.js:135:48)
    at Connection.query (C:\Users\2015\Desktop\send and save\node_modules\mysql\lib\Connection.js:201:25)
    at Socket.<anonymous> (C:\Users\2015\Desktop\send and save\server-command.js:56:24)
    at Socket.emit (events.js:107:17)
    at Socket.onevent (C:\Users\2015\node_modules\socket.io\lib\socket.js:330:8)
    at Socket.onpacket (C:\Users\2015\node_modules\socket.io\lib\socket.js:290:12)
    at Client.ondecoded (C:\Users\2015\node_modules\socket.io\lib\client.js:193:14)
    at Decoder.Emitter.emit (C:\Users\2015\node_modules\socket.io\node_modules\socket.io-parser\node_modules\component-emitter\index.js:134:20)
    at Decoder.add (C:\Users\2015\node_modules\socket.io\node_modules\socket.io-parser\index.js:247:12)
    at Client.ondata (C:\Users\2015\node_modules\socket.io\lib\client.js:175:18)
[Fri Jul 17 2015 09:21:03 GMT+0800 (中国标准时间)] 
有客户端断开连接
[Fri Jul 17 2015 09:21:03 GMT+0800 (中国标准时间)] 
有客户端断开连接
[Fri Jul 17 2015 09:22:00 GMT+0800 (中国标准时间)] 
有客户端断开连接
[Fri Jul 17 2015 09:22:12 GMT+0800 (中国标准时间)] 
有客户端断开连接
[Fri Jul 17 2015 09:22:14 GMT+0800 (中国标准时间)] 
有客户端断开连接
[Fri Jul 17 2015 09:22:17 GMT+0800 (中国标准时间)] 
Error: read ECONNRESET
    at exports._errnoException (util.js:746:11)
    at TCP.onread (net.js:559:26)
    --------------------
    at Protocol._enqueue (C:\Users\2015\Desktop\send and save\node_modules\mysql\lib\protocol\Protocol.js:135:48)
    at Connection.query (C:\Users\2015\Desktop\send and save\node_modules\mysql\lib\Connection.js:201:25)
    at Socket.<anonymous> (C:\Users\2015\Desktop\send and save\server-command.js:56:24)
    at Socket.emit (events.js:107:17)
    at Socket.onevent (C:\Users\2015\node_modules\socket.io\lib\socket.js:330:8)
    at Socket.onpacket (C:\Users\2015\node_modules\socket.io\lib\socket.js:290:12)
    at Client.ondecoded (C:\Users\2015\node_modules\socket.io\lib\client.js:193:14)
    at Decoder.Emitter.emit (C:\Users\2015\node_modules\socket.io\node_modules\socket.io-parser\node_modules\component-emitter\index.js:134:20)
    at Decoder.add (C:\Users\2015\node_modules\socket.io\node_modules\socket.io-parser\index.js:247:12)
    at Client.ondata (C:\Users\2015\node_modules\socket.io\lib\client.js:175:18)
[Fri Jul 17 2015 09:22:26 GMT+0800 (中国标准时间)] 
有客户端断开连接
[Fri Jul 17 2015 09:22:27 GMT+0800 (中国标准时间)] 
有客户端断开连接
[Fri Jul 17 2015 09:22:27 GMT+0800 (中国标准时间)] 
有客户端断开连接
[Fri Jul 17 2015 09:22:27 GMT+0800 (中国标准时间)] 
有客户端断开连接
[Fri Jul 17 2015 09:22:29 GMT+0800 (中国标准时间)] 
有客户端断开连接
[Fri Jul 17 2015 09:22:37 GMT+0800 (中国标准时间)] 
有客户端断开连接
[Fri Jul 17 2015 09:22:48 GMT+0800 (中国标准时间)] 
有客户端断开连接
[Fri Jul 17 2015 09:23:44 GMT+0800 (中国标准时间)] 
有客户端断开连接
[Fri Jul 17 2015 09:23:44 GMT+0800 (中国标准时间)] 
有客户端断开连接
[Fri Jul 17 2015 09:23:44 GMT+0800 (中国标准时间)] 
有客户端断开连接
[Fri Jul 17 2015 09:23:44 GMT+0800 (中国标准时间)] 
有客户端断开连接
[Fri Jul 17 2015 09:57:43 GMT+0800 (中国标准时间)] 
有客户端断开连接
[Fri Jul 17 2015 09:58:43 GMT+0800 (中国标准时间)] 
有客户端断开连接
[Fri Jul 17 2015 10:00:04 GMT+0800 (中国标准时间)] 
有客户端断开连接
[Fri Jul 17 2015 10:00:04 GMT+0800 (中国标准时间)] 
有客户端断开连接
[Fri Jul 17 2015 10:00:04 GMT+0800 (中国标准时间)] 
有客户端断开连接
[Fri Jul 17 2015 10:00:31 GMT+0800 (中国标准时间)] 
有客户端断开连接
[Fri Jul 17 2015 10:00:33 GMT+0800 (中国标准时间)] 
有客户端断开连接
[Fri Jul 17 2015 10:00:34 GMT+0800 (中国标准时间)] 
有客户端断开连接
[Fri Jul 17 2015 10:00:59 GMT+0800 (中国标准时间)] 
有客户端断开连接
[Fri Jul 17 2015 10:01:01 GMT+0800 (中国标准时间)] 
有客户端断开连接
[Fri Jul 17 2015 10:02:30 GMT+0800 (中国标准时间)] 
有客户端断开连接
[Fri Jul 17 2015 10:02:31 GMT+0800 (中国标准时间)] 
有客户端断开连接
[Fri Jul 17 2015 10:02:32 GMT+0800 (中国标准时间)] 
有客户端断开连接
[Fri Jul 17 2015 10:02:33 GMT+0800 (中国标准时间)] 
有客户端断开连接
[Fri Jul 17 2015 10:02:34 GMT+0800 (中国标准时间)] 
有客户端断开连接
[Fri Jul 17 2015 10:02:35 GMT+0800 (中国标准时间)] 
有客户端断开连接
[Fri Jul 17 2015 10:02:36 GMT+0800 (中国标准时间)] 
有客户端断开连接
[Fri Jul 17 2015 10:02:37 GMT+0800 (中国标准时间)] 
有客户端断开连接
[Fri Jul 17 2015 10:02:37 GMT+0800 (中国标准时间)] 
有客户端断开连接
[Fri Jul 17 2015 10:02:40 GMT+0800 (中国标准时间)] 
有客户端断开连接
[Fri Jul 17 2015 10:04:26 GMT+0800 (中国标准时间)] 
有客户端断开连接
[Fri Jul 17 2015 10:05:48 GMT+0800 (中国标准时间)] 
有客户端断开连接
[Fri Jul 17 2015 10:05:54 GMT+0800 (中国标准时间)] 
有客户端断开连接
[Fri Jul 17 2015 10:06:21 GMT+0800 (中国标准时间)] 
有客户端断开连接
[Fri Jul 17 2015 10:06:22 GMT+0800 (中国标准时间)] 
有客户端断开连接
[Fri Jul 17 2015 10:06:25 GMT+0800 (中国标准时间)] 
有客户端断开连接
[Fri Jul 17 2015 10:06:27 GMT+0800 (中国标准时间)] 
有客户端断开连接
[Fri Jul 17 2015 10:06:28 GMT+0800 (中国标准时间)] 
有客户端断开连接
[Fri Jul 17 2015 10:06:30 GMT+0800 (中国标准时间)] 
有客户端断开连接
[Fri Jul 17 2015 10:06:32 GMT+0800 (中国标准时间)] 
有客户端断开连接
[Fri Jul 17 2015 10:06:34 GMT+0800 (中国标准时间)] 
有客户端断开连接
[Fri Jul 17 2015 10:06:35 GMT+0800 (中国标准时间)] 
有客户端断开连接
[Fri Jul 17 2015 10:06:37 GMT+0800 (中国标准时间)] 
有客户端断开连接
[Fri Jul 17 2015 10:06:41 GMT+0800 (中国标准时间)] 
有客户端断开连接
[Fri Jul 17 2015 10:06:44 GMT+0800 (中国标准时间)] 
有客户端断开连接
[Fri Jul 17 2015 10:06:54 GMT+0800 (中国标准时间)] 
有客户端断开连接
[Fri Jul 17 2015 13:29:43 GMT+0800 (中国标准时间)] 
有客户端断开连接
[Fri Jul 17 2015 13:33:14 GMT+0800 (中国标准时间)] 
有客户端断开连接
[Fri Jul 17 2015 13:33:20 GMT+0800 (中国标准时间)] 
有客户端断开连接
[Fri Jul 17 2015 13:33:33 GMT+0800 (中国标准时间)] 
Error: read ECONNRESET
    at exports._errnoException (util.js:746:11)
    at TCP.onread (net.js:559:26)
    --------------------
    at Protocol._enqueue (C:\Users\2015\Desktop\send and save\node_modules\mysql\lib\protocol\Protocol.js:135:48)
    at Connection.query (C:\Users\2015\Desktop\send and save\node_modules\mysql\lib\Connection.js:201:25)
    at Socket.<anonymous> (C:\Users\2015\Desktop\send and save\server-command.js:41:20)
    at Socket.emit (events.js:110:17)
    at Socket.onevent (C:\Users\2015\node_modules\socket.io\lib\socket.js:330:8)
    at Socket.onpacket (C:\Users\2015\node_modules\socket.io\lib\socket.js:290:12)
    at Client.ondecoded (C:\Users\2015\node_modules\socket.io\lib\client.js:193:14)
    at Decoder.Emitter.emit (C:\Users\2015\node_modules\socket.io\node_modules\socket.io-parser\node_modules\component-emitter\index.js:134:20)
    at Decoder.add (C:\Users\2015\node_modules\socket.io\node_modules\socket.io-parser\index.js:247:12)
    at Client.ondata (C:\Users\2015\node_modules\socket.io\lib\client.js:175:18)
[Fri Jul 17 2015 13:33:50 GMT+0800 (中国标准时间)] 
有客户端断开连接
[Fri Jul 17 2015 13:37:03 GMT+0800 (中国标准时间)] 
有客户端断开连接
[Fri Jul 17 2015 13:37:11 GMT+0800 (中国标准时间)] 
有客户端断开连接
[Fri Jul 17 2015 13:45:42 GMT+0800 (中国标准时间)] 
有客户端断开连接
[Fri Jul 17 2015 13:48:49 GMT+0800 (中国标准时间)] 
有客户端断开连接
[Sun Jul 19 2015 12:15:09 GMT+0800 (中国标准时间)] 
有客户端断开连接
[Sun Jul 19 2015 12:15:57 GMT+0800 (中国标准时间)] 
有客户端断开连接
[Sun Jul 19 2015 12:15:59 GMT+0800 (中国标准时间)] 
有客户端断开连接
[Sun Jul 19 2015 12:16:00 GMT+0800 (中国标准时间)] 
有客户端断开连接
[Sun Jul 19 2015 12:16:01 GMT+0800 (中国标准时间)] 
有客户端断开连接
[Sun Jul 19 2015 12:16:03 GMT+0800 (中国标准时间)] 
有客户端断开连接
[Sun Jul 19 2015 12:16:30 GMT+0800 (中国标准时间)] 
有客户端断开连接
[Sun Jul 19 2015 12:17:10 GMT+0800 (中国标准时间)] 
有客户端断开连接
[Sun Jul 19 2015 12:17:55 GMT+0800 (中国标准时间)] 
有客户端断开连接
[Sun Jul 19 2015 12:17:57 GMT+0800 (中国标准时间)] 
有客户端断开连接
[Sun Jul 19 2015 12:17:58 GMT+0800 (中国标准时间)] 
有客户端断开连接
[Sun Jul 19 2015 12:17:59 GMT+0800 (中国标准时间)] 
有客户端断开连接
[Sun Jul 19 2015 12:18:00 GMT+0800 (中国标准时间)] 
有客户端断开连接
[Sun Jul 19 2015 12:18:01 GMT+0800 (中国标准时间)] 
有客户端断开连接
[Sun Jul 19 2015 12:18:05 GMT+0800 (中国标准时间)] 
有客户端断开连接
[Sun Jul 19 2015 12:18:09 GMT+0800 (中国标准时间)] 
有客户端断开连接
[Sun Jul 19 2015 12:18:11 GMT+0800 (中国标准时间)] 
有客户端断开连接
[Sun Jul 19 2015 12:18:13 GMT+0800 (中国标准时间)] 
有客户端断开连接
[Sun Jul 19 2015 12:18:21 GMT+0800 (中国标准时间)] 
有客户端断开连接
[Sun Jul 19 2015 12:20:05 GMT+0800 (中国标准时间)] 
有客户端断开连接
[Mon Jul 20 2015 08:59:02 GMT+0800 (中国标准时间)] 
有客户端断开连接
[Mon Jul 20 2015 08:59:11 GMT+0800 (中国标准时间)] 
有客户端断开连接
[Mon Jul 20 2015 09:01:57 GMT+0800 (中国标准时间)] 
有客户端断开连接
[Mon Jul 20 2015 09:01:57 GMT+0800 (中国标准时间)] 
有客户端断开连接
[Mon Jul 20 2015 09:01:57 GMT+0800 (中国标准时间)] 
有客户端断开连接
[Mon Jul 20 2015 09:01:57 GMT+0800 (中国标准时间)] 
有客户端断开连接
[Mon Jul 20 2015 09:01:57 GMT+0800 (中国标准时间)] 
有客户端断开连接
[Mon Jul 20 2015 09:01:57 GMT+0800 (中国标准时间)] 
有客户端断开连接
[Mon Jul 20 2015 09:01:57 GMT+0800 (中国标准时间)] 
有客户端断开连接
[Mon Jul 20 2015 09:01:57 GMT+0800 (中国标准时间)] 
有客户端断开连接
[Mon Jul 20 2015 09:01:57 GMT+0800 (中国标准时间)] 
有客户端断开连接
[Mon Jul 20 2015 09:01:57 GMT+0800 (中国标准时间)] 
有客户端断开连接
[Mon Jul 20 2015 09:01:57 GMT+0800 (中国标准时间)] 
有客户端断开连接
[Mon Jul 20 2015 09:02:44 GMT+0800 (中国标准时间)] 
有客户端断开连接
[Mon Jul 20 2015 09:04:56 GMT+0800 (中国标准时间)] 
有客户端断开连接
[Mon Jul 20 2015 09:04:56 GMT+0800 (中国标准时间)] 
有客户端断开连接
[Mon Jul 20 2015 09:04:56 GMT+0800 (中国标准时间)] 
有客户端断开连接
[Mon Jul 20 2015 09:04:56 GMT+0800 (中国标准时间)] 
有客户端断开连接
[Mon Jul 20 2015 09:04:56 GMT+0800 (中国标准时间)] 
有客户端断开连接
[Mon Jul 20 2015 09:04:56 GMT+0800 (中国标准时间)] 
有客户端断开连接
[Mon Jul 20 2015 09:04:56 GMT+0800 (中国标准时间)] 
有客户端断开连接
[Mon Jul 20 2015 09:04:56 GMT+0800 (中国标准时间)] 
有客户端断开连接
[Mon Jul 20 2015 09:04:56 GMT+0800 (中国标准时间)] 
有客户端断开连接
[Mon Jul 20 2015 09:04:56 GMT+0800 (中国标准时间)] 
有客户端断开连接
[Mon Jul 20 2015 09:04:56 GMT+0800 (中国标准时间)] 
有客户端断开连接
[Mon Jul 20 2015 09:04:56 GMT+0800 (中国标准时间)] 
有客户端断开连接
[Mon Jul 20 2015 09:12:27 GMT+0800 (中国标准时间)] 
有客户端断开连接
[Mon Jul 20 2015 09:13:04 GMT+0800 (中国标准时间)] 
有客户端断开连接
[Mon Jul 20 2015 09:13:05 GMT+0800 (中国标准时间)] 
有客户端断开连接
[Mon Jul 20 2015 09:13:06 GMT+0800 (中国标准时间)] 
有客户端断开连接
[Mon Jul 20 2015 09:13:06 GMT+0800 (中国标准时间)] 
有客户端断开连接
[Mon Jul 20 2015 09:13:07 GMT+0800 (中国标准时间)] 
有客户端断开连接
[Mon Jul 20 2015 09:13:08 GMT+0800 (中国标准时间)] 
有客户端断开连接
[Mon Jul 20 2015 09:13:09 GMT+0800 (中国标准时间)] 
有客户端断开连接
[Mon Jul 20 2015 09:13:10 GMT+0800 (中国标准时间)] 
有客户端断开连接
[Mon Jul 20 2015 09:13:12 GMT+0800 (中国标准时间)] 
有客户端断开连接
[Mon Jul 20 2015 09:22:51 GMT+0800 (中国标准时间)] 
有客户端断开连接
[Mon Jul 20 2015 09:22:52 GMT+0800 (中国标准时间)] 
有客户端断开连接
[Mon Jul 20 2015 09:22:52 GMT+0800 (中国标准时间)] 
有客户端断开连接
[Mon Jul 20 2015 09:22:53 GMT+0800 (中国标准时间)] 
有客户端断开连接
[Mon Jul 20 2015 09:22:54 GMT+0800 (中国标准时间)] 
有客户端断开连接
[Mon Jul 20 2015 09:22:56 GMT+0800 (中国标准时间)] 
有客户端断开连接
[Mon Jul 20 2015 09:22:56 GMT+0800 (中国标准时间)] 
有客户端断开连接
[Mon Jul 20 2015 09:22:58 GMT+0800 (中国标准时间)] 
有客户端断开连接
[Mon Jul 20 2015 09:22:59 GMT+0800 (中国标准时间)] 
有客户端断开连接
[Mon Jul 20 2015 09:23:35 GMT+0800 (中国标准时间)] 
有客户端断开连接
[Mon Jul 20 2015 09:24:29 GMT+0800 (中国标准时间)] 
有客户端断开连接
[Mon Jul 20 2015 09:24:37 GMT+0800 (中国标准时间)] 
有客户端断开连接
[Mon Jul 20 2015 09:28:46 GMT+0800 (中国标准时间)] 
有客户端断开连接
[Mon Jul 20 2015 09:28:46 GMT+0800 (中国标准时间)] 
有客户端断开连接
[Mon Jul 20 2015 09:28:46 GMT+0800 (中国标准时间)] 
有客户端断开连接
[Mon Jul 20 2015 09:28:47 GMT+0800 (中国标准时间)] 
有客户端断开连接
[Mon Jul 20 2015 09:28:47 GMT+0800 (中国标准时间)] 
有客户端断开连接
[Mon Jul 20 2015 09:28:48 GMT+0800 (中国标准时间)] 
有客户端断开连接
[Mon Jul 20 2015 09:29:45 GMT+0800 (中国标准时间)] 
有客户端断开连接
[Mon Jul 20 2015 09:32:20 GMT+0800 (中国标准时间)] 
有客户端断开连接
[Mon Jul 20 2015 09:34:38 GMT+0800 (中国标准时间)] 
有客户端断开连接
[Mon Jul 20 2015 09:35:09 GMT+0800 (中国标准时间)] 
有客户端断开连接
[Mon Jul 20 2015 09:35:16 GMT+0800 (中国标准时间)] 
有客户端断开连接
[Mon Jul 20 2015 09:35:18 GMT+0800 (中国标准时间)] 
有客户端断开连接
[Mon Jul 20 2015 09:35:19 GMT+0800 (中国标准时间)] 
有客户端断开连接
[Mon Jul 20 2015 09:35:20 GMT+0800 (中国标准时间)] 
有客户端断开连接
[Mon Jul 20 2015 09:35:23 GMT+0800 (中国标准时间)] 
有客户端断开连接
[Mon Jul 20 2015 09:35:44 GMT+0800 (中国标准时间)] 
有客户端断开连接
[Mon Jul 20 2015 09:38:06 GMT+0800 (中国标准时间)] 
有客户端断开连接
[Mon Jul 20 2015 09:38:07 GMT+0800 (中国标准时间)] 
有客户端断开连接
[Mon Jul 20 2015 09:38:08 GMT+0800 (中国标准时间)] 
有客户端断开连接
[Mon Jul 20 2015 09:38:09 GMT+0800 (中国标准时间)] 
有客户端断开连接
[Mon Jul 20 2015 09:38:10 GMT+0800 (中国标准时间)] 
有客户端断开连接
[Mon Jul 20 2015 09:38:16 GMT+0800 (中国标准时间)] 
有客户端断开连接
[Mon Jul 20 2015 10:01:46 GMT+0800 (中国标准时间)] 
有客户端断开连接
[Mon Jul 20 2015 10:01:47 GMT+0800 (中国标准时间)] 
有客户端断开连接
[Mon Jul 20 2015 10:01:48 GMT+0800 (中国标准时间)] 
有客户端断开连接
[Mon Jul 20 2015 10:01:48 GMT+0800 (中国标准时间)] 
有客户端断开连接
[Mon Jul 20 2015 10:01:48 GMT+0800 (中国标准时间)] 
有客户端断开连接
[Mon Jul 20 2015 10:01:49 GMT+0800 (中国标准时间)] 
有客户端断开连接
[Mon Jul 20 2015 10:01:50 GMT+0800 (中国标准时间)] 
有客户端断开连接
[Mon Jul 20 2015 10:02:16 GMT+0800 (中国标准时间)] 
有客户端断开连接
[Mon Jul 20 2015 10:02:17 GMT+0800 (中国标准时间)] 
有客户端断开连接
[Mon Jul 20 2015 10:02:50 GMT+0800 (中国标准时间)] 
有客户端断开连接
[Mon Jul 20 2015 10:02:53 GMT+0800 (中国标准时间)] 
有客户端断开连接
[Mon Jul 20 2015 10:02:54 GMT+0800 (中国标准时间)] 
有客户端断开连接
[Mon Jul 20 2015 10:02:54 GMT+0800 (中国标准时间)] 
有客户端断开连接
[Mon Jul 20 2015 10:03:17 GMT+0800 (中国标准时间)] 
有客户端断开连接
[Mon Jul 20 2015 10:03:19 GMT+0800 (中国标准时间)] 
有客户端断开连接
[Mon Jul 20 2015 10:03:19 GMT+0800 (中国标准时间)] 
有客户端断开连接
[Mon Jul 20 2015 10:03:33 GMT+0800 (中国标准时间)] 
有客户端断开连接
[Mon Jul 20 2015 10:03:44 GMT+0800 (中国标准时间)] 
有客户端断开连接
[Mon Jul 20 2015 10:03:47 GMT+0800 (中国标准时间)] 
有客户端断开连接
[Mon Jul 20 2015 10:06:40 GMT+0800 (中国标准时间)] 
有客户端断开连接
[Mon Jul 20 2015 10:08:31 GMT+0800 (中国标准时间)] 
有客户端断开连接
[Mon Jul 20 2015 10:09:21 GMT+0800 (中国标准时间)] 
有客户端断开连接
[Mon Jul 20 2015 10:11:34 GMT+0800 (中国标准时间)] 
有客户端断开连接
[Mon Jul 20 2015 10:11:39 GMT+0800 (中国标准时间)] 
有客户端断开连接
[Mon Jul 20 2015 10:11:40 GMT+0800 (中国标准时间)] 
有客户端断开连接
[Mon Jul 20 2015 10:11:41 GMT+0800 (中国标准时间)] 
有客户端断开连接
[Mon Jul 20 2015 10:11:42 GMT+0800 (中国标准时间)] 
有客户端断开连接
[Mon Jul 20 2015 10:11:43 GMT+0800 (中国标准时间)] 
有客户端断开连接
[Mon Jul 20 2015 10:11:44 GMT+0800 (中国标准时间)] 
有客户端断开连接
[Mon Jul 20 2015 10:11:44 GMT+0800 (中国标准时间)] 
有客户端断开连接
[Mon Jul 20 2015 10:11:46 GMT+0800 (中国标准时间)] 
有客户端断开连接
[Mon Jul 20 2015 10:11:50 GMT+0800 (中国标准时间)] 
有客户端断开连接
[Mon Jul 20 2015 10:11:57 GMT+0800 (中国标准时间)] 
有客户端断开连接
[Mon Jul 20 2015 10:14:32 GMT+0800 (中国标准时间)] 
有客户端断开连接
[Mon Jul 20 2015 10:14:36 GMT+0800 (中国标准时间)] 
有客户端断开连接
[Mon Jul 20 2015 10:22:45 GMT+0800 (中国标准时间)] 
有客户端断开连接
[Mon Jul 20 2015 10:23:01 GMT+0800 (中国标准时间)] 
有客户端断开连接
[Mon Jul 20 2015 10:23:01 GMT+0800 (中国标准时间)] 
有客户端断开连接
[Mon Jul 20 2015 10:23:01 GMT+0800 (中国标准时间)] 
有客户端断开连接
[Mon Jul 20 2015 10:23:01 GMT+0800 (中国标准时间)] 
有客户端断开连接
[Mon Jul 20 2015 10:23:01 GMT+0800 (中国标准时间)] 
有客户端断开连接
[Mon Jul 20 2015 10:23:01 GMT+0800 (中国标准时间)] 
有客户端断开连接
[Mon Jul 20 2015 10:23:01 GMT+0800 (中国标准时间)] 
有客户端断开连接
[Mon Jul 20 2015 10:23:01 GMT+0800 (中国标准时间)] 
有客户端断开连接
[Mon Jul 20 2015 10:23:02 GMT+0800 (中国标准时间)] 
有客户端断开连接
[Mon Jul 20 2015 10:23:02 GMT+0800 (中国标准时间)] 
有客户端断开连接
[Mon Jul 20 2015 10:23:02 GMT+0800 (中国标准时间)] 
有客户端断开连接
[Mon Jul 20 2015 10:23:07 GMT+0800 (中国标准时间)] 
有客户端断开连接
[Mon Jul 20 2015 10:29:04 GMT+0800 (中国标准时间)] 
有客户端断开连接
[Mon Jul 20 2015 10:29:45 GMT+0800 (中国标准时间)] 
有客户端断开连接
[Mon Jul 20 2015 10:29:51 GMT+0800 (中国标准时间)] 
有客户端断开连接
[Mon Jul 20 2015 10:29:55 GMT+0800 (中国标准时间)] 
有客户端断开连接
[Mon Jul 20 2015 10:29:58 GMT+0800 (中国标准时间)] 
有客户端断开连接
[Mon Jul 20 2015 10:30:00 GMT+0800 (中国标准时间)] 
有客户端断开连接
[Mon Jul 20 2015 10:30:08 GMT+0800 (中国标准时间)] 
有客户端断开连接
[Mon Jul 20 2015 10:35:58 GMT+0800 (中国标准时间)] 
有客户端断开连接
[Mon Jul 20 2015 10:36:03 GMT+0800 (中国标准时间)] 
有客户端断开连接
[Mon Jul 20 2015 10:36:17 GMT+0800 (中国标准时间)] 
有客户端断开连接
[Mon Jul 20 2015 10:38:50 GMT+0800 (中国标准时间)] 
有客户端断开连接
[Mon Jul 20 2015 10:38:51 GMT+0800 (中国标准时间)] 
有客户端断开连接
[Mon Jul 20 2015 10:38:52 GMT+0800 (中国标准时间)] 
有客户端断开连接
[Mon Jul 20 2015 10:38:55 GMT+0800 (中国标准时间)] 
有客户端断开连接
[Mon Jul 20 2015 10:38:55 GMT+0800 (中国标准时间)] 
有客户端断开连接
[Mon Jul 20 2015 10:38:56 GMT+0800 (中国标准时间)] 
有客户端断开连接
[Mon Jul 20 2015 10:38:57 GMT+0800 (中国标准时间)] 
有客户端断开连接
[Mon Jul 20 2015 10:38:59 GMT+0800 (中国标准时间)] 
有客户端断开连接
[Mon Jul 20 2015 10:39:00 GMT+0800 (中国标准时间)] 
有客户端断开连接
[Mon Jul 20 2015 10:39:02 GMT+0800 (中国标准时间)] 
有客户端断开连接
[Mon Jul 20 2015 10:39:08 GMT+0800 (中国标准时间)] 
有客户端断开连接
[Mon Jul 20 2015 10:39:15 GMT+0800 (中国标准时间)] 
有客户端断开连接
[Mon Jul 20 2015 10:39:34 GMT+0800 (中国标准时间)] 
有客户端断开连接
[Mon Jul 20 2015 10:39:54 GMT+0800 (中国标准时间)] 
有客户端断开连接
[Mon Jul 20 2015 10:39:58 GMT+0800 (中国标准时间)] 
有客户端断开连接
[Mon Jul 20 2015 10:40:00 GMT+0800 (中国标准时间)] 
有客户端断开连接
[Mon Jul 20 2015 10:40:23 GMT+0800 (中国标准时间)] 
有客户端断开连接
[Mon Jul 20 2015 10:40:39 GMT+0800 (中国标准时间)] 
有客户端断开连接
[Mon Jul 20 2015 10:40:42 GMT+0800 (中国标准时间)] 
有客户端断开连接
[Mon Jul 20 2015 10:40:45 GMT+0800 (中国标准时间)] 
有客户端断开连接
[Mon Jul 20 2015 10:40:47 GMT+0800 (中国标准时间)] 
有客户端断开连接
[Mon Jul 20 2015 10:44:47 GMT+0800 (中国标准时间)] 
有客户端断开连接
[Mon Jul 20 2015 10:44:47 GMT+0800 (中国标准时间)] 
有客户端断开连接
[Mon Jul 20 2015 10:44:47 GMT+0800 (中国标准时间)] 
有客户端断开连接
[Mon Jul 20 2015 10:44:48 GMT+0800 (中国标准时间)] 
有客户端断开连接
[Mon Jul 20 2015 10:44:48 GMT+0800 (中国标准时间)] 
有客户端断开连接
[Mon Jul 20 2015 10:44:49 GMT+0800 (中国标准时间)] 
有客户端断开连接
[Mon Jul 20 2015 10:48:34 GMT+0800 (中国标准时间)] 
有客户端断开连接
[Mon Jul 20 2015 10:48:35 GMT+0800 (中国标准时间)] 
有客户端断开连接
[Mon Jul 20 2015 10:48:36 GMT+0800 (中国标准时间)] 
有客户端断开连接
[Mon Jul 20 2015 10:48:37 GMT+0800 (中国标准时间)] 
有客户端断开连接
[Mon Jul 20 2015 10:48:38 GMT+0800 (中国标准时间)] 
有客户端断开连接
[Mon Jul 20 2015 10:48:39 GMT+0800 (中国标准时间)] 
有客户端断开连接
[Mon Jul 20 2015 10:48:40 GMT+0800 (中国标准时间)] 
有客户端断开连接
[Mon Jul 20 2015 10:48:41 GMT+0800 (中国标准时间)] 
有客户端断开连接
[Mon Jul 20 2015 10:48:42 GMT+0800 (中国标准时间)] 
有客户端断开连接
[Mon Jul 20 2015 10:54:28 GMT+0800 (中国标准时间)] 
有客户端断开连接
[Mon Jul 20 2015 10:57:56 GMT+0800 (中国标准时间)] 
有客户端断开连接
[Mon Jul 20 2015 10:57:56 GMT+0800 (中国标准时间)] 
有客户端断开连接
[Mon Jul 20 2015 10:57:56 GMT+0800 (中国标准时间)] 
有客户端断开连接
[Mon Jul 20 2015 10:57:56 GMT+0800 (中国标准时间)] 
有客户端断开连接
[Mon Jul 20 2015 10:57:56 GMT+0800 (中国标准时间)] 
有客户端断开连接
[Mon Jul 20 2015 10:57:56 GMT+0800 (中国标准时间)] 
有客户端断开连接
[Mon Jul 20 2015 10:57:56 GMT+0800 (中国标准时间)] 
有客户端断开连接
[Mon Jul 20 2015 10:57:56 GMT+0800 (中国标准时间)] 
有客户端断开连接
[Mon Jul 20 2015 10:57:56 GMT+0800 (中国标准时间)] 
有客户端断开连接
[Mon Jul 20 2015 10:57:56 GMT+0800 (中国标准时间)] 
有客户端断开连接
[Mon Jul 20 2015 10:57:58 GMT+0800 (中国标准时间)] 
有客户端断开连接
[Mon Jul 20 2015 10:58:01 GMT+0800 (中国标准时间)] 
有客户端断开连接
[Mon Jul 20 2015 10:58:01 GMT+0800 (中国标准时间)] 
有客户端断开连接
[Mon Jul 20 2015 10:58:01 GMT+0800 (中国标准时间)] 
有客户端断开连接
[Mon Jul 20 2015 10:58:01 GMT+0800 (中国标准时间)] 
有客户端断开连接
[Mon Jul 20 2015 10:58:01 GMT+0800 (中国标准时间)] 
有客户端断开连接
[Mon Jul 20 2015 10:58:01 GMT+0800 (中国标准时间)] 
有客户端断开连接
[Mon Jul 20 2015 10:58:01 GMT+0800 (中国标准时间)] 
有客户端断开连接
[Mon Jul 20 2015 10:58:01 GMT+0800 (中国标准时间)] 
有客户端断开连接
[Mon Jul 20 2015 10:58:01 GMT+0800 (中国标准时间)] 
有客户端断开连接
[Mon Jul 20 2015 10:58:01 GMT+0800 (中国标准时间)] 
有客户端断开连接
[Mon Jul 20 2015 11:00:05 GMT+0800 (中国标准时间)] 
有客户端断开连接
[Mon Jul 20 2015 11:00:06 GMT+0800 (中国标准时间)] 
有客户端断开连接
[Mon Jul 20 2015 11:00:06 GMT+0800 (中国标准时间)] 
有客户端断开连接
[Mon Jul 20 2015 11:00:07 GMT+0800 (中国标准时间)] 
有客户端断开连接
[Mon Jul 20 2015 11:00:07 GMT+0800 (中国标准时间)] 
有客户端断开连接
[Mon Jul 20 2015 11:00:07 GMT+0800 (中国标准时间)] 
有客户端断开连接
[Mon Jul 20 2015 11:00:08 GMT+0800 (中国标准时间)] 
有客户端断开连接
[Mon Jul 20 2015 11:00:08 GMT+0800 (中国标准时间)] 
有客户端断开连接
[Mon Jul 20 2015 11:00:09 GMT+0800 (中国标准时间)] 
有客户端断开连接
[Mon Jul 20 2015 11:00:09 GMT+0800 (中国标准时间)] 
有客户端断开连接
[Mon Jul 20 2015 11:00:09 GMT+0800 (中国标准时间)] 
有客户端断开连接
[Mon Jul 20 2015 11:00:10 GMT+0800 (中国标准时间)] 
有客户端断开连接
[Mon Jul 20 2015 11:00:10 GMT+0800 (中国标准时间)] 
有客户端断开连接
[Mon Jul 20 2015 11:00:10 GMT+0800 (中国标准时间)] 
有客户端断开连接
[Mon Jul 20 2015 11:00:12 GMT+0800 (中国标准时间)] 
有客户端断开连接
[Mon Jul 20 2015 11:00:12 GMT+0800 (中国标准时间)] 
有客户端断开连接
[Mon Jul 20 2015 11:00:12 GMT+0800 (中国标准时间)] 
有客户端断开连接
[Mon Jul 20 2015 11:00:12 GMT+0800 (中国标准时间)] 
有客户端断开连接
[Mon Jul 20 2015 11:00:12 GMT+0800 (中国标准时间)] 
有客户端断开连接
[Mon Jul 20 2015 11:00:12 GMT+0800 (中国标准时间)] 
有客户端断开连接
[Mon Jul 20 2015 11:00:12 GMT+0800 (中国标准时间)] 
有客户端断开连接
[Mon Jul 20 2015 11:00:12 GMT+0800 (中国标准时间)] 
有客户端断开连接
[Mon Jul 20 2015 11:00:12 GMT+0800 (中国标准时间)] 
有客户端断开连接
[Mon Jul 20 2015 11:00:12 GMT+0800 (中国标准时间)] 
有客户端断开连接
[Mon Jul 20 2015 11:00:12 GMT+0800 (中国标准时间)] 
有客户端断开连接
[Mon Jul 20 2015 11:10:53 GMT+0800 (中国标准时间)] 
有客户端断开连接
[Mon Jul 20 2015 11:13:46 GMT+0800 (中国标准时间)] 
有客户端断开连接
[Mon Jul 20 2015 11:13:48 GMT+0800 (中国标准时间)] 
有客户端断开连接
[Mon Jul 20 2015 11:13:48 GMT+0800 (中国标准时间)] 
有客户端断开连接
[Mon Jul 20 2015 11:13:49 GMT+0800 (中国标准时间)] 
有客户端断开连接
[Mon Jul 20 2015 11:13:51 GMT+0800 (中国标准时间)] 
有客户端断开连接
[Mon Jul 20 2015 11:13:52 GMT+0800 (中国标准时间)] 
有客户端断开连接
[Mon Jul 20 2015 11:13:53 GMT+0800 (中国标准时间)] 
有客户端断开连接
[Mon Jul 20 2015 11:13:54 GMT+0800 (中国标准时间)] 
有客户端断开连接
[Mon Jul 20 2015 11:14:05 GMT+0800 (中国标准时间)] 
有客户端断开连接
[Mon Jul 20 2015 11:14:07 GMT+0800 (中国标准时间)] 
有客户端断开连接
[Mon Jul 20 2015 11:31:09 GMT+0800 (中国标准时间)] 
有客户端断开连接
[Mon Jul 20 2015 11:33:19 GMT+0800 (中国标准时间)] 
有客户端断开连接
[Mon Jul 20 2015 11:33:21 GMT+0800 (中国标准时间)] 
有客户端断开连接
[Mon Jul 20 2015 11:33:22 GMT+0800 (中国标准时间)] 
有客户端断开连接
[Mon Jul 20 2015 11:33:23 GMT+0800 (中国标准时间)] 
有客户端断开连接
[Mon Jul 20 2015 11:33:24 GMT+0800 (中国标准时间)] 
有客户端断开连接
[Mon Jul 20 2015 11:33:24 GMT+0800 (中国标准时间)] 
有客户端断开连接
[Mon Jul 20 2015 11:33:25 GMT+0800 (中国标准时间)] 
有客户端断开连接
[Mon Jul 20 2015 11:33:26 GMT+0800 (中国标准时间)] 
有客户端断开连接
[Mon Jul 20 2015 11:33:27 GMT+0800 (中国标准时间)] 
有客户端断开连接
[Mon Jul 20 2015 11:33:31 GMT+0800 (中国标准时间)] 
有客户端断开连接
[Mon Jul 20 2015 11:33:36 GMT+0800 (中国标准时间)] 
有客户端断开连接
[Mon Jul 20 2015 11:42:24 GMT+0800 (中国标准时间)] 
有客户端断开连接
[Mon Jul 20 2015 11:42:25 GMT+0800 (中国标准时间)] 
有客户端断开连接
[Mon Jul 20 2015 11:42:26 GMT+0800 (中国标准时间)] 
有客户端断开连接
[Mon Jul 20 2015 11:42:28 GMT+0800 (中国标准时间)] 
有客户端断开连接
[Mon Jul 20 2015 11:42:29 GMT+0800 (中国标准时间)] 
有客户端断开连接
[Mon Jul 20 2015 11:42:30 GMT+0800 (中国标准时间)] 
有客户端断开连接
[Mon Jul 20 2015 11:42:30 GMT+0800 (中国标准时间)] 
有客户端断开连接
[Mon Jul 20 2015 11:42:50 GMT+0800 (中国标准时间)] 
有客户端断开连接
[Mon Jul 20 2015 11:42:58 GMT+0800 (中国标准时间)] 
有客户端断开连接
[Mon Jul 20 2015 11:43:31 GMT+0800 (中国标准时间)] 
有客户端断开连接
[Mon Jul 20 2015 11:43:38 GMT+0800 (中国标准时间)] 
有客户端断开连接
[Mon Jul 20 2015 11:46:27 GMT+0800 (中国标准时间)] 
有客户端断开连接
[Mon Jul 20 2015 11:48:49 GMT+0800 (中国标准时间)] 
有客户端断开连接
[Mon Jul 20 2015 11:48:51 GMT+0800 (中国标准时间)] 
有客户端断开连接
[Mon Jul 20 2015 11:48:52 GMT+0800 (中国标准时间)] 
有客户端断开连接
[Mon Jul 20 2015 11:48:53 GMT+0800 (中国标准时间)] 
有客户端断开连接
[Mon Jul 20 2015 11:48:54 GMT+0800 (中国标准时间)] 
有客户端断开连接
[Mon Jul 20 2015 11:48:55 GMT+0800 (中国标准时间)] 
有客户端断开连接
[Mon Jul 20 2015 11:48:56 GMT+0800 (中国标准时间)] 
有客户端断开连接
[Mon Jul 20 2015 11:48:57 GMT+0800 (中国标准时间)] 
有客户端断开连接
[Mon Jul 20 2015 11:48:58 GMT+0800 (中国标准时间)] 
有客户端断开连接
[Mon Jul 20 2015 11:48:58 GMT+0800 (中国标准时间)] 
有客户端断开连接
[Mon Jul 20 2015 12:13:19 GMT+0800 (中国标准时间)] 
有客户端断开连接
[Mon Jul 20 2015 12:14:38 GMT+0800 (中国标准时间)] 
有客户端断开连接
[Mon Jul 20 2015 12:19:15 GMT+0800 (中国标准时间)] 
有客户端断开连接
[Mon Jul 20 2015 12:21:03 GMT+0800 (中国标准时间)] 
有客户端断开连接
[Mon Jul 20 2015 12:21:08 GMT+0800 (中国标准时间)] 
有客户端断开连接
[Mon Jul 20 2015 12:21:58 GMT+0800 (中国标准时间)] 
有客户端断开连接
[Mon Jul 20 2015 12:25:53 GMT+0800 (中国标准时间)] 
有客户端断开连接
[Mon Jul 20 2015 12:57:52 GMT+0800 (中国标准时间)] 
有客户端断开连接
[Mon Jul 20 2015 12:58:00 GMT+0800 (中国标准时间)] 
有客户端断开连接
[Mon Jul 20 2015 13:33:14 GMT+0800 (中国标准时间)] 
有客户端断开连接
[Mon Jul 20 2015 13:33:15 GMT+0800 (中国标准时间)] 
有客户端断开连接
[Mon Jul 20 2015 13:33:15 GMT+0800 (中国标准时间)] 
有客户端断开连接
[Mon Jul 20 2015 13:33:15 GMT+0800 (中国标准时间)] 
有客户端断开连接
[Mon Jul 20 2015 13:33:15 GMT+0800 (中国标准时间)] 
有客户端断开连接
[Mon Jul 20 2015 13:33:15 GMT+0800 (中国标准时间)] 
有客户端断开连接
[Mon Jul 20 2015 13:33:15 GMT+0800 (中国标准时间)] 
有客户端断开连接
[Mon Jul 20 2015 13:33:15 GMT+0800 (中国标准时间)] 
有客户端断开连接
[Mon Jul 20 2015 13:33:16 GMT+0800 (中国标准时间)] 
有客户端断开连接
[Mon Jul 20 2015 13:33:16 GMT+0800 (中国标准时间)] 
有客户端断开连接
[Mon Jul 20 2015 13:33:16 GMT+0800 (中国标准时间)] 
有客户端断开连接
[Mon Jul 20 2015 13:33:16 GMT+0800 (中国标准时间)] 
有客户端断开连接
[Mon Jul 20 2015 13:33:16 GMT+0800 (中国标准时间)] 
有客户端断开连接
[Mon Jul 20 2015 13:33:16 GMT+0800 (中国标准时间)] 
有客户端断开连接
[Mon Jul 20 2015 13:33:19 GMT+0800 (中国标准时间)] 
有客户端断开连接
[Mon Jul 20 2015 13:33:19 GMT+0800 (中国标准时间)] 
有客户端断开连接
[Mon Jul 20 2015 13:33:19 GMT+0800 (中国标准时间)] 
有客户端断开连接
[Mon Jul 20 2015 13:33:19 GMT+0800 (中国标准时间)] 
有客户端断开连接
[Mon Jul 20 2015 13:33:19 GMT+0800 (中国标准时间)] 
有客户端断开连接
[Mon Jul 20 2015 13:33:19 GMT+0800 (中国标准时间)] 
有客户端断开连接
[Mon Jul 20 2015 13:33:19 GMT+0800 (中国标准时间)] 
有客户端断开连接
[Mon Jul 20 2015 13:33:20 GMT+0800 (中国标准时间)] 
有客户端断开连接
[Mon Jul 20 2015 13:33:20 GMT+0800 (中国标准时间)] 
有客户端断开连接
[Mon Jul 20 2015 13:33:20 GMT+0800 (中国标准时间)] 
有客户端断开连接
[Mon Jul 20 2015 13:33:20 GMT+0800 (中国标准时间)] 
有客户端断开连接
[Mon Jul 20 2015 13:33:20 GMT+0800 (中国标准时间)] 
有客户端断开连接
[Mon Jul 20 2015 13:33:20 GMT+0800 (中国标准时间)] 
有客户端断开连接
[Mon Jul 20 2015 13:33:20 GMT+0800 (中国标准时间)] 
有客户端断开连接
[Mon Jul 20 2015 13:33:20 GMT+0800 (中国标准时间)] 
有客户端断开连接
[Mon Jul 20 2015 13:33:20 GMT+0800 (中国标准时间)] 
有客户端断开连接
[Mon Jul 20 2015 13:33:20 GMT+0800 (中国标准时间)] 
有客户端断开连接
[Mon Jul 20 2015 13:33:20 GMT+0800 (中国标准时间)] 
有客户端断开连接
[Mon Jul 20 2015 13:33:20 GMT+0800 (中国标准时间)] 
有客户端断开连接
[Mon Jul 20 2015 13:33:20 GMT+0800 (中国标准时间)] 
有客户端断开连接
[Mon Jul 20 2015 13:33:21 GMT+0800 (中国标准时间)] 
有客户端断开连接
[Mon Jul 20 2015 13:33:21 GMT+0800 (中国标准时间)] 
有客户端断开连接
[Mon Jul 20 2015 13:33:21 GMT+0800 (中国标准时间)] 
有客户端断开连接
[Mon Jul 20 2015 13:33:21 GMT+0800 (中国标准时间)] 
有客户端断开连接
[Mon Jul 20 2015 13:33:21 GMT+0800 (中国标准时间)] 
有客户端断开连接
[Mon Jul 20 2015 13:33:21 GMT+0800 (中国标准时间)] 
有客户端断开连接
[Mon Jul 20 2015 13:33:21 GMT+0800 (中国标准时间)] 
有客户端断开连接
[Mon Jul 20 2015 13:33:21 GMT+0800 (中国标准时间)] 
有客户端断开连接
[Mon Jul 20 2015 13:33:21 GMT+0800 (中国标准时间)] 
有客户端断开连接
[Mon Jul 20 2015 13:33:21 GMT+0800 (中国标准时间)] 
有客户端断开连接
[Mon Jul 20 2015 13:33:21 GMT+0800 (中国标准时间)] 
有客户端断开连接
[Mon Jul 20 2015 13:33:21 GMT+0800 (中国标准时间)] 
有客户端断开连接
[Mon Jul 20 2015 13:33:21 GMT+0800 (中国标准时间)] 
有客户端断开连接
[Mon Jul 20 2015 13:33:21 GMT+0800 (中国标准时间)] 
有客户端断开连接
[Mon Jul 20 2015 13:33:21 GMT+0800 (中国标准时间)] 
有客户端断开连接
[Mon Jul 20 2015 13:33:21 GMT+0800 (中国标准时间)] 
有客户端断开连接
[Mon Jul 20 2015 13:33:21 GMT+0800 (中国标准时间)] 
有客户端断开连接
[Mon Jul 20 2015 14:25:18 GMT+0800 (中国标准时间)] 
有客户端断开连接
[Mon Jul 20 2015 14:25:47 GMT+0800 (中国标准时间)] 
有客户端断开连接
[Mon Jul 20 2015 14:26:52 GMT+0800 (中国标准时间)] 
有客户端断开连接
[Mon Jul 20 2015 14:27:10 GMT+0800 (中国标准时间)] 
有客户端断开连接
[Mon Jul 20 2015 14:27:17 GMT+0800 (中国标准时间)] 
有客户端断开连接
[Mon Jul 20 2015 14:33:37 GMT+0800 (中国标准时间)] 
有客户端断开连接
[Mon Jul 20 2015 14:33:49 GMT+0800 (中国标准时间)] 
有客户端断开连接
[Mon Jul 20 2015 14:36:46 GMT+0800 (中国标准时间)] 
有客户端断开连接
[Mon Jul 20 2015 14:37:56 GMT+0800 (中国标准时间)] 
有客户端断开连接
[Mon Jul 20 2015 14:40:43 GMT+0800 (中国标准时间)] 
有客户端断开连接
[Mon Jul 20 2015 14:40:54 GMT+0800 (中国标准时间)] 
有客户端断开连接
[Mon Jul 20 2015 14:42:02 GMT+0800 (中国标准时间)] 
有客户端断开连接
[Mon Jul 20 2015 14:42:12 GMT+0800 (中国标准时间)] 
有客户端断开连接
[Mon Jul 20 2015 14:42:32 GMT+0800 (中国标准时间)] 
有客户端断开连接
[Mon Jul 20 2015 14:42:52 GMT+0800 (中国标准时间)] 
有客户端断开连接
[Mon Jul 20 2015 14:43:22 GMT+0800 (中国标准时间)] 
有客户端断开连接
[Mon Jul 20 2015 14:43:26 GMT+0800 (中国标准时间)] 
有客户端断开连接
[Mon Jul 20 2015 14:43:41 GMT+0800 (中国标准时间)] 
有客户端断开连接
[Mon Jul 20 2015 14:56:55 GMT+0800 (中国标准时间)] 
有客户端断开连接
[Mon Jul 20 2015 14:56:55 GMT+0800 (中国标准时间)] 
有客户端断开连接
[Mon Jul 20 2015 14:56:55 GMT+0800 (中国标准时间)] 
有客户端断开连接
[Mon Jul 20 2015 14:56:55 GMT+0800 (中国标准时间)] 
有客户端断开连接
[Mon Jul 20 2015 14:56:55 GMT+0800 (中国标准时间)] 
有客户端断开连接
[Mon Jul 20 2015 14:56:55 GMT+0800 (中国标准时间)] 
有客户端断开连接
[Mon Jul 20 2015 14:56:55 GMT+0800 (中国标准时间)] 
有客户端断开连接
[Mon Jul 20 2015 14:56:55 GMT+0800 (中国标准时间)] 
有客户端断开连接
[Mon Jul 20 2015 14:56:55 GMT+0800 (中国标准时间)] 
有客户端断开连接
[Mon Jul 20 2015 14:56:56 GMT+0800 (中国标准时间)] 
有客户端断开连接
[Mon Jul 20 2015 14:56:56 GMT+0800 (中国标准时间)] 
有客户端断开连接
[Mon Jul 20 2015 15:12:40 GMT+0800 (中国标准时间)] 
有客户端断开连接
[Mon Jul 20 2015 15:12:48 GMT+0800 (中国标准时间)] 
有客户端断开连接
[Mon Jul 20 2015 15:12:56 GMT+0800 (中国标准时间)] 
有客户端断开连接
[Mon Jul 20 2015 15:13:01 GMT+0800 (中国标准时间)] 
有客户端断开连接
[Mon Jul 20 2015 15:16:48 GMT+0800 (中国标准时间)] 
有客户端断开连接
[Mon Jul 20 2015 15:17:18 GMT+0800 (中国标准时间)] 
有客户端断开连接
[Mon Jul 20 2015 15:26:35 GMT+0800 (中国标准时间)] 
有客户端断开连接
[Mon Jul 20 2015 15:30:26 GMT+0800 (中国标准时间)] 
有客户端断开连接
[Mon Jul 20 2015 15:35:30 GMT+0800 (中国标准时间)] 
有客户端断开连接
[Mon Jul 20 2015 15:37:07 GMT+0800 (中国标准时间)] 
有客户端断开连接
[Mon Jul 20 2015 15:37:09 GMT+0800 (中国标准时间)] 
有客户端断开连接
[Mon Jul 20 2015 15:37:11 GMT+0800 (中国标准时间)] 
有客户端断开连接
[Mon Jul 20 2015 15:37:12 GMT+0800 (中国标准时间)] 
有客户端断开连接
[Mon Jul 20 2015 15:37:13 GMT+0800 (中国标准时间)] 
有客户端断开连接
[Mon Jul 20 2015 15:37:15 GMT+0800 (中国标准时间)] 
有客户端断开连接
[Mon Jul 20 2015 15:37:17 GMT+0800 (中国标准时间)] 
有客户端断开连接
[Mon Jul 20 2015 15:37:56 GMT+0800 (中国标准时间)] 
有客户端断开连接
[Mon Jul 20 2015 15:38:22 GMT+0800 (中国标准时间)] 
有客户端断开连接
[Mon Jul 20 2015 15:43:04 GMT+0800 (中国标准时间)] 
有客户端断开连接
[Mon Jul 20 2015 15:51:19 GMT+0800 (中国标准时间)] 
有客户端断开连接
[Mon Jul 20 2015 15:54:08 GMT+0800 (中国标准时间)] 
有客户端断开连接
[Mon Jul 20 2015 15:54:18 GMT+0800 (中国标准时间)] 
有客户端断开连接
[Mon Jul 20 2015 15:57:55 GMT+0800 (中国标准时间)] 
有客户端断开连接
[Mon Jul 20 2015 16:00:51 GMT+0800 (中国标准时间)] 
有客户端断开连接
[Mon Jul 20 2015 16:08:11 GMT+0800 (中国标准时间)] 
有客户端断开连接
[Mon Jul 20 2015 16:08:11 GMT+0800 (中国标准时间)] 
有客户端断开连接
[Mon Jul 20 2015 16:08:12 GMT+0800 (中国标准时间)] 
有客户端断开连接
[Mon Jul 20 2015 16:08:36 GMT+0800 (中国标准时间)] 
有客户端断开连接
[Mon Jul 20 2015 16:08:45 GMT+0800 (中国标准时间)] 
有客户端断开连接
[Mon Jul 20 2015 16:09:14 GMT+0800 (中国标准时间)] 
有客户端断开连接
[Mon Jul 20 2015 16:09:14 GMT+0800 (中国标准时间)] 
有客户端断开连接
[Mon Jul 20 2015 16:09:14 GMT+0800 (中国标准时间)] 
有客户端断开连接
[Mon Jul 20 2015 16:12:24 GMT+0800 (中国标准时间)] 
有客户端断开连接
[Mon Jul 20 2015 16:12:56 GMT+0800 (中国标准时间)] 
有客户端断开连接
[Mon Jul 20 2015 16:13:04 GMT+0800 (中国标准时间)] 
有客户端断开连接
