[Mon Jul 13 2015 11:39:59 GMT+0800 (中国标准时间)] /
Error: ENOENT, stat 'C:\Users\2015\Desktop\send and save\client1.html'
    at Error (native)
[Thu Jul 16 2015 17:56:23 GMT+0800 (中国标准时间)] 
有客户端断开连接
[Thu Jul 16 2015 17:56:23 GMT+0800 (中国标准时间)] 
有客户端断开连接
[Thu Jul 16 2015 17:56:23 GMT+0800 (中国标准时间)] 
有客户端断开连接
[Thu Jul 16 2015 17:56:25 GMT+0800 (中国标准时间)] 
有客户端断开连接
[Thu Jul 16 2015 17:56:25 GMT+0800 (中国标准时间)] 
有客户端断开连接
[Thu Jul 16 2015 17:56:25 GMT+0800 (中国标准时间)] 
有客户端断开连接
[Thu Jul 16 2015 17:56:25 GMT+0800 (中国标准时间)] 
有客户端断开连接
[Thu Jul 16 2015 17:59:48 GMT+0800 (中国标准时间)] 
有客户端断开连接
[Thu Jul 16 2015 17:59:52 GMT+0800 (中国标准时间)] 
有客户端断开连接
[Thu Jul 16 2015 18:00:18 GMT+0800 (中国标准时间)] 
有客户端断开连接
[Thu Jul 16 2015 18:00:18 GMT+0800 (中国标准时间)] 
有客户端断开连接
[Thu Jul 16 2015 18:00:18 GMT+0800 (中国标准时间)] 
有客户端断开连接
[Thu Jul 16 2015 18:00:18 GMT+0800 (中国标准时间)] 
有客户端断开连接
[Thu Jul 16 2015 18:00:18 GMT+0800 (中国标准时间)] 
有客户端断开连接
[Thu Jul 16 2015 18:00:18 GMT+0800 (中国标准时间)] 
有客户端断开连接
[Thu Jul 16 2015 18:00:18 GMT+0800 (中国标准时间)] 
有客户端断开连接
[Thu Jul 16 2015 18:00:18 GMT+0800 (中国标准时间)] 
有客户端断开连接
[Thu Jul 16 2015 18:00:18 GMT+0800 (中国标准时间)] 
有客户端断开连接
[Thu Jul 16 2015 18:00:18 GMT+0800 (中国标准时间)] 
有客户端断开连接
[Thu Jul 16 2015 18:00:18 GMT+0800 (中国标准时间)] 
有客户端断开连接
[Thu Jul 16 2015 18:00:35 GMT+0800 (中国标准时间)] 
有客户端断开连接
[Thu Jul 16 2015 18:01:37 GMT+0800 (中国标准时间)] 
有客户端断开连接
[Thu Jul 16 2015 18:01:37 GMT+0800 (中国标准时间)] 
有客户端断开连接
[Thu Jul 16 2015 18:01:37 GMT+0800 (中国标准时间)] 
有客户端断开连接
[Thu Jul 16 2015 18:01:37 GMT+0800 (中国标准时间)] 
有客户端断开连接
[Thu Jul 16 2015 18:01:37 GMT+0800 (中国标准时间)] 
有客户端断开连接
[Thu Jul 16 2015 18:01:39 GMT+0800 (中国标准时间)] 
有客户端断开连接
[Thu Jul 16 2015 18:01:39 GMT+0800 (中国标准时间)] 
有客户端断开连接
[Thu Jul 16 2015 18:01:39 GMT+0800 (中国标准时间)] 
有客户端断开连接
[Thu Jul 16 2015 18:01:41 GMT+0800 (中国标准时间)] 
有客户端断开连接
[Thu Jul 16 2015 18:01:41 GMT+0800 (中国标准时间)] 
有客户端断开连接
[Thu Jul 16 2015 18:01:42 GMT+0800 (中国标准时间)] 
有客户端断开连接
[Thu Jul 16 2015 18:01:42 GMT+0800 (中国标准时间)] 
有客户端断开连接
[Thu Jul 16 2015 18:01:42 GMT+0800 (中国标准时间)] 
有客户端断开连接
[Thu Jul 16 2015 18:01:42 GMT+0800 (中国标准时间)] 
有客户端断开连接
[Thu Jul 16 2015 18:01:42 GMT+0800 (中国标准时间)] 
有客户端断开连接
[Thu Jul 16 2015 18:01:42 GMT+0800 (中国标准时间)] 
有客户端断开连接
[Thu Jul 16 2015 18:01:42 GMT+0800 (中国标准时间)] 
有客户端断开连接
[Thu Jul 16 2015 18:01:52 GMT+0800 (中国标准时间)] 
有客户端断开连接
[Thu Jul 16 2015 18:01:57 GMT+0800 (中国标准时间)] 
有客户端断开连接
[Thu Jul 16 2015 18:01:59 GMT+0800 (中国标准时间)] 
有客户端断开连接
[Thu Jul 16 2015 18:01:59 GMT+0800 (中国标准时间)] 
有客户端断开连接
[Thu Jul 16 2015 18:02:09 GMT+0800 (中国标准时间)] 
有客户端断开连接
[Thu Jul 16 2015 18:02:13 GMT+0800 (中国标准时间)] 
有客户端断开连接
[Thu Jul 16 2015 18:02:16 GMT+0800 (中国标准时间)] 
有客户端断开连接
[Thu Jul 16 2015 18:02:16 GMT+0800 (中国标准时间)] 
有客户端断开连接
[Thu Jul 16 2015 18:02:17 GMT+0800 (中国标准时间)] 
有客户端断开连接
[Thu Jul 16 2015 18:02:18 GMT+0800 (中国标准时间)] 
有客户端断开连接
[Thu Jul 16 2015 18:02:20 GMT+0800 (中国标准时间)] 
有客户端断开连接
[Thu Jul 16 2015 18:02:20 GMT+0800 (中国标准时间)] 
有客户端断开连接
[Thu Jul 16 2015 18:02:22 GMT+0800 (中国标准时间)] 
有客户端断开连接
[Thu Jul 16 2015 18:02:23 GMT+0800 (中国标准时间)] 
有客户端断开连接
[Thu Jul 16 2015 18:02:24 GMT+0800 (中国标准时间)] 
有客户端断开连接
[Thu Jul 16 2015 18:02:26 GMT+0800 (中国标准时间)] 
有客户端断开连接
[Thu Jul 16 2015 18:02:26 GMT+0800 (中国标准时间)] 
有客户端断开连接
[Thu Jul 16 2015 18:02:28 GMT+0800 (中国标准时间)] 
有客户端断开连接
[Thu Jul 16 2015 18:02:30 GMT+0800 (中国标准时间)] 
有客户端断开连接
[Thu Jul 16 2015 18:02:33 GMT+0800 (中国标准时间)] 
有客户端断开连接
[Thu Jul 16 2015 18:02:36 GMT+0800 (中国标准时间)] 
有客户端断开连接
[Thu Jul 16 2015 18:02:39 GMT+0800 (中国标准时间)] 
有客户端断开连接
[Thu Jul 16 2015 18:02:41 GMT+0800 (中国标准时间)] 
有客户端断开连接
[Thu Jul 16 2015 18:02:44 GMT+0800 (中国标准时间)] 
有客户端断开连接
[Thu Jul 16 2015 18:02:47 GMT+0800 (中国标准时间)] 
有客户端断开连接
[Thu Jul 16 2015 18:02:50 GMT+0800 (中国标准时间)] 
有客户端断开连接
[Thu Jul 16 2015 18:02:52 GMT+0800 (中国标准时间)] 
有客户端断开连接
[Thu Jul 16 2015 18:02:54 GMT+0800 (中国标准时间)] 
有客户端断开连接
[Thu Jul 16 2015 18:02:56 GMT+0800 (中国标准时间)] 
有客户端断开连接
[Fri Jul 17 2015 08:49:57 GMT+0800 (中国标准时间)] 
有客户端断开连接
[Fri Jul 17 2015 08:49:59 GMT+0800 (中国标准时间)] 
有客户端断开连接
[Fri Jul 17 2015 08:50:00 GMT+0800 (中国标准时间)] 
有客户端断开连接
[Fri Jul 17 2015 08:50:00 GMT+0800 (中国标准时间)] 
有客户端断开连接
[Fri Jul 17 2015 08:50:00 GMT+0800 (中国标准时间)] 
有客户端断开连接
[Fri Jul 17 2015 08:50:12 GMT+0800 (中国标准时间)] 
有客户端断开连接
[Fri Jul 17 2015 08:50:15 GMT+0800 (中国标准时间)] 
有客户端断开连接
[Fri Jul 17 2015 08:50:37 GMT+0800 (中国标准时间)] 
有客户端断开连接
[Fri Jul 17 2015 08:50:45 GMT+0800 (中国标准时间)] 
有客户端断开连接
[Fri Jul 17 2015 08:50:53 GMT+0800 (中国标准时间)] 
有客户端断开连接
[Fri Jul 17 2015 08:51:36 GMT+0800 (中国标准时间)] 
有客户端断开连接
[Fri Jul 17 2015 08:51:36 GMT+0800 (中国标准时间)] 
有客户端断开连接
[Fri Jul 17 2015 08:51:36 GMT+0800 (中国标准时间)] 
有客户端断开连接
[Fri Jul 17 2015 08:51:36 GMT+0800 (中国标准时间)] 
有客户端断开连接
[Fri Jul 17 2015 08:51:37 GMT+0800 (中国标准时间)] 
有客户端断开连接
[Fri Jul 17 2015 08:51:59 GMT+0800 (中国标准时间)] 
有客户端断开连接
[Fri Jul 17 2015 08:52:00 GMT+0800 (中国标准时间)] 
有客户端断开连接
[Fri Jul 17 2015 08:52:03 GMT+0800 (中国标准时间)] 
有客户端断开连接
[Fri Jul 17 2015 08:52:04 GMT+0800 (中国标准时间)] 
有客户端断开连接
[Fri Jul 17 2015 08:52:05 GMT+0800 (中国标准时间)] 
有客户端断开连接
[Fri Jul 17 2015 08:52:07 GMT+0800 (中国标准时间)] 
有客户端断开连接
[Fri Jul 17 2015 08:52:07 GMT+0800 (中国标准时间)] 
有客户端断开连接
[Fri Jul 17 2015 08:52:10 GMT+0800 (中国标准时间)] 
有客户端断开连接
[Fri Jul 17 2015 08:52:12 GMT+0800 (中国标准时间)] 
有客户端断开连接
[Fri Jul 17 2015 08:52:13 GMT+0800 (中国标准时间)] 
有客户端断开连接
[Fri Jul 17 2015 08:52:14 GMT+0800 (中国标准时间)] 
有客户端断开连接
[Fri Jul 17 2015 08:52:15 GMT+0800 (中国标准时间)] 
有客户端断开连接
[Fri Jul 17 2015 08:52:18 GMT+0800 (中国标准时间)] 
有客户端断开连接
[Fri Jul 17 2015 08:52:19 GMT+0800 (中国标准时间)] 
有客户端断开连接
[Fri Jul 17 2015 08:52:20 GMT+0800 (中国标准时间)] 
有客户端断开连接
[Fri Jul 17 2015 08:52:21 GMT+0800 (中国标准时间)] 
有客户端断开连接
[Fri Jul 17 2015 08:52:22 GMT+0800 (中国标准时间)] 
有客户端断开连接
[Fri Jul 17 2015 08:52:24 GMT+0800 (中国标准时间)] 
有客户端断开连接
[Fri Jul 17 2015 08:52:25 GMT+0800 (中国标准时间)] 
有客户端断开连接
[Fri Jul 17 2015 08:52:26 GMT+0800 (中国标准时间)] 
有客户端断开连接
[Fri Jul 17 2015 08:52:28 GMT+0800 (中国标准时间)] 
有客户端断开连接
[Fri Jul 17 2015 08:52:28 GMT+0800 (中国标准时间)] 
有客户端断开连接
[Fri Jul 17 2015 08:52:31 GMT+0800 (中国标准时间)] 
有客户端断开连接
[Fri Jul 17 2015 08:56:51 GMT+0800 (中国标准时间)] 
有客户端断开连接
[Fri Jul 17 2015 08:56:56 GMT+0800 (中国标准时间)] 
有客户端断开连接
[Fri Jul 17 2015 08:56:57 GMT+0800 (中国标准时间)] 
有客户端断开连接
[Fri Jul 17 2015 08:56:59 GMT+0800 (中国标准时间)] 
有客户端断开连接
[Fri Jul 17 2015 08:57:01 GMT+0800 (中国标准时间)] 
有客户端断开连接
[Fri Jul 17 2015 09:03:24 GMT+0800 (中国标准时间)] 
有客户端断开连接
[Fri Jul 17 2015 09:03:27 GMT+0800 (中国标准时间)] 
有客户端断开连接
[Fri Jul 17 2015 09:03:35 GMT+0800 (中国标准时间)] 
有客户端断开连接
[Fri Jul 17 2015 09:03:39 GMT+0800 (中国标准时间)] 
有客户端断开连接
[Fri Jul 17 2015 09:03:39 GMT+0800 (中国标准时间)] 
有客户端断开连接
[Fri Jul 17 2015 09:03:42 GMT+0800 (中国标准时间)] 
有客户端断开连接
[Fri Jul 17 2015 09:03:43 GMT+0800 (中国标准时间)] 
有客户端断开连接
[Fri Jul 17 2015 09:03:47 GMT+0800 (中国标准时间)] 
有客户端断开连接
[Fri Jul 17 2015 09:03:47 GMT+0800 (中国标准时间)] 
有客户端断开连接
[Fri Jul 17 2015 09:03:47 GMT+0800 (中国标准时间)] 
有客户端断开连接
[Fri Jul 17 2015 09:03:48 GMT+0800 (中国标准时间)] 
有客户端断开连接
[Fri Jul 17 2015 09:11:47 GMT+0800 (中国标准时间)] 
有客户端断开连接
[Fri Jul 17 2015 09:11:48 GMT+0800 (中国标准时间)] 
有客户端断开连接
[Fri Jul 17 2015 09:11:48 GMT+0800 (中国标准时间)] 
有客户端断开连接
[Fri Jul 17 2015 09:11:52 GMT+0800 (中国标准时间)] 
有客户端断开连接
[Fri Jul 17 2015 09:11:54 GMT+0800 (中国标准时间)] 
有客户端断开连接
[Fri Jul 17 2015 09:11:54 GMT+0800 (中国标准时间)] 
有客户端断开连接
[Fri Jul 17 2015 09:11:54 GMT+0800 (中国标准时间)] 
有客户端断开连接
[Fri Jul 17 2015 09:11:55 GMT+0800 (中国标准时间)] 
有客户端断开连接
[Fri Jul 17 2015 09:22:26 GMT+0800 (中国标准时间)] 
有客户端断开连接
[Fri Jul 17 2015 09:59:07 GMT+0800 (中国标准时间)] 
有客户端断开连接
[Fri Jul 17 2015 09:59:09 GMT+0800 (中国标准时间)] 
有客户端断开连接
[Fri Jul 17 2015 09:59:09 GMT+0800 (中国标准时间)] 
有客户端断开连接
[Fri Jul 17 2015 10:00:31 GMT+0800 (中国标准时间)] 
有客户端断开连接
[Fri Jul 17 2015 10:00:33 GMT+0800 (中国标准时间)] 
有客户端断开连接
[Fri Jul 17 2015 10:00:34 GMT+0800 (中国标准时间)] 
有客户端断开连接
[Fri Jul 17 2015 10:00:34 GMT+0800 (中国标准时间)] 
有客户端断开连接
[Fri Jul 17 2015 10:00:34 GMT+0800 (中国标准时间)] 
有客户端断开连接
[Fri Jul 17 2015 10:00:35 GMT+0800 (中国标准时间)] 
有客户端断开连接
[Fri Jul 17 2015 10:02:30 GMT+0800 (中国标准时间)] 
有客户端断开连接
[Fri Jul 17 2015 10:02:31 GMT+0800 (中国标准时间)] 
有客户端断开连接
[Fri Jul 17 2015 10:02:32 GMT+0800 (中国标准时间)] 
有客户端断开连接
[Fri Jul 17 2015 10:02:33 GMT+0800 (中国标准时间)] 
有客户端断开连接
[Fri Jul 17 2015 10:02:34 GMT+0800 (中国标准时间)] 
有客户端断开连接
[Fri Jul 17 2015 10:02:35 GMT+0800 (中国标准时间)] 
有客户端断开连接
[Fri Jul 17 2015 10:02:36 GMT+0800 (中国标准时间)] 
有客户端断开连接
[Fri Jul 17 2015 10:02:37 GMT+0800 (中国标准时间)] 
有客户端断开连接
[Fri Jul 17 2015 10:02:37 GMT+0800 (中国标准时间)] 
有客户端断开连接
[Fri Jul 17 2015 10:02:40 GMT+0800 (中国标准时间)] 
有客户端断开连接
[Fri Jul 17 2015 10:05:54 GMT+0800 (中国标准时间)] 
有客户端断开连接
[Fri Jul 17 2015 10:06:01 GMT+0800 (中国标准时间)] 
有客户端断开连接
[Fri Jul 17 2015 10:06:21 GMT+0800 (中国标准时间)] 
有客户端断开连接
[Fri Jul 17 2015 10:06:22 GMT+0800 (中国标准时间)] 
有客户端断开连接
[Fri Jul 17 2015 10:06:25 GMT+0800 (中国标准时间)] 
有客户端断开连接
[Fri Jul 17 2015 10:06:27 GMT+0800 (中国标准时间)] 
有客户端断开连接
[Fri Jul 17 2015 10:06:28 GMT+0800 (中国标准时间)] 
有客户端断开连接
[Fri Jul 17 2015 10:06:30 GMT+0800 (中国标准时间)] 
有客户端断开连接
[Fri Jul 17 2015 10:06:32 GMT+0800 (中国标准时间)] 
有客户端断开连接
[Fri Jul 17 2015 10:06:34 GMT+0800 (中国标准时间)] 
有客户端断开连接
[Fri Jul 17 2015 10:06:35 GMT+0800 (中国标准时间)] 
有客户端断开连接
[Fri Jul 17 2015 10:06:37 GMT+0800 (中国标准时间)] 
有客户端断开连接
[Fri Jul 17 2015 10:07:40 GMT+0800 (中国标准时间)] 
有客户端断开连接
[Fri Jul 17 2015 10:07:40 GMT+0800 (中国标准时间)] 
有客户端断开连接
[Fri Jul 17 2015 10:07:46 GMT+0800 (中国标准时间)] 
有客户端断开连接
[Fri Jul 17 2015 10:07:48 GMT+0800 (中国标准时间)] 
有客户端断开连接
[Fri Jul 17 2015 10:07:50 GMT+0800 (中国标准时间)] 
有客户端断开连接
[Fri Jul 17 2015 10:07:52 GMT+0800 (中国标准时间)] 
有客户端断开连接
[Fri Jul 17 2015 10:07:53 GMT+0800 (中国标准时间)] 
有客户端断开连接
[Fri Jul 17 2015 10:07:55 GMT+0800 (中国标准时间)] 
有客户端断开连接
[Fri Jul 17 2015 13:30:19 GMT+0800 (中国标准时间)] 
有客户端断开连接
[Fri Jul 17 2015 13:30:24 GMT+0800 (中国标准时间)] 
有客户端断开连接
[Fri Jul 17 2015 13:30:29 GMT+0800 (中国标准时间)] 
有客户端断开连接
[Fri Jul 17 2015 13:38:16 GMT+0800 (中国标准时间)] 
有客户端断开连接
[Fri Jul 17 2015 13:38:16 GMT+0800 (中国标准时间)] 
有客户端断开连接
[Fri Jul 17 2015 13:38:16 GMT+0800 (中国标准时间)] 
有客户端断开连接
[Fri Jul 17 2015 13:47:01 GMT+0800 (中国标准时间)] 
有客户端断开连接
[Fri Jul 17 2015 13:47:01 GMT+0800 (中国标准时间)] 
有客户端断开连接
[Fri Jul 17 2015 13:47:01 GMT+0800 (中国标准时间)] 
有客户端断开连接
[Fri Jul 17 2015 13:50:05 GMT+0800 (中国标准时间)] 
有客户端断开连接
[Fri Jul 17 2015 13:50:05 GMT+0800 (中国标准时间)] 
有客户端断开连接
[Fri Jul 17 2015 13:50:06 GMT+0800 (中国标准时间)] 
有客户端断开连接
[Fri Jul 17 2015 13:50:06 GMT+0800 (中国标准时间)] 
有客户端断开连接
[Fri Jul 17 2015 13:50:06 GMT+0800 (中国标准时间)] 
有客户端断开连接
[Sun Jul 19 2015 12:15:09 GMT+0800 (中国标准时间)] 
有客户端断开连接
[Sun Jul 19 2015 12:15:57 GMT+0800 (中国标准时间)] 
有客户端断开连接
[Sun Jul 19 2015 12:15:59 GMT+0800 (中国标准时间)] 
有客户端断开连接
[Sun Jul 19 2015 12:15:59 GMT+0800 (中国标准时间)] 
有客户端断开连接
[Sun Jul 19 2015 12:16:00 GMT+0800 (中国标准时间)] 
有客户端断开连接
[Sun Jul 19 2015 12:16:01 GMT+0800 (中国标准时间)] 
有客户端断开连接
[Sun Jul 19 2015 12:16:01 GMT+0800 (中国标准时间)] 
有客户端断开连接
[Sun Jul 19 2015 12:16:03 GMT+0800 (中国标准时间)] 
有客户端断开连接
[Sun Jul 19 2015 12:16:03 GMT+0800 (中国标准时间)] 
有客户端断开连接
[Sun Jul 19 2015 12:16:30 GMT+0800 (中国标准时间)] 
有客户端断开连接
[Sun Jul 19 2015 12:17:10 GMT+0800 (中国标准时间)] 
有客户端断开连接
[Sun Jul 19 2015 12:17:24 GMT+0800 (中国标准时间)] 
有客户端断开连接
[Sun Jul 19 2015 12:17:35 GMT+0800 (中国标准时间)] 
有客户端断开连接
[Sun Jul 19 2015 12:17:37 GMT+0800 (中国标准时间)] 
有客户端断开连接
[Sun Jul 19 2015 12:17:39 GMT+0800 (中国标准时间)] 
有客户端断开连接
[Sun Jul 19 2015 12:17:40 GMT+0800 (中国标准时间)] 
有客户端断开连接
[Sun Jul 19 2015 12:17:55 GMT+0800 (中国标准时间)] 
有客户端断开连接
[Sun Jul 19 2015 12:17:57 GMT+0800 (中国标准时间)] 
有客户端断开连接
[Sun Jul 19 2015 12:17:59 GMT+0800 (中国标准时间)] 
有客户端断开连接
[Sun Jul 19 2015 12:17:59 GMT+0800 (中国标准时间)] 
有客户端断开连接
[Sun Jul 19 2015 12:18:00 GMT+0800 (中国标准时间)] 
有客户端断开连接
[Sun Jul 19 2015 12:18:01 GMT+0800 (中国标准时间)] 
有客户端断开连接
[Sun Jul 19 2015 12:18:01 GMT+0800 (中国标准时间)] 
有客户端断开连接
[Sun Jul 19 2015 12:18:09 GMT+0800 (中国标准时间)] 
有客户端断开连接
[Sun Jul 19 2015 12:18:11 GMT+0800 (中国标准时间)] 
有客户端断开连接
[Sun Jul 19 2015 12:18:13 GMT+0800 (中国标准时间)] 
有客户端断开连接
[Sun Jul 19 2015 12:19:20 GMT+0800 (中国标准时间)] 
有客户端断开连接
[Sun Jul 19 2015 12:19:20 GMT+0800 (中国标准时间)] 
有客户端断开连接
[Sun Jul 19 2015 12:19:20 GMT+0800 (中国标准时间)] 
有客户端断开连接
[Sun Jul 19 2015 12:19:22 GMT+0800 (中国标准时间)] 
有客户端断开连接
[Sun Jul 19 2015 12:19:23 GMT+0800 (中国标准时间)] 
有客户端断开连接
[Sun Jul 19 2015 12:19:24 GMT+0800 (中国标准时间)] 
有客户端断开连接
[Sun Jul 19 2015 12:19:24 GMT+0800 (中国标准时间)] 
有客户端断开连接
[Sun Jul 19 2015 12:19:25 GMT+0800 (中国标准时间)] 
有客户端断开连接
[Sun Jul 19 2015 12:19:27 GMT+0800 (中国标准时间)] 
有客户端断开连接
[Sun Jul 19 2015 12:19:34 GMT+0800 (中国标准时间)] 
有客户端断开连接
[Sun Jul 19 2015 12:19:36 GMT+0800 (中国标准时间)] 
有客户端断开连接
[Sun Jul 19 2015 12:19:38 GMT+0800 (中国标准时间)] 
有客户端断开连接
[Sun Jul 19 2015 12:21:24 GMT+0800 (中国标准时间)] 
有客户端断开连接
[Sun Jul 19 2015 12:21:24 GMT+0800 (中国标准时间)] 
有客户端断开连接
[Sun Jul 19 2015 12:21:24 GMT+0800 (中国标准时间)] 
有客户端断开连接
[Sun Jul 19 2015 12:21:24 GMT+0800 (中国标准时间)] 
有客户端断开连接
[Sun Jul 19 2015 12:21:24 GMT+0800 (中国标准时间)] 
有客户端断开连接
[Sun Jul 19 2015 12:21:24 GMT+0800 (中国标准时间)] 
有客户端断开连接
[Sun Jul 19 2015 12:21:24 GMT+0800 (中国标准时间)] 
有客户端断开连接
[Sun Jul 19 2015 12:21:24 GMT+0800 (中国标准时间)] 
有客户端断开连接
[Sun Jul 19 2015 12:21:24 GMT+0800 (中国标准时间)] 
有客户端断开连接
[Sun Jul 19 2015 12:21:25 GMT+0800 (中国标准时间)] 
有客户端断开连接
[Sun Jul 19 2015 12:21:27 GMT+0800 (中国标准时间)] 
有客户端断开连接
[Sun Jul 19 2015 12:21:27 GMT+0800 (中国标准时间)] 
有客户端断开连接
[Sun Jul 19 2015 12:21:27 GMT+0800 (中国标准时间)] 
有客户端断开连接
[Sun Jul 19 2015 12:21:37 GMT+0800 (中国标准时间)] 
有客户端断开连接
[Sun Jul 19 2015 12:21:37 GMT+0800 (中国标准时间)] 
有客户端断开连接
[Sun Jul 19 2015 12:21:38 GMT+0800 (中国标准时间)] 
有客户端断开连接
[Sun Jul 19 2015 12:21:38 GMT+0800 (中国标准时间)] 
有客户端断开连接
[Sun Jul 19 2015 12:21:38 GMT+0800 (中国标准时间)] 
有客户端断开连接
[Mon Jul 20 2015 08:57:49 GMT+0800 (中国标准时间)] 
有客户端断开连接
[Mon Jul 20 2015 08:57:52 GMT+0800 (中国标准时间)] 
有客户端断开连接
[Mon Jul 20 2015 08:57:57 GMT+0800 (中国标准时间)] 
有客户端断开连接
[Mon Jul 20 2015 08:57:59 GMT+0800 (中国标准时间)] 
有客户端断开连接
[Mon Jul 20 2015 08:58:00 GMT+0800 (中国标准时间)] 
有客户端断开连接
[Mon Jul 20 2015 08:58:02 GMT+0800 (中国标准时间)] 
有客户端断开连接
[Mon Jul 20 2015 08:59:49 GMT+0800 (中国标准时间)] 
有客户端断开连接
[Mon Jul 20 2015 08:59:50 GMT+0800 (中国标准时间)] 
有客户端断开连接
[Mon Jul 20 2015 08:59:50 GMT+0800 (中国标准时间)] 
有客户端断开连接
[Mon Jul 20 2015 08:59:50 GMT+0800 (中国标准时间)] 
有客户端断开连接
[Mon Jul 20 2015 08:59:50 GMT+0800 (中国标准时间)] 
有客户端断开连接
[Mon Jul 20 2015 08:59:50 GMT+0800 (中国标准时间)] 
有客户端断开连接
[Mon Jul 20 2015 08:59:50 GMT+0800 (中国标准时间)] 
有客户端断开连接
[Mon Jul 20 2015 08:59:50 GMT+0800 (中国标准时间)] 
有客户端断开连接
[Mon Jul 20 2015 08:59:52 GMT+0800 (中国标准时间)] 
有客户端断开连接
[Mon Jul 20 2015 08:59:52 GMT+0800 (中国标准时间)] 
有客户端断开连接
[Mon Jul 20 2015 08:59:57 GMT+0800 (中国标准时间)] 
有客户端断开连接
[Mon Jul 20 2015 08:59:57 GMT+0800 (中国标准时间)] 
有客户端断开连接
[Mon Jul 20 2015 09:00:00 GMT+0800 (中国标准时间)] 
有客户端断开连接
[Mon Jul 20 2015 09:00:01 GMT+0800 (中国标准时间)] 
有客户端断开连接
[Mon Jul 20 2015 09:00:15 GMT+0800 (中国标准时间)] 
有客户端断开连接
[Mon Jul 20 2015 09:00:20 GMT+0800 (中国标准时间)] 
有客户端断开连接
[Mon Jul 20 2015 09:00:38 GMT+0800 (中国标准时间)] 
有客户端断开连接
[Mon Jul 20 2015 09:00:38 GMT+0800 (中国标准时间)] 
有客户端断开连接
[Mon Jul 20 2015 09:00:39 GMT+0800 (中国标准时间)] 
有客户端断开连接
[Mon Jul 20 2015 09:00:41 GMT+0800 (中国标准时间)] 
有客户端断开连接
[Mon Jul 20 2015 09:00:42 GMT+0800 (中国标准时间)] 
有客户端断开连接
[Mon Jul 20 2015 09:01:52 GMT+0800 (中国标准时间)] 
有客户端断开连接
[Mon Jul 20 2015 09:01:52 GMT+0800 (中国标准时间)] 
有客户端断开连接
[Mon Jul 20 2015 09:01:52 GMT+0800 (中国标准时间)] 
有客户端断开连接
[Mon Jul 20 2015 09:01:52 GMT+0800 (中国标准时间)] 
有客户端断开连接
[Mon Jul 20 2015 09:01:52 GMT+0800 (中国标准时间)] 
有客户端断开连接
[Mon Jul 20 2015 09:01:52 GMT+0800 (中国标准时间)] 
有客户端断开连接
[Mon Jul 20 2015 09:01:52 GMT+0800 (中国标准时间)] 
有客户端断开连接
[Mon Jul 20 2015 09:01:52 GMT+0800 (中国标准时间)] 
有客户端断开连接
[Mon Jul 20 2015 09:01:57 GMT+0800 (中国标准时间)] 
有客户端断开连接
[Mon Jul 20 2015 09:01:57 GMT+0800 (中国标准时间)] 
有客户端断开连接
[Mon Jul 20 2015 09:01:57 GMT+0800 (中国标准时间)] 
有客户端断开连接
[Mon Jul 20 2015 09:01:57 GMT+0800 (中国标准时间)] 
有客户端断开连接
[Mon Jul 20 2015 09:01:57 GMT+0800 (中国标准时间)] 
有客户端断开连接
[Mon Jul 20 2015 09:01:57 GMT+0800 (中国标准时间)] 
有客户端断开连接
[Mon Jul 20 2015 09:01:57 GMT+0800 (中国标准时间)] 
有客户端断开连接
[Mon Jul 20 2015 09:01:57 GMT+0800 (中国标准时间)] 
有客户端断开连接
[Mon Jul 20 2015 09:01:57 GMT+0800 (中国标准时间)] 
有客户端断开连接
[Mon Jul 20 2015 09:01:57 GMT+0800 (中国标准时间)] 
有客户端断开连接
[Mon Jul 20 2015 09:01:57 GMT+0800 (中国标准时间)] 
有客户端断开连接
[Mon Jul 20 2015 09:02:04 GMT+0800 (中国标准时间)] 
有客户端断开连接
[Mon Jul 20 2015 09:02:15 GMT+0800 (中国标准时间)] 
有客户端断开连接
[Mon Jul 20 2015 09:02:22 GMT+0800 (中国标准时间)] 
有客户端断开连接
[Mon Jul 20 2015 09:03:22 GMT+0800 (中国标准时间)] 
有客户端断开连接
[Mon Jul 20 2015 09:03:22 GMT+0800 (中国标准时间)] 
有客户端断开连接
[Mon Jul 20 2015 09:03:22 GMT+0800 (中国标准时间)] 
有客户端断开连接
[Mon Jul 20 2015 09:03:32 GMT+0800 (中国标准时间)] 
有客户端断开连接
[Mon Jul 20 2015 09:03:41 GMT+0800 (中国标准时间)] 
有客户端断开连接
[Mon Jul 20 2015 09:03:43 GMT+0800 (中国标准时间)] 
有客户端断开连接
[Mon Jul 20 2015 09:03:46 GMT+0800 (中国标准时间)] 
有客户端断开连接
[Mon Jul 20 2015 09:03:47 GMT+0800 (中国标准时间)] 
有客户端断开连接
[Mon Jul 20 2015 09:03:49 GMT+0800 (中国标准时间)] 
有客户端断开连接
[Mon Jul 20 2015 09:03:51 GMT+0800 (中国标准时间)] 
有客户端断开连接
[Mon Jul 20 2015 09:04:56 GMT+0800 (中国标准时间)] 
有客户端断开连接
[Mon Jul 20 2015 09:04:56 GMT+0800 (中国标准时间)] 
有客户端断开连接
[Mon Jul 20 2015 09:04:56 GMT+0800 (中国标准时间)] 
有客户端断开连接
[Mon Jul 20 2015 09:04:56 GMT+0800 (中国标准时间)] 
有客户端断开连接
[Mon Jul 20 2015 09:04:56 GMT+0800 (中国标准时间)] 
有客户端断开连接
[Mon Jul 20 2015 09:04:56 GMT+0800 (中国标准时间)] 
有客户端断开连接
[Mon Jul 20 2015 09:04:56 GMT+0800 (中国标准时间)] 
有客户端断开连接
[Mon Jul 20 2015 09:04:56 GMT+0800 (中国标准时间)] 
有客户端断开连接
[Mon Jul 20 2015 09:04:56 GMT+0800 (中国标准时间)] 
有客户端断开连接
[Mon Jul 20 2015 09:04:56 GMT+0800 (中国标准时间)] 
有客户端断开连接
[Mon Jul 20 2015 09:04:56 GMT+0800 (中国标准时间)] 
有客户端断开连接
[Mon Jul 20 2015 09:04:56 GMT+0800 (中国标准时间)] 
有客户端断开连接
[Mon Jul 20 2015 09:05:41 GMT+0800 (中国标准时间)] 
有客户端断开连接
[Mon Jul 20 2015 09:05:41 GMT+0800 (中国标准时间)] 
有客户端断开连接
[Mon Jul 20 2015 09:05:41 GMT+0800 (中国标准时间)] 
有客户端断开连接
[Mon Jul 20 2015 09:05:41 GMT+0800 (中国标准时间)] 
有客户端断开连接
[Mon Jul 20 2015 09:05:41 GMT+0800 (中国标准时间)] 
有客户端断开连接
[Mon Jul 20 2015 09:05:41 GMT+0800 (中国标准时间)] 
有客户端断开连接
[Mon Jul 20 2015 09:05:41 GMT+0800 (中国标准时间)] 
有客户端断开连接
[Mon Jul 20 2015 09:05:41 GMT+0800 (中国标准时间)] 
有客户端断开连接
[Mon Jul 20 2015 09:05:48 GMT+0800 (中国标准时间)] 
有客户端断开连接
[Mon Jul 20 2015 09:05:49 GMT+0800 (中国标准时间)] 
有客户端断开连接
[Mon Jul 20 2015 09:06:21 GMT+0800 (中国标准时间)] 
有客户端断开连接
[Mon Jul 20 2015 09:06:21 GMT+0800 (中国标准时间)] 
有客户端断开连接
[Mon Jul 20 2015 09:12:35 GMT+0800 (中国标准时间)] 
有客户端断开连接
[Mon Jul 20 2015 09:12:36 GMT+0800 (中国标准时间)] 
有客户端断开连接
[Mon Jul 20 2015 09:12:38 GMT+0800 (中国标准时间)] 
有客户端断开连接
[Mon Jul 20 2015 09:12:41 GMT+0800 (中国标准时间)] 
有客户端断开连接
[Mon Jul 20 2015 09:12:42 GMT+0800 (中国标准时间)] 
有客户端断开连接
[Mon Jul 20 2015 09:12:43 GMT+0800 (中国标准时间)] 
有客户端断开连接
[Mon Jul 20 2015 09:13:05 GMT+0800 (中国标准时间)] 
有客户端断开连接
[Mon Jul 20 2015 09:13:05 GMT+0800 (中国标准时间)] 
有客户端断开连接
[Mon Jul 20 2015 09:13:06 GMT+0800 (中国标准时间)] 
有客户端断开连接
[Mon Jul 20 2015 09:13:07 GMT+0800 (中国标准时间)] 
有客户端断开连接
[Mon Jul 20 2015 09:13:08 GMT+0800 (中国标准时间)] 
有客户端断开连接
[Mon Jul 20 2015 09:13:09 GMT+0800 (中国标准时间)] 
有客户端断开连接
[Mon Jul 20 2015 09:13:10 GMT+0800 (中国标准时间)] 
有客户端断开连接
[Mon Jul 20 2015 09:13:12 GMT+0800 (中国标准时间)] 
有客户端断开连接
[Mon Jul 20 2015 09:14:29 GMT+0800 (中国标准时间)] 
有客户端断开连接
[Mon Jul 20 2015 09:14:29 GMT+0800 (中国标准时间)] 
有客户端断开连接
[Mon Jul 20 2015 09:14:29 GMT+0800 (中国标准时间)] 
有客户端断开连接
[Mon Jul 20 2015 09:14:29 GMT+0800 (中国标准时间)] 
有客户端断开连接
[Mon Jul 20 2015 09:14:29 GMT+0800 (中国标准时间)] 
有客户端断开连接
[Mon Jul 20 2015 09:17:59 GMT+0800 (中国标准时间)] 
有客户端断开连接
[Mon Jul 20 2015 09:18:05 GMT+0800 (中国标准时间)] 
有客户端断开连接
[Mon Jul 20 2015 09:18:09 GMT+0800 (中国标准时间)] 
有客户端断开连接
[Mon Jul 20 2015 09:18:13 GMT+0800 (中国标准时间)] 
有客户端断开连接
[Mon Jul 20 2015 09:18:15 GMT+0800 (中国标准时间)] 
有客户端断开连接
[Mon Jul 20 2015 09:18:18 GMT+0800 (中国标准时间)] 
有客户端断开连接
[Mon Jul 20 2015 09:19:01 GMT+0800 (中国标准时间)] 
有客户端断开连接
[Mon Jul 20 2015 09:19:59 GMT+0800 (中国标准时间)] 
有客户端断开连接
[Mon Jul 20 2015 09:19:59 GMT+0800 (中国标准时间)] 
有客户端断开连接
[Mon Jul 20 2015 09:19:59 GMT+0800 (中国标准时间)] 
有客户端断开连接
[Mon Jul 20 2015 09:19:59 GMT+0800 (中国标准时间)] 
有客户端断开连接
[Mon Jul 20 2015 09:20:09 GMT+0800 (中国标准时间)] 
有客户端断开连接
[Mon Jul 20 2015 09:20:13 GMT+0800 (中国标准时间)] 
有客户端断开连接
[Mon Jul 20 2015 09:20:25 GMT+0800 (中国标准时间)] 
有客户端断开连接
[Mon Jul 20 2015 09:20:27 GMT+0800 (中国标准时间)] 
有客户端断开连接
[Mon Jul 20 2015 09:20:42 GMT+0800 (中国标准时间)] 
有客户端断开连接
[Mon Jul 20 2015 09:22:09 GMT+0800 (中国标准时间)] 
有客户端断开连接
[Mon Jul 20 2015 09:22:09 GMT+0800 (中国标准时间)] 
有客户端断开连接
[Mon Jul 20 2015 09:22:09 GMT+0800 (中国标准时间)] 
有客户端断开连接
[Mon Jul 20 2015 09:22:09 GMT+0800 (中国标准时间)] 
有客户端断开连接
[Mon Jul 20 2015 09:22:37 GMT+0800 (中国标准时间)] 
有客户端断开连接
[Mon Jul 20 2015 09:22:51 GMT+0800 (中国标准时间)] 
有客户端断开连接
[Mon Jul 20 2015 09:22:52 GMT+0800 (中国标准时间)] 
有客户端断开连接
[Mon Jul 20 2015 09:22:52 GMT+0800 (中国标准时间)] 
有客户端断开连接
[Mon Jul 20 2015 09:22:53 GMT+0800 (中国标准时间)] 
有客户端断开连接
[Mon Jul 20 2015 09:22:54 GMT+0800 (中国标准时间)] 
有客户端断开连接
[Mon Jul 20 2015 09:22:56 GMT+0800 (中国标准时间)] 
有客户端断开连接
[Mon Jul 20 2015 09:22:56 GMT+0800 (中国标准时间)] 
有客户端断开连接
[Mon Jul 20 2015 09:22:58 GMT+0800 (中国标准时间)] 
有客户端断开连接
[Mon Jul 20 2015 09:22:59 GMT+0800 (中国标准时间)] 
有客户端断开连接
[Mon Jul 20 2015 09:23:35 GMT+0800 (中国标准时间)] 
有客户端断开连接
[Mon Jul 20 2015 09:24:29 GMT+0800 (中国标准时间)] 
有客户端断开连接
[Mon Jul 20 2015 09:24:48 GMT+0800 (中国标准时间)] 
有客户端断开连接
[Mon Jul 20 2015 09:25:11 GMT+0800 (中国标准时间)] 
有客户端断开连接
[Mon Jul 20 2015 09:25:20 GMT+0800 (中国标准时间)] 
有客户端断开连接
[Mon Jul 20 2015 09:25:34 GMT+0800 (中国标准时间)] 
有客户端断开连接
[Mon Jul 20 2015 09:25:49 GMT+0800 (中国标准时间)] 
有客户端断开连接
[Mon Jul 20 2015 09:26:11 GMT+0800 (中国标准时间)] 
有客户端断开连接
[Mon Jul 20 2015 09:28:46 GMT+0800 (中国标准时间)] 
有客户端断开连接
[Mon Jul 20 2015 09:28:46 GMT+0800 (中国标准时间)] 
有客户端断开连接
[Mon Jul 20 2015 09:28:47 GMT+0800 (中国标准时间)] 
有客户端断开连接
[Mon Jul 20 2015 09:28:47 GMT+0800 (中国标准时间)] 
有客户端断开连接
[Mon Jul 20 2015 09:28:47 GMT+0800 (中国标准时间)] 
有客户端断开连接
[Mon Jul 20 2015 09:30:01 GMT+0800 (中国标准时间)] 
有客户端断开连接
[Mon Jul 20 2015 09:30:02 GMT+0800 (中国标准时间)] 
有客户端断开连接
[Mon Jul 20 2015 09:30:31 GMT+0800 (中国标准时间)] 
有客户端断开连接
[Mon Jul 20 2015 09:30:58 GMT+0800 (中国标准时间)] 
有客户端断开连接
[Mon Jul 20 2015 09:31:05 GMT+0800 (中国标准时间)] 
有客户端断开连接
[Mon Jul 20 2015 09:31:12 GMT+0800 (中国标准时间)] 
有客户端断开连接
[Mon Jul 20 2015 09:31:14 GMT+0800 (中国标准时间)] 
有客户端断开连接
[Mon Jul 20 2015 09:32:21 GMT+0800 (中国标准时间)] 
有客户端断开连接
[Mon Jul 20 2015 09:32:31 GMT+0800 (中国标准时间)] 
有客户端断开连接
[Mon Jul 20 2015 09:32:31 GMT+0800 (中国标准时间)] 
有客户端断开连接
[Mon Jul 20 2015 09:32:31 GMT+0800 (中国标准时间)] 
有客户端断开连接
[Mon Jul 20 2015 09:34:38 GMT+0800 (中国标准时间)] 
有客户端断开连接
[Mon Jul 20 2015 09:35:16 GMT+0800 (中国标准时间)] 
有客户端断开连接
[Mon Jul 20 2015 09:35:18 GMT+0800 (中国标准时间)] 
有客户端断开连接
[Mon Jul 20 2015 09:35:19 GMT+0800 (中国标准时间)] 
有客户端断开连接
[Mon Jul 20 2015 09:35:20 GMT+0800 (中国标准时间)] 
有客户端断开连接
[Mon Jul 20 2015 09:35:23 GMT+0800 (中国标准时间)] 
有客户端断开连接
[Mon Jul 20 2015 09:35:46 GMT+0800 (中国标准时间)] 
有客户端断开连接
[Mon Jul 20 2015 09:35:47 GMT+0800 (中国标准时间)] 
有客户端断开连接
[Mon Jul 20 2015 09:35:50 GMT+0800 (中国标准时间)] 
有客户端断开连接
[Mon Jul 20 2015 09:36:52 GMT+0800 (中国标准时间)] 
有客户端断开连接
[Mon Jul 20 2015 09:36:55 GMT+0800 (中国标准时间)] 
有客户端断开连接
[Mon Jul 20 2015 09:38:07 GMT+0800 (中国标准时间)] 
有客户端断开连接
[Mon Jul 20 2015 09:38:08 GMT+0800 (中国标准时间)] 
有客户端断开连接
[Mon Jul 20 2015 09:38:09 GMT+0800 (中国标准时间)] 
有客户端断开连接
[Mon Jul 20 2015 09:38:10 GMT+0800 (中国标准时间)] 
有客户端断开连接
[Mon Jul 20 2015 09:38:16 GMT+0800 (中国标准时间)] 
有客户端断开连接
[Mon Jul 20 2015 09:47:05 GMT+0800 (中国标准时间)] 
有客户端断开连接
[Mon Jul 20 2015 09:47:15 GMT+0800 (中国标准时间)] 
有客户端断开连接
[Mon Jul 20 2015 09:47:20 GMT+0800 (中国标准时间)] 
有客户端断开连接
[Mon Jul 20 2015 09:47:21 GMT+0800 (中国标准时间)] 
有客户端断开连接
[Mon Jul 20 2015 09:47:23 GMT+0800 (中国标准时间)] 
有客户端断开连接
[Mon Jul 20 2015 09:47:25 GMT+0800 (中国标准时间)] 
有客户端断开连接
[Mon Jul 20 2015 09:49:05 GMT+0800 (中国标准时间)] 
有客户端断开连接
[Mon Jul 20 2015 09:49:05 GMT+0800 (中国标准时间)] 
有客户端断开连接
[Mon Jul 20 2015 09:49:05 GMT+0800 (中国标准时间)] 
有客户端断开连接
[Mon Jul 20 2015 09:49:05 GMT+0800 (中国标准时间)] 
有客户端断开连接
[Mon Jul 20 2015 09:49:05 GMT+0800 (中国标准时间)] 
有客户端断开连接
[Mon Jul 20 2015 09:49:05 GMT+0800 (中国标准时间)] 
有客户端断开连接
[Mon Jul 20 2015 09:49:16 GMT+0800 (中国标准时间)] 
有客户端断开连接
[Mon Jul 20 2015 09:49:20 GMT+0800 (中国标准时间)] 
有客户端断开连接
[Mon Jul 20 2015 09:49:20 GMT+0800 (中国标准时间)] 
有客户端断开连接
[Mon Jul 20 2015 09:49:31 GMT+0800 (中国标准时间)] 
有客户端断开连接
[Mon Jul 20 2015 09:49:43 GMT+0800 (中国标准时间)] 
有客户端断开连接
[Mon Jul 20 2015 09:49:47 GMT+0800 (中国标准时间)] 
有客户端断开连接
[Mon Jul 20 2015 09:51:15 GMT+0800 (中国标准时间)] 
有客户端断开连接
[Mon Jul 20 2015 09:51:15 GMT+0800 (中国标准时间)] 
有客户端断开连接
[Mon Jul 20 2015 09:51:15 GMT+0800 (中国标准时间)] 
有客户端断开连接
[Mon Jul 20 2015 09:51:16 GMT+0800 (中国标准时间)] 
有客户端断开连接
[Mon Jul 20 2015 09:51:16 GMT+0800 (中国标准时间)] 
有客户端断开连接
[Mon Jul 20 2015 09:51:21 GMT+0800 (中国标准时间)] 
有客户端断开连接
[Mon Jul 20 2015 09:51:21 GMT+0800 (中国标准时间)] 
有客户端断开连接
[Mon Jul 20 2015 09:51:41 GMT+0800 (中国标准时间)] 
有客户端断开连接
[Mon Jul 20 2015 09:51:49 GMT+0800 (中国标准时间)] 
有客户端断开连接
[Mon Jul 20 2015 09:51:49 GMT+0800 (中国标准时间)] 
有客户端断开连接
[Mon Jul 20 2015 09:53:21 GMT+0800 (中国标准时间)] 
有客户端断开连接
[Mon Jul 20 2015 09:53:21 GMT+0800 (中国标准时间)] 
有客户端断开连接
[Mon Jul 20 2015 10:01:46 GMT+0800 (中国标准时间)] 
有客户端断开连接
[Mon Jul 20 2015 10:01:47 GMT+0800 (中国标准时间)] 
有客户端断开连接
[Mon Jul 20 2015 10:01:48 GMT+0800 (中国标准时间)] 
有客户端断开连接
[Mon Jul 20 2015 10:01:48 GMT+0800 (中国标准时间)] 
有客户端断开连接
[Mon Jul 20 2015 10:01:48 GMT+0800 (中国标准时间)] 
有客户端断开连接
[Mon Jul 20 2015 10:01:49 GMT+0800 (中国标准时间)] 
有客户端断开连接
[Mon Jul 20 2015 10:01:50 GMT+0800 (中国标准时间)] 
有客户端断开连接
[Mon Jul 20 2015 10:02:17 GMT+0800 (中国标准时间)] 
有客户端断开连接
[Mon Jul 20 2015 10:02:24 GMT+0800 (中国标准时间)] 
有客户端断开连接
[Mon Jul 20 2015 10:02:54 GMT+0800 (中国标准时间)] 
有客户端断开连接
[Mon Jul 20 2015 10:03:19 GMT+0800 (中国标准时间)] 
有客户端断开连接
[Mon Jul 20 2015 10:03:33 GMT+0800 (中国标准时间)] 
有客户端断开连接
[Mon Jul 20 2015 10:04:31 GMT+0800 (中国标准时间)] 
有客户端断开连接
[Mon Jul 20 2015 10:06:40 GMT+0800 (中国标准时间)] 
有客户端断开连接
[Mon Jul 20 2015 10:09:23 GMT+0800 (中国标准时间)] 
有客户端断开连接
[Mon Jul 20 2015 10:09:23 GMT+0800 (中国标准时间)] 
有客户端断开连接
[Mon Jul 20 2015 10:09:23 GMT+0800 (中国标准时间)] 
有客户端断开连接
[Mon Jul 20 2015 10:09:24 GMT+0800 (中国标准时间)] 
有客户端断开连接
[Mon Jul 20 2015 10:09:27 GMT+0800 (中国标准时间)] 
有客户端断开连接
[Mon Jul 20 2015 10:09:28 GMT+0800 (中国标准时间)] 
有客户端断开连接
[Mon Jul 20 2015 10:09:30 GMT+0800 (中国标准时间)] 
有客户端断开连接
[Mon Jul 20 2015 10:09:32 GMT+0800 (中国标准时间)] 
有客户端断开连接
[Mon Jul 20 2015 10:09:37 GMT+0800 (中国标准时间)] 
有客户端断开连接
[Mon Jul 20 2015 10:09:38 GMT+0800 (中国标准时间)] 
有客户端断开连接
[Mon Jul 20 2015 10:09:42 GMT+0800 (中国标准时间)] 
有客户端断开连接
[Mon Jul 20 2015 10:09:42 GMT+0800 (中国标准时间)] 
有客户端断开连接
[Mon Jul 20 2015 10:09:44 GMT+0800 (中国标准时间)] 
有客户端断开连接
[Mon Jul 20 2015 10:09:51 GMT+0800 (中国标准时间)] 
有客户端断开连接
[Mon Jul 20 2015 10:10:01 GMT+0800 (中国标准时间)] 
有客户端断开连接
[Mon Jul 20 2015 10:10:06 GMT+0800 (中国标准时间)] 
有客户端断开连接
[Mon Jul 20 2015 10:10:09 GMT+0800 (中国标准时间)] 
有客户端断开连接
[Mon Jul 20 2015 10:10:12 GMT+0800 (中国标准时间)] 
有客户端断开连接
[Mon Jul 20 2015 10:10:29 GMT+0800 (中国标准时间)] 
有客户端断开连接
[Mon Jul 20 2015 10:10:29 GMT+0800 (中国标准时间)] 
有客户端断开连接
[Mon Jul 20 2015 10:10:29 GMT+0800 (中国标准时间)] 
有客户端断开连接
[Mon Jul 20 2015 10:10:31 GMT+0800 (中国标准时间)] 
有客户端断开连接
[Mon Jul 20 2015 10:10:34 GMT+0800 (中国标准时间)] 
有客户端断开连接
[Mon Jul 20 2015 10:10:49 GMT+0800 (中国标准时间)] 
有客户端断开连接
[Mon Jul 20 2015 10:10:49 GMT+0800 (中国标准时间)] 
有客户端断开连接
[Mon Jul 20 2015 10:10:49 GMT+0800 (中国标准时间)] 
有客户端断开连接
[Mon Jul 20 2015 10:10:50 GMT+0800 (中国标准时间)] 
有客户端断开连接
[Mon Jul 20 2015 10:10:51 GMT+0800 (中国标准时间)] 
有客户端断开连接
[Mon Jul 20 2015 10:10:51 GMT+0800 (中国标准时间)] 
有客户端断开连接
[Mon Jul 20 2015 10:10:52 GMT+0800 (中国标准时间)] 
有客户端断开连接
[Mon Jul 20 2015 10:10:53 GMT+0800 (中国标准时间)] 
有客户端断开连接
[Mon Jul 20 2015 10:10:54 GMT+0800 (中国标准时间)] 
有客户端断开连接
[Mon Jul 20 2015 10:10:54 GMT+0800 (中国标准时间)] 
有客户端断开连接
[Mon Jul 20 2015 10:10:54 GMT+0800 (中国标准时间)] 
有客户端断开连接
[Mon Jul 20 2015 10:10:56 GMT+0800 (中国标准时间)] 
有客户端断开连接
[Mon Jul 20 2015 10:10:56 GMT+0800 (中国标准时间)] 
有客户端断开连接
[Mon Jul 20 2015 10:10:57 GMT+0800 (中国标准时间)] 
有客户端断开连接
[Mon Jul 20 2015 10:10:57 GMT+0800 (中国标准时间)] 
有客户端断开连接
[Mon Jul 20 2015 10:10:59 GMT+0800 (中国标准时间)] 
有客户端断开连接
[Mon Jul 20 2015 10:10:59 GMT+0800 (中国标准时间)] 
有客户端断开连接
[Mon Jul 20 2015 10:10:59 GMT+0800 (中国标准时间)] 
有客户端断开连接
[Mon Jul 20 2015 10:10:59 GMT+0800 (中国标准时间)] 
有客户端断开连接
[Mon Jul 20 2015 10:11:04 GMT+0800 (中国标准时间)] 
有客户端断开连接
[Mon Jul 20 2015 10:11:08 GMT+0800 (中国标准时间)] 
有客户端断开连接
[Mon Jul 20 2015 10:11:10 GMT+0800 (中国标准时间)] 
有客户端断开连接
[Mon Jul 20 2015 10:11:11 GMT+0800 (中国标准时间)] 
有客户端断开连接
[Mon Jul 20 2015 10:11:13 GMT+0800 (中国标准时间)] 
有客户端断开连接
[Mon Jul 20 2015 10:11:14 GMT+0800 (中国标准时间)] 
有客户端断开连接
[Mon Jul 20 2015 10:11:16 GMT+0800 (中国标准时间)] 
有客户端断开连接
[Mon Jul 20 2015 10:11:18 GMT+0800 (中国标准时间)] 
有客户端断开连接
[Mon Jul 20 2015 10:11:18 GMT+0800 (中国标准时间)] 
有客户端断开连接
[Mon Jul 20 2015 10:11:20 GMT+0800 (中国标准时间)] 
有客户端断开连接
[Mon Jul 20 2015 10:11:20 GMT+0800 (中国标准时间)] 
有客户端断开连接
[Mon Jul 20 2015 10:11:22 GMT+0800 (中国标准时间)] 
有客户端断开连接
[Mon Jul 20 2015 10:11:22 GMT+0800 (中国标准时间)] 
有客户端断开连接
[Mon Jul 20 2015 10:11:24 GMT+0800 (中国标准时间)] 
有客户端断开连接
[Mon Jul 20 2015 10:11:27 GMT+0800 (中国标准时间)] 
有客户端断开连接
[Mon Jul 20 2015 10:11:29 GMT+0800 (中国标准时间)] 
有客户端断开连接
[Mon Jul 20 2015 10:11:29 GMT+0800 (中国标准时间)] 
有客户端断开连接
[Mon Jul 20 2015 10:11:32 GMT+0800 (中国标准时间)] 
有客户端断开连接
[Mon Jul 20 2015 10:11:34 GMT+0800 (中国标准时间)] 
有客户端断开连接
[Mon Jul 20 2015 10:11:35 GMT+0800 (中国标准时间)] 
有客户端断开连接
[Mon Jul 20 2015 10:11:35 GMT+0800 (中国标准时间)] 
有客户端断开连接
[Mon Jul 20 2015 10:11:38 GMT+0800 (中国标准时间)] 
有客户端断开连接
[Mon Jul 20 2015 10:11:38 GMT+0800 (中国标准时间)] 
有客户端断开连接
[Mon Jul 20 2015 10:11:39 GMT+0800 (中国标准时间)] 
有客户端断开连接
[Mon Jul 20 2015 10:11:40 GMT+0800 (中国标准时间)] 
有客户端断开连接
[Mon Jul 20 2015 10:11:41 GMT+0800 (中国标准时间)] 
有客户端断开连接
[Mon Jul 20 2015 10:11:42 GMT+0800 (中国标准时间)] 
有客户端断开连接
[Mon Jul 20 2015 10:11:43 GMT+0800 (中国标准时间)] 
有客户端断开连接
[Mon Jul 20 2015 10:11:44 GMT+0800 (中国标准时间)] 
有客户端断开连接
[Mon Jul 20 2015 10:11:45 GMT+0800 (中国标准时间)] 
有客户端断开连接
[Mon Jul 20 2015 10:11:46 GMT+0800 (中国标准时间)] 
有客户端断开连接
[Mon Jul 20 2015 10:11:58 GMT+0800 (中国标准时间)] 
有客户端断开连接
[Mon Jul 20 2015 10:11:59 GMT+0800 (中国标准时间)] 
有客户端断开连接
[Mon Jul 20 2015 10:11:59 GMT+0800 (中国标准时间)] 
有客户端断开连接
[Mon Jul 20 2015 10:12:01 GMT+0800 (中国标准时间)] 
有客户端断开连接
[Mon Jul 20 2015 10:12:03 GMT+0800 (中国标准时间)] 
有客户端断开连接
[Mon Jul 20 2015 10:12:05 GMT+0800 (中国标准时间)] 
有客户端断开连接
[Mon Jul 20 2015 10:12:05 GMT+0800 (中国标准时间)] 
有客户端断开连接
[Mon Jul 20 2015 10:13:24 GMT+0800 (中国标准时间)] 
有客户端断开连接
[Mon Jul 20 2015 10:13:25 GMT+0800 (中国标准时间)] 
有客户端断开连接
[Mon Jul 20 2015 10:22:45 GMT+0800 (中国标准时间)] 
有客户端断开连接
[Mon Jul 20 2015 10:23:01 GMT+0800 (中国标准时间)] 
有客户端断开连接
[Mon Jul 20 2015 10:23:01 GMT+0800 (中国标准时间)] 
有客户端断开连接
[Mon Jul 20 2015 10:23:01 GMT+0800 (中国标准时间)] 
有客户端断开连接
[Mon Jul 20 2015 10:23:01 GMT+0800 (中国标准时间)] 
有客户端断开连接
[Mon Jul 20 2015 10:23:01 GMT+0800 (中国标准时间)] 
有客户端断开连接
[Mon Jul 20 2015 10:23:01 GMT+0800 (中国标准时间)] 
有客户端断开连接
[Mon Jul 20 2015 10:23:01 GMT+0800 (中国标准时间)] 
有客户端断开连接
[Mon Jul 20 2015 10:23:01 GMT+0800 (中国标准时间)] 
有客户端断开连接
[Mon Jul 20 2015 10:23:02 GMT+0800 (中国标准时间)] 
有客户端断开连接
[Mon Jul 20 2015 10:23:02 GMT+0800 (中国标准时间)] 
有客户端断开连接
[Mon Jul 20 2015 10:24:32 GMT+0800 (中国标准时间)] 
有客户端断开连接
[Mon Jul 20 2015 10:24:36 GMT+0800 (中国标准时间)] 
有客户端断开连接
[Mon Jul 20 2015 10:24:39 GMT+0800 (中国标准时间)] 
有客户端断开连接
[Mon Jul 20 2015 10:24:41 GMT+0800 (中国标准时间)] 
有客户端断开连接
[Mon Jul 20 2015 10:24:44 GMT+0800 (中国标准时间)] 
有客户端断开连接
[Mon Jul 20 2015 10:24:47 GMT+0800 (中国标准时间)] 
有客户端断开连接
[Mon Jul 20 2015 10:24:49 GMT+0800 (中国标准时间)] 
有客户端断开连接
[Mon Jul 20 2015 10:24:52 GMT+0800 (中国标准时间)] 
有客户端断开连接
[Mon Jul 20 2015 10:24:53 GMT+0800 (中国标准时间)] 
有客户端断开连接
[Mon Jul 20 2015 10:25:37 GMT+0800 (中国标准时间)] 
有客户端断开连接
[Mon Jul 20 2015 10:26:32 GMT+0800 (中国标准时间)] 
有客户端断开连接
[Mon Jul 20 2015 10:26:32 GMT+0800 (中国标准时间)] 
有客户端断开连接
[Mon Jul 20 2015 10:26:32 GMT+0800 (中国标准时间)] 
有客户端断开连接
[Mon Jul 20 2015 10:26:32 GMT+0800 (中国标准时间)] 
有客户端断开连接
[Mon Jul 20 2015 10:26:32 GMT+0800 (中国标准时间)] 
有客户端断开连接
[Mon Jul 20 2015 10:26:32 GMT+0800 (中国标准时间)] 
有客户端断开连接
[Mon Jul 20 2015 10:26:32 GMT+0800 (中国标准时间)] 
有客户端断开连接
[Mon Jul 20 2015 10:26:32 GMT+0800 (中国标准时间)] 
有客户端断开连接
[Mon Jul 20 2015 10:26:32 GMT+0800 (中国标准时间)] 
有客户端断开连接
[Mon Jul 20 2015 10:26:32 GMT+0800 (中国标准时间)] 
有客户端断开连接
[Mon Jul 20 2015 10:26:42 GMT+0800 (中国标准时间)] 
有客户端断开连接
[Mon Jul 20 2015 10:26:42 GMT+0800 (中国标准时间)] 
有客户端断开连接
[Mon Jul 20 2015 10:26:42 GMT+0800 (中国标准时间)] 
有客户端断开连接
[Mon Jul 20 2015 10:26:46 GMT+0800 (中国标准时间)] 
有客户端断开连接
[Mon Jul 20 2015 10:27:01 GMT+0800 (中国标准时间)] 
有客户端断开连接
[Mon Jul 20 2015 10:27:03 GMT+0800 (中国标准时间)] 
有客户端断开连接
[Mon Jul 20 2015 10:27:04 GMT+0800 (中国标准时间)] 
有客户端断开连接
[Mon Jul 20 2015 10:27:05 GMT+0800 (中国标准时间)] 
有客户端断开连接
[Mon Jul 20 2015 10:27:07 GMT+0800 (中国标准时间)] 
有客户端断开连接
[Mon Jul 20 2015 10:28:36 GMT+0800 (中国标准时间)] 
有客户端断开连接
[Mon Jul 20 2015 10:28:36 GMT+0800 (中国标准时间)] 
有客户端断开连接
[Mon Jul 20 2015 10:29:04 GMT+0800 (中国标准时间)] 
有客户端断开连接
[Mon Jul 20 2015 10:29:45 GMT+0800 (中国标准时间)] 
有客户端断开连接
[Mon Jul 20 2015 10:29:49 GMT+0800 (中国标准时间)] 
有客户端断开连接
[Mon Jul 20 2015 10:29:51 GMT+0800 (中国标准时间)] 
有客户端断开连接
[Mon Jul 20 2015 10:29:54 GMT+0800 (中国标准时间)] 
有客户端断开连接
[Mon Jul 20 2015 10:29:55 GMT+0800 (中国标准时间)] 
有客户端断开连接
[Mon Jul 20 2015 10:29:58 GMT+0800 (中国标准时间)] 
有客户端断开连接
[Mon Jul 20 2015 10:30:00 GMT+0800 (中国标准时间)] 
有客户端断开连接
[Mon Jul 20 2015 10:30:00 GMT+0800 (中国标准时间)] 
有客户端断开连接
[Mon Jul 20 2015 10:30:08 GMT+0800 (中国标准时间)] 
有客户端断开连接
[Mon Jul 20 2015 10:31:13 GMT+0800 (中国标准时间)] 
有客户端断开连接
[Mon Jul 20 2015 10:31:16 GMT+0800 (中国标准时间)] 
有客户端断开连接
[Mon Jul 20 2015 10:31:16 GMT+0800 (中国标准时间)] 
有客户端断开连接
[Mon Jul 20 2015 10:31:18 GMT+0800 (中国标准时间)] 
有客户端断开连接
[Mon Jul 20 2015 10:31:40 GMT+0800 (中国标准时间)] 
有客户端断开连接
[Mon Jul 20 2015 10:33:04 GMT+0800 (中国标准时间)] 
有客户端断开连接
[Mon Jul 20 2015 10:33:07 GMT+0800 (中国标准时间)] 
有客户端断开连接
[Mon Jul 20 2015 10:33:36 GMT+0800 (中国标准时间)] 
有客户端断开连接
[Mon Jul 20 2015 10:35:58 GMT+0800 (中国标准时间)] 
有客户端断开连接
[Mon Jul 20 2015 10:36:03 GMT+0800 (中国标准时间)] 
有客户端断开连接
[Mon Jul 20 2015 10:36:27 GMT+0800 (中国标准时间)] 
有客户端断开连接
[Mon Jul 20 2015 10:38:50 GMT+0800 (中国标准时间)] 
有客户端断开连接
[Mon Jul 20 2015 10:38:51 GMT+0800 (中国标准时间)] 
有客户端断开连接
[Mon Jul 20 2015 10:38:52 GMT+0800 (中国标准时间)] 
有客户端断开连接
[Mon Jul 20 2015 10:38:55 GMT+0800 (中国标准时间)] 
有客户端断开连接
[Mon Jul 20 2015 10:38:55 GMT+0800 (中国标准时间)] 
有客户端断开连接
[Mon Jul 20 2015 10:38:56 GMT+0800 (中国标准时间)] 
有客户端断开连接
[Mon Jul 20 2015 10:38:57 GMT+0800 (中国标准时间)] 
有客户端断开连接
[Mon Jul 20 2015 10:38:59 GMT+0800 (中国标准时间)] 
有客户端断开连接
[Mon Jul 20 2015 10:39:00 GMT+0800 (中国标准时间)] 
有客户端断开连接
[Mon Jul 20 2015 10:39:02 GMT+0800 (中国标准时间)] 
有客户端断开连接
[Mon Jul 20 2015 10:39:15 GMT+0800 (中国标准时间)] 
有客户端断开连接
[Mon Jul 20 2015 10:39:34 GMT+0800 (中国标准时间)] 
有客户端断开连接
[Mon Jul 20 2015 10:39:54 GMT+0800 (中国标准时间)] 
有客户端断开连接
[Mon Jul 20 2015 10:46:30 GMT+0800 (中国标准时间)] 
有客户端断开连接
[Mon Jul 20 2015 10:46:33 GMT+0800 (中国标准时间)] 
有客户端断开连接
[Mon Jul 20 2015 10:46:35 GMT+0800 (中国标准时间)] 
有客户端断开连接
[Mon Jul 20 2015 10:46:37 GMT+0800 (中国标准时间)] 
有客户端断开连接
[Mon Jul 20 2015 10:46:39 GMT+0800 (中国标准时间)] 
有客户端断开连接
[Mon Jul 20 2015 10:46:42 GMT+0800 (中国标准时间)] 
有客户端断开连接
[Mon Jul 20 2015 10:46:43 GMT+0800 (中国标准时间)] 
有客户端断开连接
[Mon Jul 20 2015 10:46:45 GMT+0800 (中国标准时间)] 
有客户端断开连接
[Mon Jul 20 2015 10:46:47 GMT+0800 (中国标准时间)] 
有客户端断开连接
[Mon Jul 20 2015 10:47:39 GMT+0800 (中国标准时间)] 
有客户端断开连接
[Mon Jul 20 2015 10:48:00 GMT+0800 (中国标准时间)] 
有客户端断开连接
[Mon Jul 20 2015 10:48:01 GMT+0800 (中国标准时间)] 
有客户端断开连接
[Mon Jul 20 2015 10:48:30 GMT+0800 (中国标准时间)] 
有客户端断开连接
[Mon Jul 20 2015 10:48:30 GMT+0800 (中国标准时间)] 
有客户端断开连接
[Mon Jul 20 2015 10:48:30 GMT+0800 (中国标准时间)] 
有客户端断开连接
[Mon Jul 20 2015 10:48:30 GMT+0800 (中国标准时间)] 
有客户端断开连接
[Mon Jul 20 2015 10:48:30 GMT+0800 (中国标准时间)] 
有客户端断开连接
[Mon Jul 20 2015 10:48:30 GMT+0800 (中国标准时间)] 
有客户端断开连接
[Mon Jul 20 2015 10:48:30 GMT+0800 (中国标准时间)] 
有客户端断开连接
[Mon Jul 20 2015 10:48:30 GMT+0800 (中国标准时间)] 
有客户端断开连接
[Mon Jul 20 2015 10:48:30 GMT+0800 (中国标准时间)] 
有客户端断开连接
[Mon Jul 20 2015 10:48:30 GMT+0800 (中国标准时间)] 
有客户端断开连接
[Mon Jul 20 2015 10:48:30 GMT+0800 (中国标准时间)] 
有客户端断开连接
[Mon Jul 20 2015 10:48:30 GMT+0800 (中国标准时间)] 
有客户端断开连接
[Mon Jul 20 2015 10:48:33 GMT+0800 (中国标准时间)] 
有客户端断开连接
[Mon Jul 20 2015 10:48:33 GMT+0800 (中国标准时间)] 
有客户端断开连接
[Mon Jul 20 2015 10:48:34 GMT+0800 (中国标准时间)] 
有客户端断开连接
[Mon Jul 20 2015 10:48:35 GMT+0800 (中国标准时间)] 
有客户端断开连接
[Mon Jul 20 2015 10:48:36 GMT+0800 (中国标准时间)] 
有客户端断开连接
[Mon Jul 20 2015 10:48:37 GMT+0800 (中国标准时间)] 
有客户端断开连接
[Mon Jul 20 2015 10:48:38 GMT+0800 (中国标准时间)] 
有客户端断开连接
[Mon Jul 20 2015 10:48:39 GMT+0800 (中国标准时间)] 
有客户端断开连接
[Mon Jul 20 2015 10:48:40 GMT+0800 (中国标准时间)] 
有客户端断开连接
[Mon Jul 20 2015 10:48:41 GMT+0800 (中国标准时间)] 
有客户端断开连接
[Mon Jul 20 2015 10:48:42 GMT+0800 (中国标准时间)] 
有客户端断开连接
[Mon Jul 20 2015 10:54:09 GMT+0800 (中国标准时间)] 
有客户端断开连接
[Mon Jul 20 2015 10:54:11 GMT+0800 (中国标准时间)] 
有客户端断开连接
[Mon Jul 20 2015 10:54:15 GMT+0800 (中国标准时间)] 
有客户端断开连接
[Mon Jul 20 2015 10:54:17 GMT+0800 (中国标准时间)] 
有客户端断开连接
[Mon Jul 20 2015 10:54:19 GMT+0800 (中国标准时间)] 
有客户端断开连接
[Mon Jul 20 2015 10:54:22 GMT+0800 (中国标准时间)] 
有客户端断开连接
[Mon Jul 20 2015 10:54:36 GMT+0800 (中国标准时间)] 
有客户端断开连接
[Mon Jul 20 2015 10:54:39 GMT+0800 (中国标准时间)] 
有客户端断开连接
[Mon Jul 20 2015 10:54:41 GMT+0800 (中国标准时间)] 
有客户端断开连接
[Mon Jul 20 2015 10:54:43 GMT+0800 (中国标准时间)] 
有客户端断开连接
[Mon Jul 20 2015 10:54:45 GMT+0800 (中国标准时间)] 
有客户端断开连接
[Mon Jul 20 2015 10:54:48 GMT+0800 (中国标准时间)] 
有客户端断开连接
[Mon Jul 20 2015 10:54:50 GMT+0800 (中国标准时间)] 
有客户端断开连接
[Mon Jul 20 2015 10:54:52 GMT+0800 (中国标准时间)] 
有客户端断开连接
[Mon Jul 20 2015 10:54:53 GMT+0800 (中国标准时间)] 
有客户端断开连接
[Mon Jul 20 2015 10:55:37 GMT+0800 (中国标准时间)] 
有客户端断开连接
[Mon Jul 20 2015 10:56:09 GMT+0800 (中国标准时间)] 
有客户端断开连接
[Mon Jul 20 2015 10:56:09 GMT+0800 (中国标准时间)] 
有客户端断开连接
[Mon Jul 20 2015 10:56:09 GMT+0800 (中国标准时间)] 
有客户端断开连接
[Mon Jul 20 2015 10:56:09 GMT+0800 (中国标准时间)] 
有客户端断开连接
[Mon Jul 20 2015 10:56:09 GMT+0800 (中国标准时间)] 
有客户端断开连接
[Mon Jul 20 2015 10:56:09 GMT+0800 (中国标准时间)] 
有客户端断开连接
[Mon Jul 20 2015 10:56:09 GMT+0800 (中国标准时间)] 
有客户端断开连接
[Mon Jul 20 2015 10:56:09 GMT+0800 (中国标准时间)] 
有客户端断开连接
[Mon Jul 20 2015 10:56:15 GMT+0800 (中国标准时间)] 
有客户端断开连接
[Mon Jul 20 2015 10:56:17 GMT+0800 (中国标准时间)] 
有客户端断开连接
[Mon Jul 20 2015 10:56:36 GMT+0800 (中国标准时间)] 
有客户端断开连接
[Mon Jul 20 2015 10:56:36 GMT+0800 (中国标准时间)] 
有客户端断开连接
[Mon Jul 20 2015 10:56:36 GMT+0800 (中国标准时间)] 
有客户端断开连接
[Mon Jul 20 2015 10:56:36 GMT+0800 (中国标准时间)] 
有客户端断开连接
[Mon Jul 20 2015 10:56:36 GMT+0800 (中国标准时间)] 
有客户端断开连接
[Mon Jul 20 2015 10:56:36 GMT+0800 (中国标准时间)] 
有客户端断开连接
[Mon Jul 20 2015 10:56:36 GMT+0800 (中国标准时间)] 
有客户端断开连接
[Mon Jul 20 2015 10:56:36 GMT+0800 (中国标准时间)] 
有客户端断开连接
[Mon Jul 20 2015 10:56:36 GMT+0800 (中国标准时间)] 
有客户端断开连接
[Mon Jul 20 2015 10:56:36 GMT+0800 (中国标准时间)] 
有客户端断开连接
[Mon Jul 20 2015 10:56:38 GMT+0800 (中国标准时间)] 
有客户端断开连接
[Mon Jul 20 2015 10:56:41 GMT+0800 (中国标准时间)] 
有客户端断开连接
[Mon Jul 20 2015 10:56:43 GMT+0800 (中国标准时间)] 
有客户端断开连接
[Mon Jul 20 2015 10:56:43 GMT+0800 (中国标准时间)] 
有客户端断开连接
[Mon Jul 20 2015 10:59:41 GMT+0800 (中国标准时间)] 
有客户端断开连接
[Mon Jul 20 2015 10:59:49 GMT+0800 (中国标准时间)] 
有客户端断开连接
[Mon Jul 20 2015 10:59:52 GMT+0800 (中国标准时间)] 
有客户端断开连接
[Mon Jul 20 2015 10:59:56 GMT+0800 (中国标准时间)] 
有客户端断开连接
[Mon Jul 20 2015 10:59:59 GMT+0800 (中国标准时间)] 
有客户端断开连接
[Mon Jul 20 2015 11:00:00 GMT+0800 (中国标准时间)] 
有客户端断开连接
[Mon Jul 20 2015 11:00:01 GMT+0800 (中国标准时间)] 
有客户端断开连接
[Mon Jul 20 2015 11:00:12 GMT+0800 (中国标准时间)] 
有客户端断开连接
[Mon Jul 20 2015 11:00:12 GMT+0800 (中国标准时间)] 
有客户端断开连接
[Mon Jul 20 2015 11:01:37 GMT+0800 (中国标准时间)] 
有客户端断开连接
[Mon Jul 20 2015 11:01:37 GMT+0800 (中国标准时间)] 
有客户端断开连接
[Mon Jul 20 2015 11:10:53 GMT+0800 (中国标准时间)] 
有客户端断开连接
[Mon Jul 20 2015 11:12:12 GMT+0800 (中国标准时间)] 
有客户端断开连接
[Mon Jul 20 2015 11:12:18 GMT+0800 (中国标准时间)] 
有客户端断开连接
[Mon Jul 20 2015 11:12:28 GMT+0800 (中国标准时间)] 
有客户端断开连接
[Mon Jul 20 2015 11:12:31 GMT+0800 (中国标准时间)] 
有客户端断开连接
[Mon Jul 20 2015 11:12:33 GMT+0800 (中国标准时间)] 
有客户端断开连接
[Mon Jul 20 2015 11:12:35 GMT+0800 (中国标准时间)] 
有客户端断开连接
[Mon Jul 20 2015 11:12:36 GMT+0800 (中国标准时间)] 
有客户端断开连接
[Mon Jul 20 2015 11:13:46 GMT+0800 (中国标准时间)] 
有客户端断开连接
[Mon Jul 20 2015 11:13:46 GMT+0800 (中国标准时间)] 
有客户端断开连接
[Mon Jul 20 2015 11:13:46 GMT+0800 (中国标准时间)] 
有客户端断开连接
[Mon Jul 20 2015 11:13:47 GMT+0800 (中国标准时间)] 
有客户端断开连接
[Mon Jul 20 2015 11:13:47 GMT+0800 (中国标准时间)] 
有客户端断开连接
[Mon Jul 20 2015 11:13:48 GMT+0800 (中国标准时间)] 
有客户端断开连接
[Mon Jul 20 2015 11:13:48 GMT+0800 (中国标准时间)] 
有客户端断开连接
[Mon Jul 20 2015 11:13:49 GMT+0800 (中国标准时间)] 
有客户端断开连接
[Mon Jul 20 2015 11:13:51 GMT+0800 (中国标准时间)] 
有客户端断开连接
[Mon Jul 20 2015 11:13:51 GMT+0800 (中国标准时间)] 
有客户端断开连接
[Mon Jul 20 2015 11:13:52 GMT+0800 (中国标准时间)] 
有客户端断开连接
[Mon Jul 20 2015 11:13:53 GMT+0800 (中国标准时间)] 
有客户端断开连接
[Mon Jul 20 2015 11:13:54 GMT+0800 (中国标准时间)] 
有客户端断开连接
[Mon Jul 20 2015 11:14:05 GMT+0800 (中国标准时间)] 
有客户端断开连接
[Mon Jul 20 2015 11:14:07 GMT+0800 (中国标准时间)] 
有客户端断开连接
[Mon Jul 20 2015 11:14:07 GMT+0800 (中国标准时间)] 
有客户端断开连接
[Mon Jul 20 2015 11:14:18 GMT+0800 (中国标准时间)] 
有客户端断开连接
[Mon Jul 20 2015 11:14:18 GMT+0800 (中国标准时间)] 
有客户端断开连接
[Mon Jul 20 2015 11:14:18 GMT+0800 (中国标准时间)] 
有客户端断开连接
[Mon Jul 20 2015 11:14:18 GMT+0800 (中国标准时间)] 
有客户端断开连接
[Mon Jul 20 2015 11:15:11 GMT+0800 (中国标准时间)] 
有客户端断开连接
[Mon Jul 20 2015 11:21:27 GMT+0800 (中国标准时间)] 
有客户端断开连接
[Mon Jul 20 2015 11:21:31 GMT+0800 (中国标准时间)] 
有客户端断开连接
[Mon Jul 20 2015 11:21:34 GMT+0800 (中国标准时间)] 
有客户端断开连接
[Mon Jul 20 2015 11:21:36 GMT+0800 (中国标准时间)] 
有客户端断开连接
[Mon Jul 20 2015 11:21:39 GMT+0800 (中国标准时间)] 
有客户端断开连接
[Mon Jul 20 2015 11:21:41 GMT+0800 (中国标准时间)] 
有客户端断开连接
[Mon Jul 20 2015 11:21:43 GMT+0800 (中国标准时间)] 
有客户端断开连接
[Mon Jul 20 2015 11:21:44 GMT+0800 (中国标准时间)] 
有客户端断开连接
[Mon Jul 20 2015 11:21:46 GMT+0800 (中国标准时间)] 
有客户端断开连接
[Mon Jul 20 2015 11:22:39 GMT+0800 (中国标准时间)] 
有客户端断开连接
[Mon Jul 20 2015 11:22:41 GMT+0800 (中国标准时间)] 
有客户端断开连接
[Mon Jul 20 2015 11:22:42 GMT+0800 (中国标准时间)] 
有客户端断开连接
[Mon Jul 20 2015 11:22:44 GMT+0800 (中国标准时间)] 
有客户端断开连接
[Mon Jul 20 2015 11:22:45 GMT+0800 (中国标准时间)] 
有客户端断开连接
[Mon Jul 20 2015 11:22:46 GMT+0800 (中国标准时间)] 
有客户端断开连接
[Mon Jul 20 2015 11:22:47 GMT+0800 (中国标准时间)] 
有客户端断开连接
[Mon Jul 20 2015 11:22:48 GMT+0800 (中国标准时间)] 
有客户端断开连接
[Mon Jul 20 2015 11:22:49 GMT+0800 (中国标准时间)] 
有客户端断开连接
[Mon Jul 20 2015 11:22:50 GMT+0800 (中国标准时间)] 
有客户端断开连接
[Mon Jul 20 2015 11:22:50 GMT+0800 (中国标准时间)] 
有客户端断开连接
[Mon Jul 20 2015 11:24:04 GMT+0800 (中国标准时间)] 
有客户端断开连接
[Mon Jul 20 2015 11:24:04 GMT+0800 (中国标准时间)] 
有客户端断开连接
[Mon Jul 20 2015 11:24:06 GMT+0800 (中国标准时间)] 
有客户端断开连接
[Mon Jul 20 2015 11:24:06 GMT+0800 (中国标准时间)] 
有客户端断开连接
[Mon Jul 20 2015 11:24:07 GMT+0800 (中国标准时间)] 
有客户端断开连接
[Mon Jul 20 2015 11:24:09 GMT+0800 (中国标准时间)] 
有客户端断开连接
[Mon Jul 20 2015 11:24:10 GMT+0800 (中国标准时间)] 
有客户端断开连接
[Mon Jul 20 2015 11:24:11 GMT+0800 (中国标准时间)] 
有客户端断开连接
[Mon Jul 20 2015 11:24:13 GMT+0800 (中国标准时间)] 
有客户端断开连接
[Mon Jul 20 2015 11:24:14 GMT+0800 (中国标准时间)] 
有客户端断开连接
[Mon Jul 20 2015 11:24:15 GMT+0800 (中国标准时间)] 
有客户端断开连接
[Mon Jul 20 2015 11:24:15 GMT+0800 (中国标准时间)] 
有客户端断开连接
[Mon Jul 20 2015 11:24:33 GMT+0800 (中国标准时间)] 
有客户端断开连接
[Mon Jul 20 2015 11:24:38 GMT+0800 (中国标准时间)] 
有客户端断开连接
[Mon Jul 20 2015 11:24:38 GMT+0800 (中国标准时间)] 
有客户端断开连接
[Mon Jul 20 2015 11:26:10 GMT+0800 (中国标准时间)] 
有客户端断开连接
[Mon Jul 20 2015 11:26:10 GMT+0800 (中国标准时间)] 
有客户端断开连接
[Mon Jul 20 2015 11:26:10 GMT+0800 (中国标准时间)] 
有客户端断开连接
[Mon Jul 20 2015 11:26:10 GMT+0800 (中国标准时间)] 
有客户端断开连接
[Mon Jul 20 2015 11:26:10 GMT+0800 (中国标准时间)] 
有客户端断开连接
[Mon Jul 20 2015 11:26:10 GMT+0800 (中国标准时间)] 
有客户端断开连接
[Mon Jul 20 2015 11:26:10 GMT+0800 (中国标准时间)] 
有客户端断开连接
[Mon Jul 20 2015 11:26:10 GMT+0800 (中国标准时间)] 
有客户端断开连接
[Mon Jul 20 2015 11:26:10 GMT+0800 (中国标准时间)] 
有客户端断开连接
[Mon Jul 20 2015 11:26:10 GMT+0800 (中国标准时间)] 
有客户端断开连接
[Mon Jul 20 2015 11:26:10 GMT+0800 (中国标准时间)] 
有客户端断开连接
[Mon Jul 20 2015 11:26:10 GMT+0800 (中国标准时间)] 
有客户端断开连接
[Mon Jul 20 2015 11:26:10 GMT+0800 (中国标准时间)] 
有客户端断开连接
[Mon Jul 20 2015 11:26:10 GMT+0800 (中国标准时间)] 
有客户端断开连接
[Mon Jul 20 2015 11:26:10 GMT+0800 (中国标准时间)] 
有客户端断开连接
[Mon Jul 20 2015 11:26:15 GMT+0800 (中国标准时间)] 
有客户端断开连接
[Mon Jul 20 2015 11:26:15 GMT+0800 (中国标准时间)] 
有客户端断开连接
[Mon Jul 20 2015 11:28:43 GMT+0800 (中国标准时间)] 
有客户端断开连接
[Mon Jul 20 2015 11:28:57 GMT+0800 (中国标准时间)] 
有客户端断开连接
[Mon Jul 20 2015 11:28:58 GMT+0800 (中国标准时间)] 
有客户端断开连接
[Mon Jul 20 2015 11:28:59 GMT+0800 (中国标准时间)] 
有客户端断开连接
[Mon Jul 20 2015 11:29:00 GMT+0800 (中国标准时间)] 
有客户端断开连接
[Mon Jul 20 2015 11:29:02 GMT+0800 (中国标准时间)] 
有客户端断开连接
[Mon Jul 20 2015 11:29:04 GMT+0800 (中国标准时间)] 
有客户端断开连接
[Mon Jul 20 2015 11:29:05 GMT+0800 (中国标准时间)] 
有客户端断开连接
[Mon Jul 20 2015 11:33:19 GMT+0800 (中国标准时间)] 
有客户端断开连接
[Mon Jul 20 2015 11:33:21 GMT+0800 (中国标准时间)] 
有客户端断开连接
[Mon Jul 20 2015 11:33:22 GMT+0800 (中国标准时间)] 
有客户端断开连接
[Mon Jul 20 2015 11:33:23 GMT+0800 (中国标准时间)] 
有客户端断开连接
[Mon Jul 20 2015 11:33:24 GMT+0800 (中国标准时间)] 
有客户端断开连接
[Mon Jul 20 2015 11:33:24 GMT+0800 (中国标准时间)] 
有客户端断开连接
[Mon Jul 20 2015 11:33:25 GMT+0800 (中国标准时间)] 
有客户端断开连接
[Mon Jul 20 2015 11:33:26 GMT+0800 (中国标准时间)] 
有客户端断开连接
[Mon Jul 20 2015 11:33:27 GMT+0800 (中国标准时间)] 
有客户端断开连接
[Mon Jul 20 2015 11:33:40 GMT+0800 (中国标准时间)] 
有客户端断开连接
[Mon Jul 20 2015 11:33:40 GMT+0800 (中国标准时间)] 
有客户端断开连接
[Mon Jul 20 2015 11:33:42 GMT+0800 (中国标准时间)] 
有客户端断开连接
[Mon Jul 20 2015 11:33:44 GMT+0800 (中国标准时间)] 
有客户端断开连接
[Mon Jul 20 2015 11:33:46 GMT+0800 (中国标准时间)] 
有客户端断开连接
[Mon Jul 20 2015 11:33:50 GMT+0800 (中国标准时间)] 
有客户端断开连接
[Mon Jul 20 2015 11:33:52 GMT+0800 (中国标准时间)] 
有客户端断开连接
[Mon Jul 20 2015 11:33:53 GMT+0800 (中国标准时间)] 
有客户端断开连接
[Mon Jul 20 2015 11:33:54 GMT+0800 (中国标准时间)] 
有客户端断开连接
[Mon Jul 20 2015 11:33:56 GMT+0800 (中国标准时间)] 
有客户端断开连接
[Mon Jul 20 2015 11:33:59 GMT+0800 (中国标准时间)] 
有客户端断开连接
[Mon Jul 20 2015 11:34:01 GMT+0800 (中国标准时间)] 
有客户端断开连接
[Mon Jul 20 2015 11:34:03 GMT+0800 (中国标准时间)] 
有客户端断开连接
[Mon Jul 20 2015 11:34:05 GMT+0800 (中国标准时间)] 
有客户端断开连接
[Mon Jul 20 2015 11:35:03 GMT+0800 (中国标准时间)] 
有客户端断开连接
[Mon Jul 20 2015 11:35:03 GMT+0800 (中国标准时间)] 
有客户端断开连接
[Mon Jul 20 2015 11:35:04 GMT+0800 (中国标准时间)] 
有客户端断开连接
[Mon Jul 20 2015 11:35:05 GMT+0800 (中国标准时间)] 
有客户端断开连接
[Mon Jul 20 2015 11:35:06 GMT+0800 (中国标准时间)] 
有客户端断开连接
[Mon Jul 20 2015 11:35:07 GMT+0800 (中国标准时间)] 
有客户端断开连接
[Mon Jul 20 2015 11:35:07 GMT+0800 (中国标准时间)] 
有客户端断开连接
[Mon Jul 20 2015 11:35:09 GMT+0800 (中国标准时间)] 
有客户端断开连接
[Mon Jul 20 2015 11:35:09 GMT+0800 (中国标准时间)] 
有客户端断开连接
[Mon Jul 20 2015 11:35:10 GMT+0800 (中国标准时间)] 
有客户端断开连接
[Mon Jul 20 2015 11:35:11 GMT+0800 (中国标准时间)] 
有客户端断开连接
[Mon Jul 20 2015 11:35:12 GMT+0800 (中国标准时间)] 
有客户端断开连接
[Mon Jul 20 2015 11:35:12 GMT+0800 (中国标准时间)] 
有客户端断开连接
[Mon Jul 20 2015 11:35:13 GMT+0800 (中国标准时间)] 
有客户端断开连接
[Mon Jul 20 2015 11:35:13 GMT+0800 (中国标准时间)] 
有客户端断开连接
[Mon Jul 20 2015 11:35:13 GMT+0800 (中国标准时间)] 
有客户端断开连接
[Mon Jul 20 2015 11:35:15 GMT+0800 (中国标准时间)] 
有客户端断开连接
[Mon Jul 20 2015 11:35:15 GMT+0800 (中国标准时间)] 
有客户端断开连接
[Mon Jul 20 2015 11:35:17 GMT+0800 (中国标准时间)] 
有客户端断开连接
[Mon Jul 20 2015 11:35:18 GMT+0800 (中国标准时间)] 
有客户端断开连接
[Mon Jul 20 2015 11:35:19 GMT+0800 (中国标准时间)] 
有客户端断开连接
[Mon Jul 20 2015 11:35:19 GMT+0800 (中国标准时间)] 
有客户端断开连接
[Mon Jul 20 2015 11:35:20 GMT+0800 (中国标准时间)] 
有客户端断开连接
[Mon Jul 20 2015 11:35:21 GMT+0800 (中国标准时间)] 
有客户端断开连接
[Mon Jul 20 2015 11:35:22 GMT+0800 (中国标准时间)] 
有客户端断开连接
[Mon Jul 20 2015 11:35:23 GMT+0800 (中国标准时间)] 
有客户端断开连接
[Mon Jul 20 2015 11:35:23 GMT+0800 (中国标准时间)] 
有客户端断开连接
[Mon Jul 20 2015 11:35:23 GMT+0800 (中国标准时间)] 
有客户端断开连接
[Mon Jul 20 2015 11:35:26 GMT+0800 (中国标准时间)] 
有客户端断开连接
[Mon Jul 20 2015 11:35:29 GMT+0800 (中国标准时间)] 
有客户端断开连接
[Mon Jul 20 2015 11:35:30 GMT+0800 (中国标准时间)] 
有客户端断开连接
[Mon Jul 20 2015 11:36:47 GMT+0800 (中国标准时间)] 
有客户端断开连接
[Mon Jul 20 2015 11:36:47 GMT+0800 (中国标准时间)] 
有客户端断开连接
[Mon Jul 20 2015 11:36:47 GMT+0800 (中国标准时间)] 
有客户端断开连接
[Mon Jul 20 2015 11:42:22 GMT+0800 (中国标准时间)] 
有客户端断开连接
[Mon Jul 20 2015 11:42:23 GMT+0800 (中国标准时间)] 
有客户端断开连接
[Mon Jul 20 2015 11:42:24 GMT+0800 (中国标准时间)] 
有客户端断开连接
[Mon Jul 20 2015 11:42:25 GMT+0800 (中国标准时间)] 
有客户端断开连接
[Mon Jul 20 2015 11:42:26 GMT+0800 (中国标准时间)] 
有客户端断开连接
[Mon Jul 20 2015 11:42:28 GMT+0800 (中国标准时间)] 
有客户端断开连接
[Mon Jul 20 2015 11:42:29 GMT+0800 (中国标准时间)] 
有客户端断开连接
[Mon Jul 20 2015 11:42:30 GMT+0800 (中国标准时间)] 
有客户端断开连接
[Mon Jul 20 2015 11:42:30 GMT+0800 (中国标准时间)] 
有客户端断开连接
[Mon Jul 20 2015 11:42:58 GMT+0800 (中国标准时间)] 
有客户端断开连接
[Mon Jul 20 2015 11:43:39 GMT+0800 (中国标准时间)] 
有客户端断开连接
[Mon Jul 20 2015 11:43:39 GMT+0800 (中国标准时间)] 
有客户端断开连接
[Mon Jul 20 2015 11:43:39 GMT+0800 (中国标准时间)] 
有客户端断开连接
[Mon Jul 20 2015 11:43:39 GMT+0800 (中国标准时间)] 
有客户端断开连接
[Mon Jul 20 2015 11:43:39 GMT+0800 (中国标准时间)] 
有客户端断开连接
[Mon Jul 20 2015 11:43:39 GMT+0800 (中国标准时间)] 
有客户端断开连接
[Mon Jul 20 2015 11:43:39 GMT+0800 (中国标准时间)] 
有客户端断开连接
[Mon Jul 20 2015 11:43:40 GMT+0800 (中国标准时间)] 
有客户端断开连接
[Mon Jul 20 2015 11:43:40 GMT+0800 (中国标准时间)] 
有客户端断开连接
[Mon Jul 20 2015 11:43:40 GMT+0800 (中国标准时间)] 
有客户端断开连接
[Mon Jul 20 2015 11:48:49 GMT+0800 (中国标准时间)] 
有客户端断开连接
[Mon Jul 20 2015 11:48:51 GMT+0800 (中国标准时间)] 
有客户端断开连接
[Mon Jul 20 2015 11:48:52 GMT+0800 (中国标准时间)] 
有客户端断开连接
[Mon Jul 20 2015 11:48:53 GMT+0800 (中国标准时间)] 
有客户端断开连接
[Mon Jul 20 2015 11:48:54 GMT+0800 (中国标准时间)] 
有客户端断开连接
[Mon Jul 20 2015 11:48:55 GMT+0800 (中国标准时间)] 
有客户端断开连接
[Mon Jul 20 2015 11:48:56 GMT+0800 (中国标准时间)] 
有客户端断开连接
[Mon Jul 20 2015 11:48:57 GMT+0800 (中国标准时间)] 
有客户端断开连接
[Mon Jul 20 2015 11:48:58 GMT+0800 (中国标准时间)] 
有客户端断开连接
[Mon Jul 20 2015 11:48:58 GMT+0800 (中国标准时间)] 
有客户端断开连接
[Mon Jul 20 2015 12:13:19 GMT+0800 (中国标准时间)] 
有客户端断开连接
[Mon Jul 20 2015 12:14:38 GMT+0800 (中国标准时间)] 
有客户端断开连接
[Mon Jul 20 2015 12:21:03 GMT+0800 (中国标准时间)] 
有客户端断开连接
[Mon Jul 20 2015 12:25:53 GMT+0800 (中国标准时间)] 
有客户端断开连接
[Mon Jul 20 2015 13:33:14 GMT+0800 (中国标准时间)] 
有客户端断开连接
[Mon Jul 20 2015 13:33:15 GMT+0800 (中国标准时间)] 
有客户端断开连接
[Mon Jul 20 2015 13:33:15 GMT+0800 (中国标准时间)] 
有客户端断开连接
[Mon Jul 20 2015 13:33:15 GMT+0800 (中国标准时间)] 
有客户端断开连接
[Mon Jul 20 2015 13:33:15 GMT+0800 (中国标准时间)] 
有客户端断开连接
[Mon Jul 20 2015 13:33:15 GMT+0800 (中国标准时间)] 
有客户端断开连接
[Mon Jul 20 2015 13:33:15 GMT+0800 (中国标准时间)] 
有客户端断开连接
[Mon Jul 20 2015 13:33:15 GMT+0800 (中国标准时间)] 
有客户端断开连接
[Mon Jul 20 2015 13:33:16 GMT+0800 (中国标准时间)] 
有客户端断开连接
[Mon Jul 20 2015 13:33:16 GMT+0800 (中国标准时间)] 
有客户端断开连接
[Mon Jul 20 2015 13:33:16 GMT+0800 (中国标准时间)] 
有客户端断开连接
[Mon Jul 20 2015 13:33:16 GMT+0800 (中国标准时间)] 
有客户端断开连接
[Mon Jul 20 2015 13:33:16 GMT+0800 (中国标准时间)] 
有客户端断开连接
[Mon Jul 20 2015 13:33:16 GMT+0800 (中国标准时间)] 
有客户端断开连接
[Mon Jul 20 2015 13:33:19 GMT+0800 (中国标准时间)] 
有客户端断开连接
[Mon Jul 20 2015 13:33:19 GMT+0800 (中国标准时间)] 
有客户端断开连接
[Mon Jul 20 2015 13:33:19 GMT+0800 (中国标准时间)] 
有客户端断开连接
[Mon Jul 20 2015 13:33:19 GMT+0800 (中国标准时间)] 
有客户端断开连接
[Mon Jul 20 2015 13:33:19 GMT+0800 (中国标准时间)] 
有客户端断开连接
[Mon Jul 20 2015 13:33:19 GMT+0800 (中国标准时间)] 
有客户端断开连接
[Mon Jul 20 2015 13:33:19 GMT+0800 (中国标准时间)] 
有客户端断开连接
[Mon Jul 20 2015 13:33:20 GMT+0800 (中国标准时间)] 
有客户端断开连接
[Mon Jul 20 2015 13:33:20 GMT+0800 (中国标准时间)] 
有客户端断开连接
[Mon Jul 20 2015 13:33:20 GMT+0800 (中国标准时间)] 
有客户端断开连接
[Mon Jul 20 2015 13:33:20 GMT+0800 (中国标准时间)] 
有客户端断开连接
[Mon Jul 20 2015 13:33:20 GMT+0800 (中国标准时间)] 
有客户端断开连接
[Mon Jul 20 2015 13:33:20 GMT+0800 (中国标准时间)] 
有客户端断开连接
[Mon Jul 20 2015 13:33:20 GMT+0800 (中国标准时间)] 
有客户端断开连接
[Mon Jul 20 2015 13:33:20 GMT+0800 (中国标准时间)] 
有客户端断开连接
[Mon Jul 20 2015 13:33:20 GMT+0800 (中国标准时间)] 
有客户端断开连接
[Mon Jul 20 2015 13:33:20 GMT+0800 (中国标准时间)] 
有客户端断开连接
[Mon Jul 20 2015 13:33:20 GMT+0800 (中国标准时间)] 
有客户端断开连接
[Mon Jul 20 2015 13:33:20 GMT+0800 (中国标准时间)] 
有客户端断开连接
[Mon Jul 20 2015 13:33:20 GMT+0800 (中国标准时间)] 
有客户端断开连接
[Mon Jul 20 2015 13:33:21 GMT+0800 (中国标准时间)] 
有客户端断开连接
[Mon Jul 20 2015 13:33:21 GMT+0800 (中国标准时间)] 
有客户端断开连接
[Mon Jul 20 2015 13:33:21 GMT+0800 (中国标准时间)] 
有客户端断开连接
[Mon Jul 20 2015 13:33:21 GMT+0800 (中国标准时间)] 
有客户端断开连接
[Mon Jul 20 2015 13:33:21 GMT+0800 (中国标准时间)] 
有客户端断开连接
[Mon Jul 20 2015 13:33:21 GMT+0800 (中国标准时间)] 
有客户端断开连接
[Mon Jul 20 2015 13:33:21 GMT+0800 (中国标准时间)] 
有客户端断开连接
[Mon Jul 20 2015 13:33:21 GMT+0800 (中国标准时间)] 
有客户端断开连接
[Mon Jul 20 2015 13:33:21 GMT+0800 (中国标准时间)] 
有客户端断开连接
[Mon Jul 20 2015 13:33:21 GMT+0800 (中国标准时间)] 
有客户端断开连接
[Mon Jul 20 2015 13:33:21 GMT+0800 (中国标准时间)] 
有客户端断开连接
[Mon Jul 20 2015 13:33:21 GMT+0800 (中国标准时间)] 
有客户端断开连接
[Mon Jul 20 2015 13:33:21 GMT+0800 (中国标准时间)] 
有客户端断开连接
[Mon Jul 20 2015 13:33:21 GMT+0800 (中国标准时间)] 
有客户端断开连接
[Mon Jul 20 2015 13:33:21 GMT+0800 (中国标准时间)] 
有客户端断开连接
[Mon Jul 20 2015 13:33:21 GMT+0800 (中国标准时间)] 
有客户端断开连接
[Mon Jul 20 2015 14:25:13 GMT+0800 (中国标准时间)] 
有客户端断开连接
[Mon Jul 20 2015 14:25:18 GMT+0800 (中国标准时间)] 
有客户端断开连接
[Mon Jul 20 2015 14:25:47 GMT+0800 (中国标准时间)] 
有客户端断开连接
[Mon Jul 20 2015 14:26:52 GMT+0800 (中国标准时间)] 
有客户端断开连接
[Mon Jul 20 2015 14:42:02 GMT+0800 (中国标准时间)] 
有客户端断开连接
[Mon Jul 20 2015 14:43:26 GMT+0800 (中国标准时间)] 
有客户端断开连接
[Mon Jul 20 2015 14:56:55 GMT+0800 (中国标准时间)] 
有客户端断开连接
[Mon Jul 20 2015 14:56:55 GMT+0800 (中国标准时间)] 
有客户端断开连接
[Mon Jul 20 2015 14:56:55 GMT+0800 (中国标准时间)] 
有客户端断开连接
[Mon Jul 20 2015 14:56:55 GMT+0800 (中国标准时间)] 
有客户端断开连接
[Mon Jul 20 2015 14:56:55 GMT+0800 (中国标准时间)] 
有客户端断开连接
[Mon Jul 20 2015 14:56:55 GMT+0800 (中国标准时间)] 
有客户端断开连接
[Mon Jul 20 2015 14:56:55 GMT+0800 (中国标准时间)] 
有客户端断开连接
[Mon Jul 20 2015 14:56:55 GMT+0800 (中国标准时间)] 
有客户端断开连接
[Mon Jul 20 2015 14:56:55 GMT+0800 (中国标准时间)] 
有客户端断开连接
[Mon Jul 20 2015 14:56:55 GMT+0800 (中国标准时间)] 
有客户端断开连接
[Mon Jul 20 2015 15:12:40 GMT+0800 (中国标准时间)] 
有客户端断开连接
[Mon Jul 20 2015 15:37:08 GMT+0800 (中国标准时间)] 
有客户端断开连接
[Mon Jul 20 2015 15:37:09 GMT+0800 (中国标准时间)] 
有客户端断开连接
[Mon Jul 20 2015 15:37:15 GMT+0800 (中国标准时间)] 
有客户端断开连接
[Mon Jul 20 2015 15:37:17 GMT+0800 (中国标准时间)] 
有客户端断开连接
[Mon Jul 20 2015 15:37:56 GMT+0800 (中国标准时间)] 
有客户端断开连接
[Mon Jul 20 2015 15:43:04 GMT+0800 (中国标准时间)] 
有客户端断开连接
[Mon Jul 20 2015 16:08:11 GMT+0800 (中国标准时间)] 
有客户端断开连接
[Mon Jul 20 2015 16:08:11 GMT+0800 (中国标准时间)] 
有客户端断开连接
[Mon Jul 20 2015 16:08:36 GMT+0800 (中国标准时间)] 
有客户端断开连接
[Mon Jul 20 2015 16:09:14 GMT+0800 (中国标准时间)] 
有客户端断开连接
[Mon Jul 20 2015 16:09:14 GMT+0800 (中国标准时间)] 
有客户端断开连接
[Mon Jul 20 2015 16:12:24 GMT+0800 (中国标准时间)] 
有客户端断开连接
