0 info it worked if it ends with ok
1 verbose cli [ 'C:\\Program Files\\nodejs\\\\node.exe',
1 verbose cli   'C:\\Program Files\\nodejs\\node_modules\\npm\\bin\\npm-cli.js',
1 verbose cli   'install',
1 verbose cli   'hiredis',
1 verbose cli   'redis' ]
2 info using npm@2.10.1
3 info using node@v0.12.4
4 verbose install initial load of C:\Users\2015\Desktop\send and save\package.json
5 verbose installManyTop reading scoped package data from C:\Users\2015\Desktop\send and save\node_modules\body-parser\package.json
6 verbose installManyTop reading scoped package data from C:\Users\2015\Desktop\send and save\node_modules\cookie-parser\package.json
7 verbose installManyTop reading scoped package data from C:\Users\2015\Desktop\send and save\node_modules\debug\package.json
8 verbose installManyTop reading scoped package data from C:\Users\2015\Desktop\send and save\node_modules\ejs\package.json
9 verbose installManyTop reading scoped package data from C:\Users\2015\Desktop\send and save\node_modules\express\package.json
10 verbose installManyTop reading scoped package data from C:\Users\2015\Desktop\send and save\node_modules\morgan\package.json
11 verbose installManyTop reading scoped package data from C:\Users\2015\Desktop\send and save\node_modules\mysql\package.json
12 verbose installManyTop reading scoped package data from C:\Users\2015\Desktop\send and save\node_modules\redis\package.json
13 verbose installManyTop reading scoped package data from C:\Users\2015\Desktop\send and save\node_modules\serve-favicon\package.json
14 info package.json redis@0.12.1 No license field.
15 verbose readDependencies loading dependencies from C:\Users\2015\Desktop\send and save\package.json
16 silly cache add args [ 'hiredis', null ]
17 verbose cache add spec hiredis
18 verbose install redis is installed as 0.12.1
19 silly cache add args [ 'redis', null ]
20 verbose cache add spec redis
21 silly cache add parsed spec { raw: 'hiredis',
21 silly cache add   scope: null,
21 silly cache add   name: 'hiredis',
21 silly cache add   rawSpec: '',
21 silly cache add   spec: '*',
21 silly cache add   type: 'range' }
22 silly addNamed hiredis@*
23 verbose addNamed "*" is a valid semver range for hiredis
24 silly addNameRange { name: 'hiredis', range: '*', hasData: false }
25 silly mapToRegistry name hiredis
26 silly mapToRegistry using default registry
27 silly mapToRegistry registry https://registry.npmjs.org/
28 silly mapToRegistry uri https://registry.npmjs.org/hiredis
29 verbose addNameRange registry:https://registry.npmjs.org/hiredis not in flight; fetching
30 silly cache add parsed spec { raw: 'redis',
30 silly cache add   scope: null,
30 silly cache add   name: 'redis',
30 silly cache add   rawSpec: '',
30 silly cache add   spec: '*',
30 silly cache add   type: 'range' }
31 silly addNamed redis@*
32 verbose addNamed "*" is a valid semver range for redis
33 silly addNameRange { name: 'redis', range: '*', hasData: false }
34 silly mapToRegistry name redis
35 silly mapToRegistry using default registry
36 silly mapToRegistry registry https://registry.npmjs.org/
37 silly mapToRegistry uri https://registry.npmjs.org/redis
38 verbose addNameRange registry:https://registry.npmjs.org/redis not in flight; fetching
39 verbose request uri https://registry.npmjs.org/hiredis
40 verbose request no auth needed
41 info attempt registry request try #1 at 08:55:34
42 verbose request id 665a627a06d164b2
43 http request GET https://registry.npmjs.org/hiredis
44 verbose request uri https://registry.npmjs.org/redis
45 verbose request no auth needed
46 info attempt registry request try #1 at 08:55:34
47 verbose etag "CJB0L9WTF1M4YAKWOYDDEHQ0O"
48 http request GET https://registry.npmjs.org/redis
49 http 304 https://registry.npmjs.org/redis
50 silly get cb [ 304,
50 silly get   { date: 'Thu, 16 Jul 2015 00:55:12 GMT',
50 silly get     via: '1.1 varnish',
50 silly get     'cache-control': 'max-age=60',
50 silly get     etag: '"CJB0L9WTF1M4YAKWOYDDEHQ0O"',
50 silly get     age: '0',
50 silly get     connection: 'keep-alive',
50 silly get     'x-served-by': 'cache-lax1432-LAX',
50 silly get     'x-cache': 'HIT',
50 silly get     'x-cache-hits': '1',
50 silly get     'x-timer': 'S1437008112.350175,VS0,VE83',
50 silly get     vary: 'Accept' } ]
51 verbose etag https://registry.npmjs.org/redis from cache
52 verbose get saving redis to C:\Users\2015\AppData\Roaming\npm-cache\registry.npmjs.org\redis\.cache.json
53 silly addNameRange number 2 { name: 'redis', range: '*', hasData: true }
54 silly addNameRange versions [ 'redis',
54 silly addNameRange   [ '0.0.1',
54 silly addNameRange     '0.0.2',
54 silly addNameRange     '0.0.3',
54 silly addNameRange     '0.0.4',
54 silly addNameRange     '0.0.7',
54 silly addNameRange     '0.0.8',
54 silly addNameRange     '0.1.0',
54 silly addNameRange     '0.1.1',
54 silly addNameRange     '0.1.2',
54 silly addNameRange     '0.2.0',
54 silly addNameRange     '0.2.1',
54 silly addNameRange     '0.2.2',
54 silly addNameRange     '0.2.3',
54 silly addNameRange     '0.2.4',
54 silly addNameRange     '0.2.6',
54 silly addNameRange     '0.3.0',
54 silly addNameRange     '0.3.1',
54 silly addNameRange     '0.3.2',
54 silly addNameRange     '0.3.3',
54 silly addNameRange     '0.3.4',
54 silly addNameRange     '0.3.5',
54 silly addNameRange     '0.3.6',
54 silly addNameRange     '0.3.7',
54 silly addNameRange     '0.3.9',
54 silly addNameRange     '0.4.0',
54 silly addNameRange     '0.4.1',
54 silly addNameRange     '0.4.2',
54 silly addNameRange     '0.5.0',
54 silly addNameRange     '0.5.1',
54 silly addNameRange     '0.5.2',
54 silly addNameRange     '0.5.3',
54 silly addNameRange     '0.5.4',
54 silly addNameRange     '0.5.5',
54 silly addNameRange     '0.5.6',
54 silly addNameRange     '0.5.7',
54 silly addNameRange     '0.5.8',
54 silly addNameRange     '0.5.9',
54 silly addNameRange     '0.5.10',
54 silly addNameRange     '0.5.11',
54 silly addNameRange     '0.6.0',
54 silly addNameRange     '0.6.1',
54 silly addNameRange     '0.6.2',
54 silly addNameRange     '0.6.3',
54 silly addNameRange     '0.6.4',
54 silly addNameRange     '0.6.5',
54 silly addNameRange     '0.6.6',
54 silly addNameRange     '0.6.7',
54 silly addNameRange     '0.7.0',
54 silly addNameRange     '0.7.1',
54 silly addNameRange     '0.7.2',
54 silly addNameRange     '0.7.3',
54 silly addNameRange     '0.8.0',
54 silly addNameRange     '0.8.1',
54 silly addNameRange     '0.8.2',
54 silly addNameRange     '0.8.3',
54 silly addNameRange     '0.8.4',
54 silly addNameRange     '0.8.5',
54 silly addNameRange     '0.8.6',
54 silly addNameRange     '0.9.0',
54 silly addNameRange     '0.9.1',
54 silly addNameRange     '0.9.2',
54 silly addNameRange     '0.10.0',
54 silly addNameRange     '0.10.1',
54 silly addNameRange     '0.10.2',
54 silly addNameRange     '0.10.3',
54 silly addNameRange     '0.11.0',
54 silly addNameRange     '0.12.0',
54 silly addNameRange     '0.12.1' ] ]
55 silly addNamed redis@0.12.1
56 verbose addNamed "0.12.1" is a plain semver version for redis
57 silly cache afterAdd redis@0.12.1
58 verbose afterAdd C:\Users\2015\AppData\Roaming\npm-cache\redis\0.12.1\package\package.json not in flight; writing
59 verbose afterAdd C:\Users\2015\AppData\Roaming\npm-cache\redis\0.12.1\package\package.json written
60 http 200 https://registry.npmjs.org/hiredis
61 silly get cb [ 200,
61 silly get   { server: 'CouchDB/1.5.0 (Erlang OTP/R16B03)',
61 silly get     etag: '"BPCMUT7CDYC98344ML2FI704"',
61 silly get     'content-type': 'application/json',
61 silly get     'cache-control': 'max-age=60',
61 silly get     'content-length': '19197',
61 silly get     'accept-ranges': 'bytes',
61 silly get     date: 'Thu, 16 Jul 2015 00:55:12 GMT',
61 silly get     via: '1.1 varnish',
61 silly get     age: '0',
61 silly get     connection: 'keep-alive',
61 silly get     'x-served-by': 'cache-lax1435-LAX',
61 silly get     'x-cache': 'HIT',
61 silly get     'x-cache-hits': '1',
61 silly get     'x-timer': 'S1437008112.349667,VS0,VE76',
61 silly get     vary: 'Accept' } ]
62 verbose get saving hiredis to C:\Users\2015\AppData\Roaming\npm-cache\registry.npmjs.org\hiredis\.cache.json
63 silly addNameRange number 2 { name: 'hiredis', range: '*', hasData: true }
64 silly addNameRange versions [ 'hiredis',
64 silly addNameRange   [ '0.1.0',
64 silly addNameRange     '0.1.1',
64 silly addNameRange     '0.1.2',
64 silly addNameRange     '0.1.3',
64 silly addNameRange     '0.1.4',
64 silly addNameRange     '0.1.5',
64 silly addNameRange     '0.1.6',
64 silly addNameRange     '0.1.8',
64 silly addNameRange     '0.1.9',
64 silly addNameRange     '0.1.10',
64 silly addNameRange     '0.1.12',
64 silly addNameRange     '0.1.13',
64 silly addNameRange     '0.1.14',
64 silly addNameRange     '0.1.15',
64 silly addNameRange     '0.1.16',
64 silly addNameRange     '0.1.17',
64 silly addNameRange     '0.2.0',
64 silly addNameRange     '0.3.0',
64 silly addNameRange     '0.4.0' ] ]
65 silly addNamed hiredis@0.4.0
66 verbose addNamed "0.4.0" is a plain semver version for hiredis
67 silly mapToRegistry name hiredis
68 silly mapToRegistry using default registry
69 silly mapToRegistry registry https://registry.npmjs.org/
70 silly mapToRegistry uri https://registry.npmjs.org/hiredis
71 verbose addRemoteTarball https://registry.npmjs.org/hiredis/-/hiredis-0.4.0.tgz not in flight; adding
72 verbose addRemoteTarball [ 'https://registry.npmjs.org/hiredis/-/hiredis-0.4.0.tgz',
72 verbose addRemoteTarball   '5c5fb3d3a306bc2ed9bfa92449753f21e34247de' ]
73 info retry fetch attempt 1 at 08:55:36
74 info attempt registry request try #1 at 08:55:36
75 http fetch GET https://registry.npmjs.org/hiredis/-/hiredis-0.4.0.tgz
76 http fetch 200 https://registry.npmjs.org/hiredis/-/hiredis-0.4.0.tgz
77 silly fetchAndShaCheck shasum 5c5fb3d3a306bc2ed9bfa92449753f21e34247de
78 verbose addTmpTarball C:\Users\2015\AppData\Local\Temp\npm-9800-f26973db\registry.npmjs.org\hiredis\-\hiredis-0.4.0.tgz not in flight; adding
79 verbose addTmpTarball already have metadata; skipping unpack for hiredis@0.4.0
80 silly cache afterAdd hiredis@0.4.0
81 verbose afterAdd C:\Users\2015\AppData\Roaming\npm-cache\hiredis\0.4.0\package\package.json not in flight; writing
82 verbose afterAdd C:\Users\2015\AppData\Roaming\npm-cache\hiredis\0.4.0\package\package.json written
83 silly install resolved [ { name: 'redis',
83 silly install resolved     version: '0.12.1',
83 silly install resolved     description: 'Redis client library',
83 silly install resolved     keywords: [ 'redis', 'database' ],
83 silly install resolved     author: { name: 'Matt Ranney', email: 'mjr@ranney.com' },
83 silly install resolved     main: './index.js',
83 silly install resolved     scripts: { test: 'node ./test.js' },
83 silly install resolved     devDependencies: { metrics: '>=0.1.5', colors: '~0.6.0-1', underscore: '~1.4.4' },
83 silly install resolved     repository: { type: 'git', url: 'git://github.com/mranney/node_redis.git' },
83 silly install resolved     bugs: { url: 'https://github.com/mranney/node_redis/issues' },
83 silly install resolved     homepage: 'https://github.com/mranney/node_redis',
83 silly install resolved     _id: 'redis@0.12.1',
83 silly install resolved     _shasum: '64df76ad0fc8acebaebd2a0645e8a48fac49185e',
83 silly install resolved     _from: 'redis@*',
83 silly install resolved     _npmVersion: '1.4.9',
83 silly install resolved     _npmUser: { name: 'bryce', email: 'bryce@ravenwall.com' },
83 silly install resolved     maintainers: [ [Object], [Object], [Object] ],
83 silly install resolved     dist:
83 silly install resolved      { shasum: '64df76ad0fc8acebaebd2a0645e8a48fac49185e',
83 silly install resolved        tarball: 'http://registry.npmjs.org/redis/-/redis-0.12.1.tgz' },
83 silly install resolved     directories: {},
83 silly install resolved     _resolved: 'https://registry.npmjs.org/redis/-/redis-0.12.1.tgz',
83 silly install resolved     readme: 'ERROR: No README data found!' },
83 silly install resolved   { name: 'hiredis',
83 silly install resolved     description: 'Wrapper for reply processing code in hiredis',
83 silly install resolved     version: '0.4.0',
83 silly install resolved     homepage: 'http://github.com/redis/hiredis-node',
83 silly install resolved     author: { name: 'Jan-Erik Rediger', email: 'janerik@fnordig.de' },
83 silly install resolved     contributors: [ [Object] ],
83 silly install resolved     main: 'hiredis',
83 silly install resolved     scripts:
83 silly install resolved      { test: 'node test/reader.js && node test/writer.js',
83 silly install resolved        install: 'node-gyp rebuild' },
83 silly install resolved     dependencies: { bindings: '*', nan: '^1.8.4' },
83 silly install resolved     engines: { node: '>= 0.8.0' },
83 silly install resolved     repository:
83 silly install resolved      { type: 'git',
83 silly install resolved        url: 'git+https://github.com/redis/hiredis-node.git' },
83 silly install resolved     bugs: { url: 'https://github.com/redis/hiredis-node/issues' },
83 silly install resolved     license: 'BSD-3-Clause',
83 silly install resolved     gypfile: true,
83 silly install resolved     gitHead: '182b376dfb04ba308e69f3172b1b72172a76ada5',
83 silly install resolved     _id: 'hiredis@0.4.0',
83 silly install resolved     _shasum: '5c5fb3d3a306bc2ed9bfa92449753f21e34247de',
83 silly install resolved     _from: 'hiredis@*',
83 silly install resolved     _npmVersion: '2.10.1',
83 silly install resolved     _nodeVersion: '0.12.4',
83 silly install resolved     _npmUser: { name: 'badboy_', email: 'janerik@fnordig.de' },
83 silly install resolved     maintainers: [ [Object], [Object] ],
83 silly install resolved     dist:
83 silly install resolved      { shasum: '5c5fb3d3a306bc2ed9bfa92449753f21e34247de',
83 silly install resolved        tarball: 'http://registry.npmjs.org/hiredis/-/hiredis-0.4.0.tgz' },
83 silly install resolved     directories: {},
83 silly install resolved     _resolved: 'https://registry.npmjs.org/hiredis/-/hiredis-0.4.0.tgz' } ]
84 info install redis@0.12.1 into C:\Users\2015\Desktop\send and save
85 info install hiredis@0.4.0 into C:\Users\2015\Desktop\send and save
86 info installOne redis@0.12.1
87 verbose installOne of redis to C:\Users\2015\Desktop\send and save not in flight; installing
88 info installOne hiredis@0.4.0
89 verbose installOne of hiredis to C:\Users\2015\Desktop\send and save not in flight; installing
90 verbose lock using C:\Users\2015\AppData\Roaming\npm-cache\_locks\redis-27df31485e772634.lock for C:\Users\2015\Desktop\send and save\node_modules\redis
91 verbose lock using C:\Users\2015\AppData\Roaming\npm-cache\_locks\hiredis-06c0e0c1ea0f1c9e.lock for C:\Users\2015\Desktop\send and save\node_modules\hiredis
92 silly install write writing hiredis 0.4.0 to C:\Users\2015\Desktop\send and save\node_modules\hiredis
93 silly install write writing redis 0.12.1 to C:\Users\2015\Desktop\send and save\node_modules\redis
94 verbose unbuild node_modules\hiredis
95 verbose unbuild node_modules\redis
96 silly gentlyRm C:\Users\2015\Desktop\send and save\node_modules\hiredis is being purged from base C:\Users\2015\Desktop\send and save
97 verbose gentlyRm don't care about contents; nuking C:\Users\2015\Desktop\send and save\node_modules\hiredis
98 verbose tar unpack C:\Users\2015\AppData\Roaming\npm-cache\hiredis\0.4.0\package.tgz
99 verbose tar unpacking to C:\Users\2015\Desktop\send and save\node_modules\hiredis
100 silly gentlyRm C:\Users\2015\Desktop\send and save\node_modules\hiredis is being purged
101 verbose gentlyRm don't care about contents; nuking C:\Users\2015\Desktop\send and save\node_modules\hiredis
102 silly gunzTarPerm modes [ '777', '666' ]
103 info preuninstall redis@0.12.1
104 silly gunzTarPerm extractEntry package.json
105 silly gunzTarPerm modified mode [ 'package.json', 420, 438 ]
106 info uninstall redis@0.12.1
107 verbose unbuild rmStuff redis@0.12.1 from C:\Users\2015\Desktop\send and save\node_modules
108 info postuninstall redis@0.12.1
109 silly gunzTarPerm extractEntry .npmignore
110 silly gunzTarPerm modified mode [ '.npmignore', 420, 438 ]
111 silly gunzTarPerm extractEntry README.md
112 silly gunzTarPerm modified mode [ 'README.md', 420, 438 ]
113 silly gentlyRm C:\Users\2015\Desktop\send and save\node_modules\redis is being purged from base C:\Users\2015\Desktop\send and save
114 verbose gentlyRm don't care about contents; nuking C:\Users\2015\Desktop\send and save\node_modules\redis
115 silly vacuum-fs purging C:\Users\2015\Desktop\send and save\node_modules\redis
116 silly gunzTarPerm extractEntry bench.js
117 silly gunzTarPerm modified mode [ 'bench.js', 420, 438 ]
118 silly gunzTarPerm extractEntry hiredis.js
119 silly gunzTarPerm modified mode [ 'hiredis.js', 420, 438 ]
120 silly gunzTarPerm extractEntry COPYING
121 silly gunzTarPerm modified mode [ 'COPYING', 420, 438 ]
122 silly gunzTarPerm extractEntry Makefile
123 silly gunzTarPerm modified mode [ 'Makefile', 420, 438 ]
124 silly vacuum-fs quitting because other entries in C:\Users\2015\Desktop\send and save\node_modules
125 verbose tar unpack C:\Users\2015\AppData\Roaming\npm-cache\redis\0.12.1\package.tgz
126 verbose tar unpacking to C:\Users\2015\Desktop\send and save\node_modules\redis
127 silly gentlyRm C:\Users\2015\Desktop\send and save\node_modules\redis is being purged
128 verbose gentlyRm don't care about contents; nuking C:\Users\2015\Desktop\send and save\node_modules\redis
129 silly gunzTarPerm modes [ '777', '666' ]
130 silly gunzTarPerm extractEntry appveyor.yml
131 silly gunzTarPerm modified mode [ 'appveyor.yml', 420, 438 ]
132 silly gunzTarPerm extractEntry .gitmodules
133 silly gunzTarPerm modified mode [ '.gitmodules', 420, 438 ]
134 silly gunzTarPerm extractEntry package.json
135 silly gunzTarPerm modified mode [ 'package.json', 420, 438 ]
136 silly gunzTarPerm extractEntry .npmignore
137 silly gunzTarPerm modified mode [ '.npmignore', 420, 438 ]
138 silly gunzTarPerm extractEntry README.md
139 silly gunzTarPerm modified mode [ 'README.md', 420, 438 ]
140 silly gunzTarPerm extractEntry connection_breaker.js
141 silly gunzTarPerm modified mode [ 'connection_breaker.js', 420, 438 ]
142 silly gunzTarPerm extractEntry index.js
143 silly gunzTarPerm modified mode [ 'index.js', 420, 438 ]
144 silly gunzTarPerm extractEntry lib/commands.js
145 silly gunzTarPerm modified mode [ 'lib/commands.js', 420, 438 ]
146 silly gunzTarPerm extractEntry lib/queue.js
147 silly gunzTarPerm modified mode [ 'lib/queue.js', 420, 438 ]
148 silly gunzTarPerm extractEntry lib/to_array.js
149 silly gunzTarPerm modified mode [ 'lib/to_array.js', 420, 438 ]
150 silly gunzTarPerm extractEntry binding.gyp
151 silly gunzTarPerm modified mode [ 'binding.gyp', 420, 438 ]
152 silly gunzTarPerm extractEntry lib/util.js
153 silly gunzTarPerm modified mode [ 'lib/util.js', 420, 438 ]
154 silly gunzTarPerm extractEntry lib/parser/hiredis.js
155 silly gunzTarPerm modified mode [ 'lib/parser/hiredis.js', 420, 438 ]
156 silly gunzTarPerm extractEntry deps/hiredis/.npmignore
157 silly gunzTarPerm modified mode [ 'deps/hiredis/.npmignore', 420, 438 ]
158 silly gunzTarPerm extractEntry deps/hiredis/README.md
159 silly gunzTarPerm modified mode [ 'deps/hiredis/README.md', 420, 438 ]
160 silly gunzTarPerm extractEntry lib/parser/javascript.js
161 silly gunzTarPerm modified mode [ 'lib/parser/javascript.js', 420, 438 ]
162 silly gunzTarPerm extractEntry deps/hiredis/CHANGELOG.md
163 silly gunzTarPerm modified mode [ 'deps/hiredis/CHANGELOG.md', 420, 438 ]
164 silly gunzTarPerm extractEntry deps/hiredis/COPYING
165 silly gunzTarPerm modified mode [ 'deps/hiredis/COPYING', 420, 438 ]
166 silly gunzTarPerm extractEntry deps/hiredis/Makefile
167 silly gunzTarPerm modified mode [ 'deps/hiredis/Makefile', 420, 438 ]
168 silly gunzTarPerm extractEntry deps/hiredis/win32.h
169 silly gunzTarPerm modified mode [ 'deps/hiredis/win32.h', 420, 438 ]
170 silly gunzTarPerm extractEntry deps/hiredis/adapters/ae.h
171 silly gunzTarPerm modified mode [ 'deps/hiredis/adapters/ae.h', 420, 438 ]
172 silly gunzTarPerm extractEntry deps/hiredis/adapters/glib.h
173 silly gunzTarPerm modified mode [ 'deps/hiredis/adapters/glib.h', 420, 438 ]
174 silly gunzTarPerm extractEntry deps/hiredis/adapters/libev.h
175 silly gunzTarPerm modified mode [ 'deps/hiredis/adapters/libev.h', 420, 438 ]
176 silly gunzTarPerm extractEntry deps/hiredis/adapters/libevent.h
177 silly gunzTarPerm modified mode [ 'deps/hiredis/adapters/libevent.h', 420, 438 ]
178 silly gunzTarPerm extractEntry deps/hiredis/adapters/libuv.h
179 silly gunzTarPerm modified mode [ 'deps/hiredis/adapters/libuv.h', 420, 438 ]
180 silly gunzTarPerm extractEntry deps/hiredis/async.c
181 silly gunzTarPerm modified mode [ 'deps/hiredis/async.c', 420, 438 ]
182 silly gunzTarPerm extractEntry deps/hiredis/async.h
183 silly gunzTarPerm modified mode [ 'deps/hiredis/async.h', 420, 438 ]
184 silly gunzTarPerm extractEntry deps/hiredis/dict.c
185 silly gunzTarPerm modified mode [ 'deps/hiredis/dict.c', 420, 438 ]
186 silly gunzTarPerm extractEntry deps/hiredis/dict.h
187 silly gunzTarPerm modified mode [ 'deps/hiredis/dict.h', 420, 438 ]
188 silly gunzTarPerm extractEntry deps/hiredis/.travis.yml
189 silly gunzTarPerm modified mode [ 'deps/hiredis/.travis.yml', 420, 438 ]
190 silly gunzTarPerm extractEntry deps/hiredis/fmacros.h
191 silly gunzTarPerm modified mode [ 'deps/hiredis/fmacros.h', 420, 438 ]
192 silly gunzTarPerm extractEntry deps/hiredis/hiredis.c
193 silly gunzTarPerm modified mode [ 'deps/hiredis/hiredis.c', 420, 438 ]
194 silly gunzTarPerm extractEntry deps/hiredis/hiredis.h
195 silly gunzTarPerm modified mode [ 'deps/hiredis/hiredis.h', 420, 438 ]
196 silly gunzTarPerm extractEntry deps/hiredis/net.c
197 silly gunzTarPerm modified mode [ 'deps/hiredis/net.c', 420, 438 ]
198 silly gunzTarPerm extractEntry deps/hiredis/net.h
199 silly gunzTarPerm modified mode [ 'deps/hiredis/net.h', 420, 438 ]
200 verbose write writing to C:\Users\2015\Desktop\send and save\node_modules\redis\package.json
201 info preinstall redis@0.12.1
202 verbose readDependencies loading dependencies from C:\Users\2015\Desktop\send and save\node_modules\redis\package.json
203 silly gunzTarPerm extractEntry deps/hiredis/read.c
204 silly gunzTarPerm modified mode [ 'deps/hiredis/read.c', 420, 438 ]
205 silly gunzTarPerm extractEntry deps/hiredis/read.h
206 silly gunzTarPerm modified mode [ 'deps/hiredis/read.h', 420, 438 ]
207 verbose readDependencies loading dependencies from C:\Users\2015\Desktop\send and save\node_modules\redis\package.json
208 silly gunzTarPerm extractEntry deps/hiredis/sds.c
209 silly gunzTarPerm modified mode [ 'deps/hiredis/sds.c', 420, 438 ]
210 silly gunzTarPerm extractEntry deps/hiredis/sds.h
211 silly gunzTarPerm modified mode [ 'deps/hiredis/sds.h', 420, 438 ]
212 silly install resolved []
213 verbose about to build C:\Users\2015\Desktop\send and save\node_modules\redis
214 info build C:\Users\2015\Desktop\send and save\node_modules\redis
215 info linkStuff redis@0.12.1
216 silly linkStuff redis@0.12.1 has C:\Users\2015\Desktop\send and save\node_modules as its parent node_modules
217 silly gunzTarPerm extractEntry deps/hiredis/test.c
218 silly gunzTarPerm modified mode [ 'deps/hiredis/test.c', 420, 438 ]
219 silly gunzTarPerm extractEntry deps/hiredis/examples/example-ae.c
220 silly gunzTarPerm modified mode [ 'deps/hiredis/examples/example-ae.c', 420, 438 ]
221 verbose linkBins redis@0.12.1
222 verbose linkMans redis@0.12.1
223 verbose rebuildBundles redis@0.12.1
224 info install redis@0.12.1
225 info postinstall redis@0.12.1
226 verbose unlock done using C:\Users\2015\AppData\Roaming\npm-cache\_locks\redis-27df31485e772634.lock for C:\Users\2015\Desktop\send and save\node_modules\redis
227 silly gunzTarPerm extractEntry deps/hiredis/examples/example-glib.c
228 silly gunzTarPerm modified mode [ 'deps/hiredis/examples/example-glib.c', 420, 438 ]
229 silly gunzTarPerm extractEntry deps/hiredis/examples/example-libev.c
230 silly gunzTarPerm modified mode [ 'deps/hiredis/examples/example-libev.c', 420, 438 ]
231 silly gunzTarPerm extractEntry deps/hiredis/examples/example-libevent.c
232 silly gunzTarPerm modified mode [ 'deps/hiredis/examples/example-libevent.c', 420, 438 ]
233 silly gunzTarPerm extractEntry deps/hiredis/examples/example-libuv.c
234 silly gunzTarPerm modified mode [ 'deps/hiredis/examples/example-libuv.c', 420, 438 ]
235 silly gunzTarPerm extractEntry deps/hiredis/examples/example.c
236 silly gunzTarPerm modified mode [ 'deps/hiredis/examples/example.c', 420, 438 ]
237 silly gunzTarPerm extractEntry deps/hiredis.gyp
238 silly gunzTarPerm modified mode [ 'deps/hiredis.gyp', 420, 438 ]
239 silly gunzTarPerm extractEntry .travis.yml
240 silly gunzTarPerm modified mode [ '.travis.yml', 420, 438 ]
241 silly gunzTarPerm extractEntry src/hiredis.cc
242 silly gunzTarPerm modified mode [ 'src/hiredis.cc', 420, 438 ]
243 silly gunzTarPerm extractEntry src/reader.cc
244 silly gunzTarPerm modified mode [ 'src/reader.cc', 420, 438 ]
245 silly gunzTarPerm extractEntry src/reader.h
246 silly gunzTarPerm modified mode [ 'src/reader.h', 420, 438 ]
247 silly gunzTarPerm extractEntry CHANGELOG.md
248 silly gunzTarPerm modified mode [ 'CHANGELOG.md', 420, 438 ]
249 silly gunzTarPerm extractEntry run-all.sh
250 silly gunzTarPerm modified mode [ 'run-all.sh', 493, 511 ]
251 silly gunzTarPerm extractEntry test/reader.js
252 silly gunzTarPerm modified mode [ 'test/reader.js', 420, 438 ]
253 silly gunzTarPerm extractEntry test/testlib.js
254 silly gunzTarPerm modified mode [ 'test/testlib.js', 420, 438 ]
255 silly gunzTarPerm extractEntry test/writer.js
256 silly gunzTarPerm modified mode [ 'test/writer.js', 420, 438 ]
257 verbose write writing to C:\Users\2015\Desktop\send and save\node_modules\hiredis\package.json
258 info preinstall hiredis@0.4.0
259 verbose readDependencies loading dependencies from C:\Users\2015\Desktop\send and save\node_modules\hiredis\package.json
260 silly prepareForInstallMany adding bindings@* from hiredis dependencies
261 silly prepareForInstallMany adding nan@^1.8.4 from hiredis dependencies
262 verbose readDependencies loading dependencies from C:\Users\2015\Desktop\send and save\node_modules\hiredis\package.json
263 silly cache add args [ 'bindings@*', null ]
264 verbose cache add spec bindings@*
265 silly cache add args [ 'nan@^1.8.4', null ]
266 verbose cache add spec nan@^1.8.4
267 silly cache add parsed spec { raw: 'bindings@*',
267 silly cache add   scope: null,
267 silly cache add   name: 'bindings',
267 silly cache add   rawSpec: '*',
267 silly cache add   spec: '*',
267 silly cache add   type: 'range' }
268 silly addNamed bindings@*
269 verbose addNamed "*" is a valid semver range for bindings
270 silly addNameRange { name: 'bindings', range: '*', hasData: false }
271 silly mapToRegistry name bindings
272 silly mapToRegistry using default registry
273 silly mapToRegistry registry https://registry.npmjs.org/
274 silly mapToRegistry uri https://registry.npmjs.org/bindings
275 verbose addNameRange registry:https://registry.npmjs.org/bindings not in flight; fetching
276 silly cache add parsed spec { raw: 'nan@^1.8.4',
276 silly cache add   scope: null,
276 silly cache add   name: 'nan',
276 silly cache add   rawSpec: '^1.8.4',
276 silly cache add   spec: '>=1.8.4 <2.0.0',
276 silly cache add   type: 'range' }
277 silly addNamed nan@>=1.8.4 <2.0.0
278 verbose addNamed ">=1.8.4 <2.0.0" is a valid semver range for nan
279 silly addNameRange { name: 'nan', range: '>=1.8.4 <2.0.0', hasData: false }
280 silly mapToRegistry name nan
281 silly mapToRegistry using default registry
282 silly mapToRegistry registry https://registry.npmjs.org/
283 silly mapToRegistry uri https://registry.npmjs.org/nan
284 verbose addNameRange registry:https://registry.npmjs.org/nan not in flight; fetching
285 verbose request uri https://registry.npmjs.org/nan
286 verbose request no auth needed
287 info attempt registry request try #1 at 08:55:37
288 verbose etag "9T2TEINHQE1CYR42PWQNCEY3X"
289 http request GET https://registry.npmjs.org/nan
290 verbose request uri https://registry.npmjs.org/bindings
291 verbose request no auth needed
292 info attempt registry request try #1 at 08:55:37
293 verbose etag "BCS5XYG9ISNJFNKEL5FLOI5HX"
294 http request GET https://registry.npmjs.org/bindings
295 http 304 https://registry.npmjs.org/nan
296 silly get cb [ 304,
296 silly get   { date: 'Thu, 16 Jul 2015 00:55:15 GMT',
296 silly get     via: '1.1 varnish',
296 silly get     'cache-control': 'max-age=60',
296 silly get     etag: '"9T2TEINHQE1CYR42PWQNCEY3X"',
296 silly get     age: '43',
296 silly get     connection: 'keep-alive',
296 silly get     'x-served-by': 'cache-lax1424-LAX',
296 silly get     'x-cache': 'HIT',
296 silly get     'x-cache-hits': '2',
296 silly get     'x-timer': 'S1437008115.371834,VS0,VE0',
296 silly get     vary: 'Accept' } ]
297 verbose etag https://registry.npmjs.org/nan from cache
298 verbose get saving nan to C:\Users\2015\AppData\Roaming\npm-cache\registry.npmjs.org\nan\.cache.json
299 http 304 https://registry.npmjs.org/bindings
300 silly get cb [ 304,
300 silly get   { date: 'Thu, 16 Jul 2015 00:55:15 GMT',
300 silly get     via: '1.1 varnish',
300 silly get     'cache-control': 'max-age=60',
300 silly get     etag: '"BCS5XYG9ISNJFNKEL5FLOI5HX"',
300 silly get     age: '9',
300 silly get     connection: 'keep-alive',
300 silly get     'x-served-by': 'cache-lax1435-LAX',
300 silly get     'x-cache': 'HIT',
300 silly get     'x-cache-hits': '1',
300 silly get     'x-timer': 'S1437008115.371472,VS0,VE0',
300 silly get     vary: 'Accept' } ]
301 verbose etag https://registry.npmjs.org/bindings from cache
302 verbose get saving bindings to C:\Users\2015\AppData\Roaming\npm-cache\registry.npmjs.org\bindings\.cache.json
303 silly addNameRange number 2 { name: 'bindings', range: '*', hasData: true }
304 silly addNameRange versions [ 'bindings',
304 silly addNameRange   [ '0.0.1',
304 silly addNameRange     '0.1.0',
304 silly addNameRange     '0.1.1',
304 silly addNameRange     '0.2.0',
304 silly addNameRange     '0.2.1',
304 silly addNameRange     '0.2.2',
304 silly addNameRange     '0.2.3',
304 silly addNameRange     '0.2.4',
304 silly addNameRange     '0.3.0',
304 silly addNameRange     '0.4.0',
304 silly addNameRange     '1.0.0',
304 silly addNameRange     '1.1.0',
304 silly addNameRange     '1.1.1',
304 silly addNameRange     '1.2.0',
304 silly addNameRange     '1.2.1' ] ]
305 silly addNamed bindings@1.2.1
306 verbose addNamed "1.2.1" is a plain semver version for bindings
307 silly addNameRange number 2 { name: 'nan', range: '>=1.8.4 <2.0.0', hasData: true }
308 silly addNameRange versions [ 'nan',
308 silly addNameRange   [ '0.3.0-wip',
308 silly addNameRange     '0.3.0-wip2',
308 silly addNameRange     '0.3.0',
308 silly addNameRange     '0.3.1',
308 silly addNameRange     '0.3.2',
308 silly addNameRange     '0.4.0',
308 silly addNameRange     '0.4.1',
308 silly addNameRange     '0.4.2',
308 silly addNameRange     '0.4.3',
308 silly addNameRange     '0.4.4',
308 silly addNameRange     '0.5.0',
308 silly addNameRange     '0.5.1',
308 silly addNameRange     '0.5.2',
308 silly addNameRange     '0.6.0',
308 silly addNameRange     '0.7.0',
308 silly addNameRange     '0.7.1',
308 silly addNameRange     '0.8.0',
308 silly addNameRange     '1.0.0',
308 silly addNameRange     '1.1.0',
308 silly addNameRange     '1.1.1',
308 silly addNameRange     '1.1.2',
308 silly addNameRange     '1.2.0',
308 silly addNameRange     '1.3.0',
308 silly addNameRange     '1.4.0',
308 silly addNameRange     '1.4.1',
308 silly addNameRange     '1.5.0',
308 silly addNameRange     '1.4.2',
308 silly addNameRange     '1.4.3',
308 silly addNameRange     '1.5.1',
308 silly addNameRange     '1.5.2',
308 silly addNameRange     '1.6.0',
308 silly addNameRange     '1.5.3',
308 silly addNameRange     '1.6.1',
308 silly addNameRange     '1.6.2',
308 silly addNameRange     '1.7.0',
308 silly addNameRange     '1.8.0',
308 silly addNameRange     '1.8.1',
308 silly addNameRange     '1.8.2',
308 silly addNameRange     '1.8.3',
308 silly addNameRange     '1.8.4' ] ]
309 silly addNamed nan@1.8.4
310 verbose addNamed "1.8.4" is a plain semver version for nan
311 silly cache afterAdd bindings@1.2.1
312 verbose afterAdd C:\Users\2015\AppData\Roaming\npm-cache\bindings\1.2.1\package\package.json not in flight; writing
313 silly cache afterAdd nan@1.8.4
314 verbose afterAdd C:\Users\2015\AppData\Roaming\npm-cache\nan\1.8.4\package\package.json not in flight; writing
315 verbose afterAdd C:\Users\2015\AppData\Roaming\npm-cache\bindings\1.2.1\package\package.json written
316 verbose afterAdd C:\Users\2015\AppData\Roaming\npm-cache\nan\1.8.4\package\package.json written
317 silly install resolved [ { name: 'bindings',
317 silly install resolved     description: 'Helper module for loading your native module\'s .node file',
317 silly install resolved     keywords: [ 'native', 'addon', 'bindings', 'gyp', 'waf', 'c', 'c++' ],
317 silly install resolved     version: '1.2.1',
317 silly install resolved     author:
317 silly install resolved      { name: 'Nathan Rajlich',
317 silly install resolved        email: 'nathan@tootallnate.net',
317 silly install resolved        url: 'http://tootallnate.net' },
317 silly install resolved     repository:
317 silly install resolved      { type: 'git',
317 silly install resolved        url: 'git://github.com/TooTallNate/node-bindings.git' },
317 silly install resolved     main: './bindings.js',
317 silly install resolved     bugs: { url: 'https://github.com/TooTallNate/node-bindings/issues' },
317 silly install resolved     homepage: 'https://github.com/TooTallNate/node-bindings',
317 silly install resolved     license: 'MIT',
317 silly install resolved     gitHead: 'e404152ee27f8478ccbc7122ee051246e8e5ec02',
317 silly install resolved     _id: 'bindings@1.2.1',
317 silly install resolved     scripts: {},
317 silly install resolved     _shasum: '14ad6113812d2d37d72e67b4cacb4bb726505f11',
317 silly install resolved     _from: 'bindings@*',
317 silly install resolved     _npmVersion: '1.4.14',
317 silly install resolved     _npmUser: { name: 'tootallnate', email: 'nathan@tootallnate.net' },
317 silly install resolved     maintainers: [ [Object], [Object] ],
317 silly install resolved     dist:
317 silly install resolved      { shasum: '14ad6113812d2d37d72e67b4cacb4bb726505f11',
317 silly install resolved        tarball: 'http://registry.npmjs.org/bindings/-/bindings-1.2.1.tgz' },
317 silly install resolved     directories: {},
317 silly install resolved     _resolved: 'https://registry.npmjs.org/bindings/-/bindings-1.2.1.tgz',
317 silly install resolved     readme: 'ERROR: No README data found!' },
317 silly install resolved   { name: 'nan',
317 silly install resolved     version: '1.8.4',
317 silly install resolved     description: 'Native Abstractions for Node.js: C++ header for Node 0.8->0.12 compatibility',
317 silly install resolved     main: 'include_dirs.js',
317 silly install resolved     repository: { type: 'git', url: 'git://github.com/iojs/nan.git' },
317 silly install resolved     scripts:
317 silly install resolved      { test: 'tap --gc test/js/*-test.js',
317 silly install resolved        'rebuild-tests': 'pangyp rebuild --directory test' },
317 silly install resolved     contributors:
317 silly install resolved      [ [Object],
317 silly install resolved        [Object],
317 silly install resolved        [Object],
317 silly install resolved        [Object],
317 silly install resolved        [Object],
317 silly install resolved        [Object],
317 silly install resolved        [Object] ],
317 silly install resolved     devDependencies:
317 silly install resolved      { bindings: '~1.2.1',
317 silly install resolved        'node-gyp': '~1.0.2',
317 silly install resolved        pangyp: '~2.0.1',
317 silly install resolved        tap: '~0.7.1',
317 silly install resolved        xtend: '~4.0.0' },
317 silly install resolved     license: 'MIT',
317 silly install resolved     gitHead: 'ed3bbf4ced0cf7937b4e4164766797f71aa97f3d',
317 silly install resolved     bugs: { url: 'https://github.com/iojs/nan/issues' },
317 silly install resolved     homepage: 'https://github.com/iojs/nan#readme',
317 silly install resolved     _id: 'nan@1.8.4',
317 silly install resolved     _shasum: '3c76b5382eab33e44b758d2813ca9d92e9342f34',
317 silly install resolved     _from: 'nan@>=1.8.4 <2.0.0',
317 silly install resolved     _npmVersion: '2.8.3',
317 silly install resolved     _nodeVersion: '0.12.2',
317 silly install resolved     _npmUser: { name: 'kkoopa', email: 'bbyholm@abo.fi' },
317 silly install resolved     maintainers: [ [Object], [Object] ],
317 silly install resolved     dist:
317 silly install resolved      { shasum: '3c76b5382eab33e44b758d2813ca9d92e9342f34',
317 silly install resolved        tarball: 'http://registry.npmjs.org/nan/-/nan-1.8.4.tgz' },
317 silly install resolved     directories: {},
317 silly install resolved     _resolved: 'https://registry.npmjs.org/nan/-/nan-1.8.4.tgz',
317 silly install resolved     readme: 'ERROR: No README data found!' } ]
318 info install bindings@1.2.1 into C:\Users\2015\Desktop\send and save\node_modules\hiredis
319 info install nan@1.8.4 into C:\Users\2015\Desktop\send and save\node_modules\hiredis
320 info installOne bindings@1.2.1
321 verbose installOne of bindings to C:\Users\2015\Desktop\send and save\node_modules\hiredis not in flight; installing
322 info installOne nan@1.8.4
323 verbose installOne of nan to C:\Users\2015\Desktop\send and save\node_modules\hiredis not in flight; installing
324 verbose lock using C:\Users\2015\AppData\Roaming\npm-cache\_locks\bindings-f2fb168588f714e1.lock for C:\Users\2015\Desktop\send and save\node_modules\hiredis\node_modules\bindings
325 verbose lock using C:\Users\2015\AppData\Roaming\npm-cache\_locks\nan-b13b6c58403602ba.lock for C:\Users\2015\Desktop\send and save\node_modules\hiredis\node_modules\nan
326 silly install write writing bindings 1.2.1 to C:\Users\2015\Desktop\send and save\node_modules\hiredis\node_modules\bindings
327 silly install write writing nan 1.8.4 to C:\Users\2015\Desktop\send and save\node_modules\hiredis\node_modules\nan
328 verbose unbuild node_modules\hiredis\node_modules\bindings
329 verbose unbuild node_modules\hiredis\node_modules\nan
330 silly gentlyRm C:\Users\2015\Desktop\send and save\node_modules\hiredis\node_modules\bindings is being purged from base C:\Users\2015\Desktop\send and save
331 verbose gentlyRm don't care about contents; nuking C:\Users\2015\Desktop\send and save\node_modules\hiredis\node_modules\bindings
332 silly gentlyRm C:\Users\2015\Desktop\send and save\node_modules\hiredis\node_modules\nan is being purged from base C:\Users\2015\Desktop\send and save
333 verbose gentlyRm don't care about contents; nuking C:\Users\2015\Desktop\send and save\node_modules\hiredis\node_modules\nan
334 verbose tar unpack C:\Users\2015\AppData\Roaming\npm-cache\bindings\1.2.1\package.tgz
335 verbose tar unpacking to C:\Users\2015\Desktop\send and save\node_modules\hiredis\node_modules\bindings
336 silly gentlyRm C:\Users\2015\Desktop\send and save\node_modules\hiredis\node_modules\bindings is being purged
337 verbose gentlyRm don't care about contents; nuking C:\Users\2015\Desktop\send and save\node_modules\hiredis\node_modules\bindings
338 verbose tar unpack C:\Users\2015\AppData\Roaming\npm-cache\nan\1.8.4\package.tgz
339 verbose tar unpacking to C:\Users\2015\Desktop\send and save\node_modules\hiredis\node_modules\nan
340 silly gentlyRm C:\Users\2015\Desktop\send and save\node_modules\hiredis\node_modules\nan is being purged
341 verbose gentlyRm don't care about contents; nuking C:\Users\2015\Desktop\send and save\node_modules\hiredis\node_modules\nan
342 silly gunzTarPerm modes [ '777', '666' ]
343 silly gunzTarPerm modes [ '777', '666' ]
344 silly gunzTarPerm extractEntry package.json
345 silly gunzTarPerm modified mode [ 'package.json', 436, 438 ]
346 silly gunzTarPerm extractEntry README.md
347 silly gunzTarPerm modified mode [ 'README.md', 436, 438 ]
348 silly gunzTarPerm extractEntry package.json
349 silly gunzTarPerm modified mode [ 'package.json', 420, 438 ]
350 silly gunzTarPerm extractEntry include_dirs.js
351 silly gunzTarPerm modified mode [ 'include_dirs.js', 436, 438 ]
352 silly gunzTarPerm extractEntry README.md
353 silly gunzTarPerm modified mode [ 'README.md', 420, 438 ]
354 silly gunzTarPerm extractEntry bindings.js
355 silly gunzTarPerm modified mode [ 'bindings.js', 420, 438 ]
356 silly gunzTarPerm extractEntry LICENSE.md
357 silly gunzTarPerm modified mode [ 'LICENSE.md', 436, 438 ]
358 silly gunzTarPerm extractEntry .dntrc
359 silly gunzTarPerm modified mode [ '.dntrc', 436, 438 ]
360 silly gunzTarPerm extractEntry appveyor.yml
361 silly gunzTarPerm modified mode [ 'appveyor.yml', 436, 438 ]
362 silly gunzTarPerm extractEntry nan.h
363 silly gunzTarPerm modified mode [ 'nan.h', 436, 438 ]
364 verbose write writing to C:\Users\2015\Desktop\send and save\node_modules\hiredis\node_modules\bindings\package.json
365 silly gunzTarPerm extractEntry nan_implementation_12_inl.h
366 silly gunzTarPerm modified mode [ 'nan_implementation_12_inl.h', 436, 438 ]
367 info preinstall bindings@1.2.1
368 verbose readDependencies loading dependencies from C:\Users\2015\Desktop\send and save\node_modules\hiredis\node_modules\bindings\package.json
369 verbose readDependencies loading dependencies from C:\Users\2015\Desktop\send and save\node_modules\hiredis\node_modules\bindings\package.json
370 silly gunzTarPerm extractEntry nan_implementation_pre_12_inl.h
371 silly gunzTarPerm modified mode [ 'nan_implementation_pre_12_inl.h', 436, 438 ]
372 silly install resolved []
373 verbose about to build C:\Users\2015\Desktop\send and save\node_modules\hiredis\node_modules\bindings
374 info build C:\Users\2015\Desktop\send and save\node_modules\hiredis\node_modules\bindings
375 info linkStuff bindings@1.2.1
376 silly linkStuff bindings@1.2.1 has C:\Users\2015\Desktop\send and save\node_modules\hiredis\node_modules as its parent node_modules
377 silly gunzTarPerm extractEntry nan_new.h
378 silly gunzTarPerm modified mode [ 'nan_new.h', 436, 438 ]
379 silly gunzTarPerm extractEntry nan_string_bytes.h
380 silly gunzTarPerm modified mode [ 'nan_string_bytes.h', 436, 438 ]
381 verbose linkBins bindings@1.2.1
382 verbose linkMans bindings@1.2.1
383 verbose rebuildBundles bindings@1.2.1
384 info install bindings@1.2.1
385 info postinstall bindings@1.2.1
386 silly gunzTarPerm extractEntry CHANGELOG.md
387 silly gunzTarPerm modified mode [ 'CHANGELOG.md', 436, 438 ]
388 verbose unlock done using C:\Users\2015\AppData\Roaming\npm-cache\_locks\bindings-f2fb168588f714e1.lock for C:\Users\2015\Desktop\send and save\node_modules\hiredis\node_modules\bindings
389 verbose write writing to C:\Users\2015\Desktop\send and save\node_modules\hiredis\node_modules\nan\package.json
390 info preinstall nan@1.8.4
391 verbose readDependencies loading dependencies from C:\Users\2015\Desktop\send and save\node_modules\hiredis\node_modules\nan\package.json
392 verbose readDependencies loading dependencies from C:\Users\2015\Desktop\send and save\node_modules\hiredis\node_modules\nan\package.json
393 silly install resolved []
394 verbose about to build C:\Users\2015\Desktop\send and save\node_modules\hiredis\node_modules\nan
395 info build C:\Users\2015\Desktop\send and save\node_modules\hiredis\node_modules\nan
396 info linkStuff nan@1.8.4
397 silly linkStuff nan@1.8.4 has C:\Users\2015\Desktop\send and save\node_modules\hiredis\node_modules as its parent node_modules
398 verbose linkBins nan@1.8.4
399 verbose linkMans nan@1.8.4
400 verbose rebuildBundles nan@1.8.4
401 info install nan@1.8.4
402 info postinstall nan@1.8.4
403 verbose unlock done using C:\Users\2015\AppData\Roaming\npm-cache\_locks\nan-b13b6c58403602ba.lock for C:\Users\2015\Desktop\send and save\node_modules\hiredis\node_modules\nan
404 verbose about to build C:\Users\2015\Desktop\send and save\node_modules\hiredis
405 info build C:\Users\2015\Desktop\send and save\node_modules\hiredis
406 info linkStuff hiredis@0.4.0
407 silly linkStuff hiredis@0.4.0 has C:\Users\2015\Desktop\send and save\node_modules as its parent node_modules
408 verbose linkBins hiredis@0.4.0
409 verbose linkMans hiredis@0.4.0
410 verbose rebuildBundles hiredis@0.4.0
411 verbose rebuildBundles [ 'bindings', 'nan' ]
412 info install hiredis@0.4.0
413 verbose unsafe-perm in lifecycle true
414 info hiredis@0.4.0 Failed to exec install script
415 verbose unlock done using C:\Users\2015\AppData\Roaming\npm-cache\_locks\hiredis-06c0e0c1ea0f1c9e.lock for C:\Users\2015\Desktop\send and save\node_modules\hiredis
416 verbose stack Error: hiredis@0.4.0 install: `node-gyp rebuild`
416 verbose stack Exit status 1
416 verbose stack     at EventEmitter.<anonymous> (C:\Program Files\nodejs\node_modules\npm\lib\utils\lifecycle.js:213:16)
416 verbose stack     at EventEmitter.emit (events.js:110:17)
416 verbose stack     at ChildProcess.<anonymous> (C:\Program Files\nodejs\node_modules\npm\lib\utils\spawn.js:24:14)
416 verbose stack     at ChildProcess.emit (events.js:110:17)
416 verbose stack     at maybeClose (child_process.js:1015:16)
416 verbose stack     at Process.ChildProcess._handle.onexit (child_process.js:1087:5)
417 verbose pkgid hiredis@0.4.0
418 verbose cwd C:\Users\2015\Desktop\send and save
419 error Windows_NT 6.3.9600
420 error argv "C:\\Program Files\\nodejs\\\\node.exe" "C:\\Program Files\\nodejs\\node_modules\\npm\\bin\\npm-cli.js" "install" "hiredis" "redis"
421 error node v0.12.4
422 error npm  v2.10.1
423 error code ELIFECYCLE
424 error hiredis@0.4.0 install: `node-gyp rebuild`
424 error Exit status 1
425 error Failed at the hiredis@0.4.0 install script 'node-gyp rebuild'.
425 error This is most likely a problem with the hiredis package,
425 error not with npm itself.
425 error Tell the author that this fails on your system:
425 error     node-gyp rebuild
425 error You can get their info via:
425 error     npm owner ls hiredis
425 error There is likely additional logging output above.
426 verbose exit [ 1, true ]
427 verbose unbuild node_modules\hiredis
428 info preuninstall hiredis@0.4.0
429 info uninstall hiredis@0.4.0
430 verbose unbuild rmStuff hiredis@0.4.0 from C:\Users\2015\Desktop\send and save\node_modules
431 info postuninstall hiredis@0.4.0
432 silly gentlyRm C:\Users\2015\Desktop\send and save\node_modules\hiredis is being purged from base C:\Users\2015\Desktop\send and save
433 verbose gentlyRm don't care about contents; nuking C:\Users\2015\Desktop\send and save\node_modules\hiredis
434 silly vacuum-fs purging C:\Users\2015\Desktop\send and save\node_modules\hiredis
435 silly vacuum-fs quitting because other entries in C:\Users\2015\Desktop\send and save\node_modules
